This file contains any messages produced by compilers while
running configure, to aid debugging if configure makes a mistake.

It was created by OpenModelica Exported FMU configure dev, which was
generated by GNU Autoconf 2.69.  Invocation command line was

  $ ./configure --host=i386-apple-darwin15 CFLAGS=-Os -flto LDFLAGS=-flto

## --------- ##
## Platform. ##
## --------- ##

hostname = test
uname -m = x86_64
uname -r = 3.13.0-100-generic
uname -s = Linux
uname -v = #147-Ubuntu SMP Tue Oct 18 16:48:51 UTC 2016

/usr/bin/uname -p = unknown
/bin/uname -X     = unknown

/bin/arch              = unknown
/usr/bin/arch -k       = unknown
/usr/convex/getsysinfo = unknown
/usr/bin/hostinfo      = unknown
/bin/machine           = unknown
/usr/bin/oslevel       = unknown
/bin/universe          = unknown

PATH: /var/lib/hudson/fmucheck
PATH: /var/lib/hudson/osxcross/target/bin
PATH: /usr/local/bin
PATH: /usr/bin
PATH: /bin
PATH: /usr/local/games
PATH: /usr/games


## ----------- ##
## Core tests. ##
## ----------- ##

configure:2133: checking build system type
configure:2147: result: x86_64-unknown-linux-gnu
configure:2167: checking host system type
configure:2180: result: i386-apple-darwin15
configure:2200: checking target system type
configure:2213: result: i386-apple-darwin15
configure:2266: checking for i386-apple-darwin15-gcc
configure:2296: result: no
configure:2306: checking for gcc
configure:2322: found /usr/bin/gcc
configure:2333: result: gcc
configure:2562: checking for C compiler version
configure:2571: gcc --version >&5
gcc (Ubuntu 4.8.4-2ubuntu1~14.04.3) 4.8.4
Copyright (C) 2013 Free Software Foundation, Inc.
This is free software; see the source for copying conditions.  There is NO
warranty; not even for MERCHANTABILITY or FITNESS FOR A PARTICULAR PURPOSE.

configure:2582: $? = 0
configure:2571: gcc -v >&5
Using built-in specs.
COLLECT_GCC=gcc
COLLECT_LTO_WRAPPER=/usr/lib/gcc/x86_64-linux-gnu/4.8/lto-wrapper
Target: x86_64-linux-gnu
Configured with: ../src/configure -v --with-pkgversion='Ubuntu 4.8.4-2ubuntu1~14.04.3' --with-bugurl=file:///usr/share/doc/gcc-4.8/README.Bugs --enable-languages=c,c++,java,go,d,fortran,objc,obj-c++ --prefix=/usr --program-suffix=-4.8 --enable-shared --enable-linker-build-id --libexecdir=/usr/lib --without-included-gettext --enable-threads=posix --with-gxx-include-dir=/usr/include/c++/4.8 --libdir=/usr/lib --enable-nls --with-sysroot=/ --enable-clocale=gnu --enable-libstdcxx-debug --enable-libstdcxx-time=yes --enable-gnu-unique-object --disable-libmudflap --enable-plugin --with-system-zlib --disable-browser-plugin --enable-java-awt=gtk --enable-gtk-cairo --with-java-home=/usr/lib/jvm/java-1.5.0-gcj-4.8-amd64/jre --enable-java-home --with-jvm-root-dir=/usr/lib/jvm/java-1.5.0-gcj-4.8-amd64 --with-jvm-jar-dir=/usr/lib/jvm-exports/java-1.5.0-gcj-4.8-amd64 --with-arch-directory=amd64 --with-ecj-jar=/usr/share/java/eclipse-ecj.jar --enable-objc-gc --enable-multiarch --disable-werror --with-arch-32=i686 --with-abi=m64 --with-multilib-list=m32,m64,mx32 --with-tune=generic --enable-checking=release --build=x86_64-linux-gnu --host=x86_64-linux-gnu --target=x86_64-linux-gnu
Thread model: posix
gcc version 4.8.4 (Ubuntu 4.8.4-2ubuntu1~14.04.3) 
configure:2582: $? = 0
configure:2571: gcc -V >&5
gcc: error: unrecognized command line option '-V'
gcc: fatal error: no input files
compilation terminated.
configure:2582: $? = 4
configure:2571: gcc -qversion >&5
gcc: error: unrecognized command line option '-qversion'
gcc: fatal error: no input files
compilation terminated.
configure:2582: $? = 4
configure:2602: checking whether the C compiler works
configure:2624: gcc -Os -flto  -flto conftest.c  >&5
configure:2628: $? = 0
configure:2676: result: yes
configure:2679: checking for C compiler default output file name
configure:2681: result: a.out
configure:2687: checking for suffix of executables
configure:2694: gcc -o conftest -Os -flto  -flto conftest.c  >&5
configure:2698: $? = 0
configure:2720: result: 
configure:2742: checking whether we are cross compiling
configure:2750: gcc -o conftest -Os -flto  -flto conftest.c  >&5
configure:2754: $? = 0
configure:2761: ./conftest
configure:2765: $? = 0
configure:2780: result: no
configure:2785: checking for suffix of object files
configure:2807: gcc -c -Os -flto  conftest.c >&5
configure:2811: $? = 0
configure:2832: result: o
configure:2836: checking whether we are using the GNU C compiler
configure:2855: gcc -c -Os -flto  conftest.c >&5
configure:2855: $? = 0
configure:2864: result: yes
configure:2873: checking whether gcc accepts -g
configure:2893: gcc -c -g  conftest.c >&5
configure:2893: $? = 0
configure:2934: result: yes
configure:2951: checking for gcc option to accept ISO C89
configure:3014: gcc  -c -Os -flto  conftest.c >&5
configure:3014: $? = 0
configure:3027: result: none needed
configure:3052: checking how to run the C preprocessor
configure:3083: gcc -E  conftest.c
configure:3083: $? = 0
configure:3097: gcc -E  conftest.c
conftest.c:9:28: fatal error: ac_nonexistent.h: No such file or directory
 #include <ac_nonexistent.h>
                            ^
compilation terminated.
configure:3097: $? = 1
configure: failed program was:
| /* confdefs.h */
| #define PACKAGE_NAME "OpenModelica Exported FMU"
| #define PACKAGE_TARNAME "openmodelica"
| #define PACKAGE_VERSION "dev"
| #define PACKAGE_STRING "OpenModelica Exported FMU dev"
| #define PACKAGE_BUGREPORT "https://trac.openmodelica.org/OpenModelica"
| #define PACKAGE_URL "https://openmodelica.org"
| /* end confdefs.h.  */
| #include <ac_nonexistent.h>
configure:3122: result: gcc -E
configure:3142: gcc -E  conftest.c
configure:3142: $? = 0
configure:3156: gcc -E  conftest.c
conftest.c:9:28: fatal error: ac_nonexistent.h: No such file or directory
 #include <ac_nonexistent.h>
                            ^
compilation terminated.
configure:3156: $? = 1
configure: failed program was:
| /* confdefs.h */
| #define PACKAGE_NAME "OpenModelica Exported FMU"
| #define PACKAGE_TARNAME "openmodelica"
| #define PACKAGE_VERSION "dev"
| #define PACKAGE_STRING "OpenModelica Exported FMU dev"
| #define PACKAGE_BUGREPORT "https://trac.openmodelica.org/OpenModelica"
| #define PACKAGE_URL "https://openmodelica.org"
| /* end confdefs.h.  */
| #include <ac_nonexistent.h>
configure:3184: checking whether make sets $(MAKE)
configure:3206: result: yes
configure:3216: checking for cross-compilation flags
configure:3293: i386-apple-darwin15-cc -o conftest -Os -flto  -flto conftest.c  >&5
configure:3293: $? = 0
configure:3294: result: i386-apple-darwin15-cc -Os -flto
configure:3332: checking if -Werror works
configure:3345: i386-apple-darwin15-cc -o conftest -Os -flto -Werror  -flto conftest.c  >&5
configure:3345: $? = 0
configure:3346: result: ok
configure:3357: checking looking for --no-undefined
configure:3370: i386-apple-darwin15-cc -o conftest -Os -flto  -flto -Wl,--no-undefined -Werror conftest.c  >&5
ld: unknown option: --no-undefined
clang: error: linker command failed with exit code 1 (use -v to see invocation)
configure:3370: $? = 1
configure: failed program was:
| /* confdefs.h */
| #define PACKAGE_NAME "OpenModelica Exported FMU"
| #define PACKAGE_TARNAME "openmodelica"
| #define PACKAGE_VERSION "dev"
| #define PACKAGE_STRING "OpenModelica Exported FMU dev"
| #define PACKAGE_BUGREPORT "https://trac.openmodelica.org/OpenModelica"
| #define PACKAGE_URL "https://openmodelica.org"
| /* end confdefs.h.  */
| void abc() {}
| int
| main ()
| {
| abc();
|   ;
|   return 0;
| }
configure:3374: result: no
configure:3382: checking looking for dollars in identifiers
configure:3398: i386-apple-darwin15-cc -o conftest -Os -flto  -flto conftest.c  >&5
conftest.c:10:7: error: expected identifier or '('
void () {}
      ^
conftest.c:11:10: error: macro name missing
#define  
         ^
conftest.c:16:2: error: expected expression
();
 ^
3 errors generated.
configure:3398: $? = 1
configure: failed program was:
| /* confdefs.h */
| #define PACKAGE_NAME "OpenModelica Exported FMU"
| #define PACKAGE_TARNAME "openmodelica"
| #define PACKAGE_VERSION "dev"
| #define PACKAGE_STRING "OpenModelica Exported FMU dev"
| #define PACKAGE_BUGREPORT "https://trac.openmodelica.org/OpenModelica"
| #define PACKAGE_URL "https://openmodelica.org"
| /* end confdefs.h.  */
| 
| void () {}
| #define  
| 
| int
| main ()
| {
| ();
|   ;
|   return 0;
| }
configure:3418: i386-apple-darwin15-cc -o conftest -Os -flto  -fdollars-in-identifiers -flto conftest.c  >&5
configure:3418: $? = 0
configure:3419: result: CPPFLAGS: -fdollars-in-identifiers
configure:3589: i386-apple-darwin15-cc -o conftest  -fno-stack-protector -Werror  -fdollars-in-identifiers -flto -shared conftest.c  >&5
configure:3589: $? = 0
configure:3589: i386-apple-darwin15-cc -o conftest  -Wno-parentheses-equality -Werror  -fdollars-in-identifiers -flto -shared conftest.c  >&5
configure:3589: $? = 0
configure:3589: i386-apple-darwin15-cc -o conftest  -Wno-unused-variable -Werror  -fdollars-in-identifiers -flto -shared conftest.c  >&5
configure:3589: $? = 0
configure:3589: i386-apple-darwin15-cc -o conftest  -fPIC -Werror  -fdollars-in-identifiers -flto -shared conftest.c  >&5
configure:3589: $? = 0
configure:3613: i386-apple-darwin15-cc -o conftest -Os -flto -fno-stack-protector -Wno-parentheses-equality -Wno-unused-variable -fPIC  -fdollars-in-identifiers -flto -shared -static-libgcc conftest.c  >&5
clang: error: unsupported option '-static-libgcc'
configure:3613: $? = 1
configure: failed program was:
| /* confdefs.h */
| #define PACKAGE_NAME "OpenModelica Exported FMU"
| #define PACKAGE_TARNAME "openmodelica"
| #define PACKAGE_VERSION "dev"
| #define PACKAGE_STRING "OpenModelica Exported FMU dev"
| #define PACKAGE_BUGREPORT "https://trac.openmodelica.org/OpenModelica"
| #define PACKAGE_URL "https://openmodelica.org"
| /* end confdefs.h.  */
| 
| int
| main ()
| {
| return 0;
|   ;
|   return 0;
| }
configure:3654: checking for grep that handles long lines and -e
configure:3712: result: /bin/grep
configure:3717: checking for egrep
configure:3779: result: /bin/grep -E
configure:3784: checking for ANSI C header files
configure:3804: i386-apple-darwin15-cc -c -Os -flto -fno-stack-protector -Wno-parentheses-equality -Wno-unused-variable -fPIC  -fdollars-in-identifiers conftest.c >&5
/var/lib/hudson/osxcross/target/bin/../SDK/MacOSX10.11.sdk/usr/include/module.map:1:25: warning: unknown attribute 'extern_c' [-Wignored-attributes]
module Darwin [system] [extern_c] {
                        ^
/var/lib/hudson/osxcross/target/bin/../SDK/MacOSX10.11.sdk/usr/include/module.map:1561:21: warning: unknown attribute 'extern_c' [-Wignored-attributes]
module os [system] [extern_c] {
                    ^
/var/lib/hudson/osxcross/target/bin/../SDK/MacOSX10.11.sdk/usr/include/module.map:1577:26: warning: unknown attribute 'extern_c' [-Wignored-attributes]
module libkern [system] [extern_c] {
                         ^
/var/lib/hudson/osxcross/target/bin/../SDK/MacOSX10.11.sdk/usr/include/module.map:1602:23: warning: unknown attribute 'extern_c' [-Wignored-attributes]
module ldap [system] [extern_c] {
                      ^
/var/lib/hudson/osxcross/target/bin/../SDK/MacOSX10.11.sdk/usr/include/module.map:1635:23: warning: unknown attribute 'extern_c' [-Wignored-attributes]
module krb5 [system] [extern_c] {
                      ^
/var/lib/hudson/osxcross/target/bin/../SDK/MacOSX10.11.sdk/usr/include/module.map:1662:22: warning: unknown attribute 'extern_c' [-Wignored-attributes]
module XPC [system] [extern_c] {
                     ^
6 warnings generated.
configure:3804: $? = 0
configure:3877: i386-apple-darwin15-cc -o conftest -Os -flto -fno-stack-protector -Wno-parentheses-equality -Wno-unused-variable -fPIC  -fdollars-in-identifiers -flto -shared conftest.c  >&5
/var/lib/hudson/osxcross/target/bin/../SDK/MacOSX10.11.sdk/usr/include/module.map:1:25: warning: unknown attribute 'extern_c' [-Wignored-attributes]
module Darwin [system] [extern_c] {
                        ^
/var/lib/hudson/osxcross/target/bin/../SDK/MacOSX10.11.sdk/usr/include/module.map:1561:21: warning: unknown attribute 'extern_c' [-Wignored-attributes]
module os [system] [extern_c] {
                    ^
/var/lib/hudson/osxcross/target/bin/../SDK/MacOSX10.11.sdk/usr/include/module.map:1577:26: warning: unknown attribute 'extern_c' [-Wignored-attributes]
module libkern [system] [extern_c] {
                         ^
/var/lib/hudson/osxcross/target/bin/../SDK/MacOSX10.11.sdk/usr/include/module.map:1602:23: warning: unknown attribute 'extern_c' [-Wignored-attributes]
module ldap [system] [extern_c] {
                      ^
/var/lib/hudson/osxcross/target/bin/../SDK/MacOSX10.11.sdk/usr/include/module.map:1635:23: warning: unknown attribute 'extern_c' [-Wignored-attributes]
module krb5 [system] [extern_c] {
                      ^
/var/lib/hudson/osxcross/target/bin/../SDK/MacOSX10.11.sdk/usr/include/module.map:1662:22: warning: unknown attribute 'extern_c' [-Wignored-attributes]
module XPC [system] [extern_c] {
                     ^
6 warnings generated.
configure:3877: $? = 0
configure:3877: ./conftest
./configure: line 1570: ./conftest: cannot execute binary file: Exec format error
configure:3877: $? = 126
configure: program exited with status 126
configure: failed program was:
| /* confdefs.h */
| #define PACKAGE_NAME "OpenModelica Exported FMU"
| #define PACKAGE_TARNAME "openmodelica"
| #define PACKAGE_VERSION "dev"
| #define PACKAGE_STRING "OpenModelica Exported FMU dev"
| #define PACKAGE_BUGREPORT "https://trac.openmodelica.org/OpenModelica"
| #define PACKAGE_URL "https://openmodelica.org"
| /* end confdefs.h.  */
| #include <ctype.h>
| #include <stdlib.h>
| #if ((' ' & 0x0FF) == 0x020)
| # define ISLOWER(c) ('a' <= (c) && (c) <= 'z')
| # define TOUPPER(c) (ISLOWER(c) ? 'A' + ((c) - 'a') : (c))
| #else
| # define ISLOWER(c) 		   (('a' <= (c) && (c) <= 'i') 		     || ('j' <= (c) && (c) <= 'r') 		     || ('s' <= (c) && (c) <= 'z'))
| # define TOUPPER(c) (ISLOWER(c) ? ((c) | 0x40) : (c))
| #endif
| 
| #define XOR(e, f) (((e) && !(f)) || (!(e) && (f)))
| int
| main ()
| {
|   int i;
|   for (i = 0; i < 256; i++)
|     if (XOR (islower (i), ISLOWER (i))
| 	|| toupper (i) != TOUPPER (i))
|       return 2;
|   return 0;
| }
configure:3888: result: no
configure:3897: checking for an ANSI C-conforming const
configure:3963: i386-apple-darwin15-cc -c -Os -flto -fno-stack-protector -Wno-parentheses-equality -Wno-unused-variable -fPIC  -fdollars-in-identifiers conftest.c >&5
configure:3963: $? = 0
configure:3970: result: yes
configure:3983: checking for sys/types.h
configure:3983: i386-apple-darwin15-cc -c -Os -flto -fno-stack-protector -Wno-parentheses-equality -Wno-unused-variable -fPIC  -fdollars-in-identifiers conftest.c >&5
/var/lib/hudson/osxcross/target/bin/../SDK/MacOSX10.11.sdk/usr/include/module.map:1:25: warning: unknown attribute 'extern_c' [-Wignored-attributes]
module Darwin [system] [extern_c] {
                        ^
/var/lib/hudson/osxcross/target/bin/../SDK/MacOSX10.11.sdk/usr/include/module.map:1561:21: warning: unknown attribute 'extern_c' [-Wignored-attributes]
module os [system] [extern_c] {
                    ^
/var/lib/hudson/osxcross/target/bin/../SDK/MacOSX10.11.sdk/usr/include/module.map:1577:26: warning: unknown attribute 'extern_c' [-Wignored-attributes]
module libkern [system] [extern_c] {
                         ^
/var/lib/hudson/osxcross/target/bin/../SDK/MacOSX10.11.sdk/usr/include/module.map:1602:23: warning: unknown attribute 'extern_c' [-Wignored-attributes]
module ldap [system] [extern_c] {
                      ^
/var/lib/hudson/osxcross/target/bin/../SDK/MacOSX10.11.sdk/usr/include/module.map:1635:23: warning: unknown attribute 'extern_c' [-Wignored-attributes]
module krb5 [system] [extern_c] {
                      ^
/var/lib/hudson/osxcross/target/bin/../SDK/MacOSX10.11.sdk/usr/include/module.map:1662:22: warning: unknown attribute 'extern_c' [-Wignored-attributes]
module XPC [system] [extern_c] {
                     ^
6 warnings generated.
configure:3983: $? = 0
configure:3983: result: yes
configure:3983: checking for sys/stat.h
configure:3983: i386-apple-darwin15-cc -c -Os -flto -fno-stack-protector -Wno-parentheses-equality -Wno-unused-variable -fPIC  -fdollars-in-identifiers conftest.c >&5
/var/lib/hudson/osxcross/target/bin/../SDK/MacOSX10.11.sdk/usr/include/module.map:1:25: warning: unknown attribute 'extern_c' [-Wignored-attributes]
module Darwin [system] [extern_c] {
                        ^
/var/lib/hudson/osxcross/target/bin/../SDK/MacOSX10.11.sdk/usr/include/module.map:1561:21: warning: unknown attribute 'extern_c' [-Wignored-attributes]
module os [system] [extern_c] {
                    ^
/var/lib/hudson/osxcross/target/bin/../SDK/MacOSX10.11.sdk/usr/include/module.map:1577:26: warning: unknown attribute 'extern_c' [-Wignored-attributes]
module libkern [system] [extern_c] {
                         ^
/var/lib/hudson/osxcross/target/bin/../SDK/MacOSX10.11.sdk/usr/include/module.map:1602:23: warning: unknown attribute 'extern_c' [-Wignored-attributes]
module ldap [system] [extern_c] {
                      ^
/var/lib/hudson/osxcross/target/bin/../SDK/MacOSX10.11.sdk/usr/include/module.map:1635:23: warning: unknown attribute 'extern_c' [-Wignored-attributes]
module krb5 [system] [extern_c] {
                      ^
/var/lib/hudson/osxcross/target/bin/../SDK/MacOSX10.11.sdk/usr/include/module.map:1662:22: warning: unknown attribute 'extern_c' [-Wignored-attributes]
module XPC [system] [extern_c] {
                     ^
6 warnings generated.
configure:3983: $? = 0
configure:3983: result: yes
configure:3983: checking for stdlib.h
configure:3983: i386-apple-darwin15-cc -c -Os -flto -fno-stack-protector -Wno-parentheses-equality -Wno-unused-variable -fPIC  -fdollars-in-identifiers conftest.c >&5
/var/lib/hudson/osxcross/target/bin/../SDK/MacOSX10.11.sdk/usr/include/module.map:1:25: warning: unknown attribute 'extern_c' [-Wignored-attributes]
module Darwin [system] [extern_c] {
                        ^
/var/lib/hudson/osxcross/target/bin/../SDK/MacOSX10.11.sdk/usr/include/module.map:1561:21: warning: unknown attribute 'extern_c' [-Wignored-attributes]
module os [system] [extern_c] {
                    ^
/var/lib/hudson/osxcross/target/bin/../SDK/MacOSX10.11.sdk/usr/include/module.map:1577:26: warning: unknown attribute 'extern_c' [-Wignored-attributes]
module libkern [system] [extern_c] {
                         ^
/var/lib/hudson/osxcross/target/bin/../SDK/MacOSX10.11.sdk/usr/include/module.map:1602:23: warning: unknown attribute 'extern_c' [-Wignored-attributes]
module ldap [system] [extern_c] {
                      ^
/var/lib/hudson/osxcross/target/bin/../SDK/MacOSX10.11.sdk/usr/include/module.map:1635:23: warning: unknown attribute 'extern_c' [-Wignored-attributes]
module krb5 [system] [extern_c] {
                      ^
/var/lib/hudson/osxcross/target/bin/../SDK/MacOSX10.11.sdk/usr/include/module.map:1662:22: warning: unknown attribute 'extern_c' [-Wignored-attributes]
module XPC [system] [extern_c] {
                     ^
6 warnings generated.
configure:3983: $? = 0
configure:3983: result: yes
configure:3983: checking for string.h
configure:3983: i386-apple-darwin15-cc -c -Os -flto -fno-stack-protector -Wno-parentheses-equality -Wno-unused-variable -fPIC  -fdollars-in-identifiers conftest.c >&5
/var/lib/hudson/osxcross/target/bin/../SDK/MacOSX10.11.sdk/usr/include/module.map:1:25: warning: unknown attribute 'extern_c' [-Wignored-attributes]
module Darwin [system] [extern_c] {
                        ^
/var/lib/hudson/osxcross/target/bin/../SDK/MacOSX10.11.sdk/usr/include/module.map:1561:21: warning: unknown attribute 'extern_c' [-Wignored-attributes]
module os [system] [extern_c] {
                    ^
/var/lib/hudson/osxcross/target/bin/../SDK/MacOSX10.11.sdk/usr/include/module.map:1577:26: warning: unknown attribute 'extern_c' [-Wignored-attributes]
module libkern [system] [extern_c] {
                         ^
/var/lib/hudson/osxcross/target/bin/../SDK/MacOSX10.11.sdk/usr/include/module.map:1602:23: warning: unknown attribute 'extern_c' [-Wignored-attributes]
module ldap [system] [extern_c] {
                      ^
/var/lib/hudson/osxcross/target/bin/../SDK/MacOSX10.11.sdk/usr/include/module.map:1635:23: warning: unknown attribute 'extern_c' [-Wignored-attributes]
module krb5 [system] [extern_c] {
                      ^
/var/lib/hudson/osxcross/target/bin/../SDK/MacOSX10.11.sdk/usr/include/module.map:1662:22: warning: unknown attribute 'extern_c' [-Wignored-attributes]
module XPC [system] [extern_c] {
                     ^
6 warnings generated.
configure:3983: $? = 0
configure:3983: result: yes
configure:3983: checking for memory.h
configure:3983: i386-apple-darwin15-cc -c -Os -flto -fno-stack-protector -Wno-parentheses-equality -Wno-unused-variable -fPIC  -fdollars-in-identifiers conftest.c >&5
/var/lib/hudson/osxcross/target/bin/../SDK/MacOSX10.11.sdk/usr/include/module.map:1:25: warning: unknown attribute 'extern_c' [-Wignored-attributes]
module Darwin [system] [extern_c] {
                        ^
/var/lib/hudson/osxcross/target/bin/../SDK/MacOSX10.11.sdk/usr/include/module.map:1561:21: warning: unknown attribute 'extern_c' [-Wignored-attributes]
module os [system] [extern_c] {
                    ^
/var/lib/hudson/osxcross/target/bin/../SDK/MacOSX10.11.sdk/usr/include/module.map:1577:26: warning: unknown attribute 'extern_c' [-Wignored-attributes]
module libkern [system] [extern_c] {
                         ^
/var/lib/hudson/osxcross/target/bin/../SDK/MacOSX10.11.sdk/usr/include/module.map:1602:23: warning: unknown attribute 'extern_c' [-Wignored-attributes]
module ldap [system] [extern_c] {
                      ^
/var/lib/hudson/osxcross/target/bin/../SDK/MacOSX10.11.sdk/usr/include/module.map:1635:23: warning: unknown attribute 'extern_c' [-Wignored-attributes]
module krb5 [system] [extern_c] {
                      ^
/var/lib/hudson/osxcross/target/bin/../SDK/MacOSX10.11.sdk/usr/include/module.map:1662:22: warning: unknown attribute 'extern_c' [-Wignored-attributes]
module XPC [system] [extern_c] {
                     ^
6 warnings generated.
configure:3983: $? = 0
configure:3983: result: yes
configure:3983: checking for strings.h
configure:3983: i386-apple-darwin15-cc -c -Os -flto -fno-stack-protector -Wno-parentheses-equality -Wno-unused-variable -fPIC  -fdollars-in-identifiers conftest.c >&5
/var/lib/hudson/osxcross/target/bin/../SDK/MacOSX10.11.sdk/usr/include/module.map:1:25: warning: unknown attribute 'extern_c' [-Wignored-attributes]
module Darwin [system] [extern_c] {
                        ^
/var/lib/hudson/osxcross/target/bin/../SDK/MacOSX10.11.sdk/usr/include/module.map:1561:21: warning: unknown attribute 'extern_c' [-Wignored-attributes]
module os [system] [extern_c] {
                    ^
/var/lib/hudson/osxcross/target/bin/../SDK/MacOSX10.11.sdk/usr/include/module.map:1577:26: warning: unknown attribute 'extern_c' [-Wignored-attributes]
module libkern [system] [extern_c] {
                         ^
/var/lib/hudson/osxcross/target/bin/../SDK/MacOSX10.11.sdk/usr/include/module.map:1602:23: warning: unknown attribute 'extern_c' [-Wignored-attributes]
module ldap [system] [extern_c] {
                      ^
/var/lib/hudson/osxcross/target/bin/../SDK/MacOSX10.11.sdk/usr/include/module.map:1635:23: warning: unknown attribute 'extern_c' [-Wignored-attributes]
module krb5 [system] [extern_c] {
                      ^
/var/lib/hudson/osxcross/target/bin/../SDK/MacOSX10.11.sdk/usr/include/module.map:1662:22: warning: unknown attribute 'extern_c' [-Wignored-attributes]
module XPC [system] [extern_c] {
                     ^
6 warnings generated.
configure:3983: $? = 0
configure:3983: result: yes
configure:3983: checking for inttypes.h
configure:3983: i386-apple-darwin15-cc -c -Os -flto -fno-stack-protector -Wno-parentheses-equality -Wno-unused-variable -fPIC  -fdollars-in-identifiers conftest.c >&5
/var/lib/hudson/osxcross/target/bin/../SDK/MacOSX10.11.sdk/usr/include/module.map:1:25: warning: unknown attribute 'extern_c' [-Wignored-attributes]
module Darwin [system] [extern_c] {
                        ^
/var/lib/hudson/osxcross/target/bin/../SDK/MacOSX10.11.sdk/usr/include/module.map:1561:21: warning: unknown attribute 'extern_c' [-Wignored-attributes]
module os [system] [extern_c] {
                    ^
/var/lib/hudson/osxcross/target/bin/../SDK/MacOSX10.11.sdk/usr/include/module.map:1577:26: warning: unknown attribute 'extern_c' [-Wignored-attributes]
module libkern [system] [extern_c] {
                         ^
/var/lib/hudson/osxcross/target/bin/../SDK/MacOSX10.11.sdk/usr/include/module.map:1602:23: warning: unknown attribute 'extern_c' [-Wignored-attributes]
module ldap [system] [extern_c] {
                      ^
/var/lib/hudson/osxcross/target/bin/../SDK/MacOSX10.11.sdk/usr/include/module.map:1635:23: warning: unknown attribute 'extern_c' [-Wignored-attributes]
module krb5 [system] [extern_c] {
                      ^
/var/lib/hudson/osxcross/target/bin/../SDK/MacOSX10.11.sdk/usr/include/module.map:1662:22: warning: unknown attribute 'extern_c' [-Wignored-attributes]
module XPC [system] [extern_c] {
                     ^
6 warnings generated.
configure:3983: $? = 0
configure:3983: result: yes
configure:3983: checking for stdint.h
configure:3983: i386-apple-darwin15-cc -c -Os -flto -fno-stack-protector -Wno-parentheses-equality -Wno-unused-variable -fPIC  -fdollars-in-identifiers conftest.c >&5
/var/lib/hudson/osxcross/target/bin/../SDK/MacOSX10.11.sdk/usr/include/module.map:1:25: warning: unknown attribute 'extern_c' [-Wignored-attributes]
module Darwin [system] [extern_c] {
                        ^
/var/lib/hudson/osxcross/target/bin/../SDK/MacOSX10.11.sdk/usr/include/module.map:1561:21: warning: unknown attribute 'extern_c' [-Wignored-attributes]
module os [system] [extern_c] {
                    ^
/var/lib/hudson/osxcross/target/bin/../SDK/MacOSX10.11.sdk/usr/include/module.map:1577:26: warning: unknown attribute 'extern_c' [-Wignored-attributes]
module libkern [system] [extern_c] {
                         ^
/var/lib/hudson/osxcross/target/bin/../SDK/MacOSX10.11.sdk/usr/include/module.map:1602:23: warning: unknown attribute 'extern_c' [-Wignored-attributes]
module ldap [system] [extern_c] {
                      ^
/var/lib/hudson/osxcross/target/bin/../SDK/MacOSX10.11.sdk/usr/include/module.map:1635:23: warning: unknown attribute 'extern_c' [-Wignored-attributes]
module krb5 [system] [extern_c] {
                      ^
/var/lib/hudson/osxcross/target/bin/../SDK/MacOSX10.11.sdk/usr/include/module.map:1662:22: warning: unknown attribute 'extern_c' [-Wignored-attributes]
module XPC [system] [extern_c] {
                     ^
6 warnings generated.
configure:3983: $? = 0
configure:3983: result: yes
configure:3983: checking for unistd.h
configure:3983: i386-apple-darwin15-cc -c -Os -flto -fno-stack-protector -Wno-parentheses-equality -Wno-unused-variable -fPIC  -fdollars-in-identifiers conftest.c >&5
/var/lib/hudson/osxcross/target/bin/../SDK/MacOSX10.11.sdk/usr/include/module.map:1:25: warning: unknown attribute 'extern_c' [-Wignored-attributes]
module Darwin [system] [extern_c] {
                        ^
/var/lib/hudson/osxcross/target/bin/../SDK/MacOSX10.11.sdk/usr/include/module.map:1561:21: warning: unknown attribute 'extern_c' [-Wignored-attributes]
module os [system] [extern_c] {
                    ^
/var/lib/hudson/osxcross/target/bin/../SDK/MacOSX10.11.sdk/usr/include/module.map:1577:26: warning: unknown attribute 'extern_c' [-Wignored-attributes]
module libkern [system] [extern_c] {
                         ^
/var/lib/hudson/osxcross/target/bin/../SDK/MacOSX10.11.sdk/usr/include/module.map:1602:23: warning: unknown attribute 'extern_c' [-Wignored-attributes]
module ldap [system] [extern_c] {
                      ^
/var/lib/hudson/osxcross/target/bin/../SDK/MacOSX10.11.sdk/usr/include/module.map:1635:23: warning: unknown attribute 'extern_c' [-Wignored-attributes]
module krb5 [system] [extern_c] {
                      ^
/var/lib/hudson/osxcross/target/bin/../SDK/MacOSX10.11.sdk/usr/include/module.map:1662:22: warning: unknown attribute 'extern_c' [-Wignored-attributes]
module XPC [system] [extern_c] {
                     ^
6 warnings generated.
configure:3983: $? = 0
configure:3983: result: yes
configure:3995: checking for size_t
configure:3995: i386-apple-darwin15-cc -c -Os -flto -fno-stack-protector -Wno-parentheses-equality -Wno-unused-variable -fPIC  -fdollars-in-identifiers conftest.c >&5
/var/lib/hudson/osxcross/target/bin/../SDK/MacOSX10.11.sdk/usr/include/module.map:1:25: warning: unknown attribute 'extern_c' [-Wignored-attributes]
module Darwin [system] [extern_c] {
                        ^
/var/lib/hudson/osxcross/target/bin/../SDK/MacOSX10.11.sdk/usr/include/module.map:1561:21: warning: unknown attribute 'extern_c' [-Wignored-attributes]
module os [system] [extern_c] {
                    ^
/var/lib/hudson/osxcross/target/bin/../SDK/MacOSX10.11.sdk/usr/include/module.map:1577:26: warning: unknown attribute 'extern_c' [-Wignored-attributes]
module libkern [system] [extern_c] {
                         ^
/var/lib/hudson/osxcross/target/bin/../SDK/MacOSX10.11.sdk/usr/include/module.map:1602:23: warning: unknown attribute 'extern_c' [-Wignored-attributes]
module ldap [system] [extern_c] {
                      ^
/var/lib/hudson/osxcross/target/bin/../SDK/MacOSX10.11.sdk/usr/include/module.map:1635:23: warning: unknown attribute 'extern_c' [-Wignored-attributes]
module krb5 [system] [extern_c] {
                      ^
/var/lib/hudson/osxcross/target/bin/../SDK/MacOSX10.11.sdk/usr/include/module.map:1662:22: warning: unknown attribute 'extern_c' [-Wignored-attributes]
module XPC [system] [extern_c] {
                     ^
6 warnings generated.
configure:3995: $? = 0
configure:3995: i386-apple-darwin15-cc -c -Os -flto -fno-stack-protector -Wno-parentheses-equality -Wno-unused-variable -fPIC  -fdollars-in-identifiers conftest.c >&5
/var/lib/hudson/osxcross/target/bin/../SDK/MacOSX10.11.sdk/usr/include/module.map:1:25: warning: unknown attribute 'extern_c' [-Wignored-attributes]
module Darwin [system] [extern_c] {
                        ^
/var/lib/hudson/osxcross/target/bin/../SDK/MacOSX10.11.sdk/usr/include/module.map:1561:21: warning: unknown attribute 'extern_c' [-Wignored-attributes]
module os [system] [extern_c] {
                    ^
/var/lib/hudson/osxcross/target/bin/../SDK/MacOSX10.11.sdk/usr/include/module.map:1577:26: warning: unknown attribute 'extern_c' [-Wignored-attributes]
module libkern [system] [extern_c] {
                         ^
/var/lib/hudson/osxcross/target/bin/../SDK/MacOSX10.11.sdk/usr/include/module.map:1602:23: warning: unknown attribute 'extern_c' [-Wignored-attributes]
module ldap [system] [extern_c] {
                      ^
/var/lib/hudson/osxcross/target/bin/../SDK/MacOSX10.11.sdk/usr/include/module.map:1635:23: warning: unknown attribute 'extern_c' [-Wignored-attributes]
module krb5 [system] [extern_c] {
                      ^
/var/lib/hudson/osxcross/target/bin/../SDK/MacOSX10.11.sdk/usr/include/module.map:1662:22: warning: unknown attribute 'extern_c' [-Wignored-attributes]
module XPC [system] [extern_c] {
                     ^
conftest.c:54:21: error: expected expression
if (sizeof ((size_t)))
                    ^
6 warnings and 1 error generated.
configure:3995: $? = 1
configure: failed program was:
| /* confdefs.h */
| #define PACKAGE_NAME "OpenModelica Exported FMU"
| #define PACKAGE_TARNAME "openmodelica"
| #define PACKAGE_VERSION "dev"
| #define PACKAGE_STRING "OpenModelica Exported FMU dev"
| #define PACKAGE_BUGREPORT "https://trac.openmodelica.org/OpenModelica"
| #define PACKAGE_URL "https://openmodelica.org"
| #define HAVE_SYS_TYPES_H 1
| #define HAVE_SYS_STAT_H 1
| #define HAVE_STDLIB_H 1
| #define HAVE_STRING_H 1
| #define HAVE_MEMORY_H 1
| #define HAVE_STRINGS_H 1
| #define HAVE_INTTYPES_H 1
| #define HAVE_STDINT_H 1
| #define HAVE_UNISTD_H 1
| /* end confdefs.h.  */
| #include <stdio.h>
| #ifdef HAVE_SYS_TYPES_H
| # include <sys/types.h>
| #endif
| #ifdef HAVE_SYS_STAT_H
| # include <sys/stat.h>
| #endif
| #ifdef STDC_HEADERS
| # include <stdlib.h>
| # include <stddef.h>
| #else
| # ifdef HAVE_STDLIB_H
| #  include <stdlib.h>
| # endif
| #endif
| #ifdef HAVE_STRING_H
| # if !defined STDC_HEADERS && defined HAVE_MEMORY_H
| #  include <memory.h>
| # endif
| # include <string.h>
| #endif
| #ifdef HAVE_STRINGS_H
| # include <strings.h>
| #endif
| #ifdef HAVE_INTTYPES_H
| # include <inttypes.h>
| #endif
| #ifdef HAVE_STDINT_H
| # include <stdint.h>
| #endif
| #ifdef HAVE_UNISTD_H
| # include <unistd.h>
| #endif
| int
| main ()
| {
| if (sizeof ((size_t)))
| 	    return 0;
|   ;
|   return 0;
| }
configure:3995: result: yes
configure:4009: checking for vprintf
configure:4009: i386-apple-darwin15-cc -o conftest -Os -flto -fno-stack-protector -Wno-parentheses-equality -Wno-unused-variable -fPIC  -fdollars-in-identifiers -flto -shared conftest.c  >&5
/var/lib/hudson/osxcross/target/bin/../SDK/MacOSX10.11.sdk/usr/include/module.map:1:25: warning: unknown attribute 'extern_c' [-Wignored-attributes]
module Darwin [system] [extern_c] {
                        ^
/var/lib/hudson/osxcross/target/bin/../SDK/MacOSX10.11.sdk/usr/include/module.map:1561:21: warning: unknown attribute 'extern_c' [-Wignored-attributes]
module os [system] [extern_c] {
                    ^
/var/lib/hudson/osxcross/target/bin/../SDK/MacOSX10.11.sdk/usr/include/module.map:1577:26: warning: unknown attribute 'extern_c' [-Wignored-attributes]
module libkern [system] [extern_c] {
                         ^
/var/lib/hudson/osxcross/target/bin/../SDK/MacOSX10.11.sdk/usr/include/module.map:1602:23: warning: unknown attribute 'extern_c' [-Wignored-attributes]
module ldap [system] [extern_c] {
                      ^
/var/lib/hudson/osxcross/target/bin/../SDK/MacOSX10.11.sdk/usr/include/module.map:1635:23: warning: unknown attribute 'extern_c' [-Wignored-attributes]
module krb5 [system] [extern_c] {
                      ^
/var/lib/hudson/osxcross/target/bin/../SDK/MacOSX10.11.sdk/usr/include/module.map:1662:22: warning: unknown attribute 'extern_c' [-Wignored-attributes]
module XPC [system] [extern_c] {
                     ^
conftest.c:41:6: warning: incompatible redeclaration of library function 'vprintf' [-Wincompatible-library-redeclaration]
char vprintf ();
     ^
conftest.c:41:6: note: 'vprintf' is a builtin with type 'int (const char *, __builtin_va_list)'
7 warnings generated.
configure:4009: $? = 0
configure:4009: result: yes
configure:4015: checking for _doprnt
configure:4015: i386-apple-darwin15-cc -o conftest -Os -flto -fno-stack-protector -Wno-parentheses-equality -Wno-unused-variable -fPIC  -fdollars-in-identifiers -flto -shared conftest.c  >&5
/var/lib/hudson/osxcross/target/bin/../SDK/MacOSX10.11.sdk/usr/include/module.map:1:25: warning: unknown attribute 'extern_c' [-Wignored-attributes]
module Darwin [system] [extern_c] {
                        ^
/var/lib/hudson/osxcross/target/bin/../SDK/MacOSX10.11.sdk/usr/include/module.map:1561:21: warning: unknown attribute 'extern_c' [-Wignored-attributes]
module os [system] [extern_c] {
                    ^
/var/lib/hudson/osxcross/target/bin/../SDK/MacOSX10.11.sdk/usr/include/module.map:1577:26: warning: unknown attribute 'extern_c' [-Wignored-attributes]
module libkern [system] [extern_c] {
                         ^
/var/lib/hudson/osxcross/target/bin/../SDK/MacOSX10.11.sdk/usr/include/module.map:1602:23: warning: unknown attribute 'extern_c' [-Wignored-attributes]
module ldap [system] [extern_c] {
                      ^
/var/lib/hudson/osxcross/target/bin/../SDK/MacOSX10.11.sdk/usr/include/module.map:1635:23: warning: unknown attribute 'extern_c' [-Wignored-attributes]
module krb5 [system] [extern_c] {
                      ^
/var/lib/hudson/osxcross/target/bin/../SDK/MacOSX10.11.sdk/usr/include/module.map:1662:22: warning: unknown attribute 'extern_c' [-Wignored-attributes]
module XPC [system] [extern_c] {
                     ^
6 warnings generated.
undef: __doprnt
Undefined symbols for architecture i386:
  "__doprnt", referenced from:
      _main in conftest-11ca16.o
ld: symbol(s) not found for architecture i386
clang: error: linker command failed with exit code 1 (use -v to see invocation)
configure:4015: $? = 1
configure: failed program was:
| /* confdefs.h */
| #define PACKAGE_NAME "OpenModelica Exported FMU"
| #define PACKAGE_TARNAME "openmodelica"
| #define PACKAGE_VERSION "dev"
| #define PACKAGE_STRING "OpenModelica Exported FMU dev"
| #define PACKAGE_BUGREPORT "https://trac.openmodelica.org/OpenModelica"
| #define PACKAGE_URL "https://openmodelica.org"
| #define HAVE_SYS_TYPES_H 1
| #define HAVE_SYS_STAT_H 1
| #define HAVE_STDLIB_H 1
| #define HAVE_STRING_H 1
| #define HAVE_MEMORY_H 1
| #define HAVE_STRINGS_H 1
| #define HAVE_INTTYPES_H 1
| #define HAVE_STDINT_H 1
| #define HAVE_UNISTD_H 1
| #define HAVE_VPRINTF 1
| /* end confdefs.h.  */
| /* Define _doprnt to an innocuous variant, in case <limits.h> declares _doprnt.
|    For example, HP-UX 11i <limits.h> declares gettimeofday.  */
| #define _doprnt innocuous__doprnt
| 
| /* System header to define __stub macros and hopefully few prototypes,
|     which can conflict with char _doprnt (); below.
|     Prefer <limits.h> to <assert.h> if __STDC__ is defined, since
|     <limits.h> exists even on freestanding compilers.  */
| 
| #ifdef __STDC__
| # include <limits.h>
| #else
| # include <assert.h>
| #endif
| 
| #undef _doprnt
| 
| /* Override any GCC internal prototype to avoid an error.
|    Use char because int might match the return type of a GCC
|    builtin and then its argument prototype would still apply.  */
| #ifdef __cplusplus
| extern "C"
| #endif
| char _doprnt ();
| /* The GNU C library defines this for functions which it implements
|     to always fail with ENOSYS.  Some functions are actually named
|     something starting with __ and the normal name is an alias.  */
| #if defined __stub__doprnt || defined __stub____doprnt
| choke me
| #endif
| 
| int
| main ()
| {
| return _doprnt ();
|   ;
|   return 0;
| }
configure:4015: result: no
configure:4029: checking for strdup
configure:4029: i386-apple-darwin15-cc -o conftest -Os -flto -fno-stack-protector -Wno-parentheses-equality -Wno-unused-variable -fPIC  -fdollars-in-identifiers -flto -shared conftest.c  >&5
/var/lib/hudson/osxcross/target/bin/../SDK/MacOSX10.11.sdk/usr/include/module.map:1:25: warning: unknown attribute 'extern_c' [-Wignored-attributes]
module Darwin [system] [extern_c] {
                        ^
/var/lib/hudson/osxcross/target/bin/../SDK/MacOSX10.11.sdk/usr/include/module.map:1561:21: warning: unknown attribute 'extern_c' [-Wignored-attributes]
module os [system] [extern_c] {
                    ^
/var/lib/hudson/osxcross/target/bin/../SDK/MacOSX10.11.sdk/usr/include/module.map:1577:26: warning: unknown attribute 'extern_c' [-Wignored-attributes]
module libkern [system] [extern_c] {
                         ^
/var/lib/hudson/osxcross/target/bin/../SDK/MacOSX10.11.sdk/usr/include/module.map:1602:23: warning: unknown attribute 'extern_c' [-Wignored-attributes]
module ldap [system] [extern_c] {
                      ^
/var/lib/hudson/osxcross/target/bin/../SDK/MacOSX10.11.sdk/usr/include/module.map:1635:23: warning: unknown attribute 'extern_c' [-Wignored-attributes]
module krb5 [system] [extern_c] {
                      ^
/var/lib/hudson/osxcross/target/bin/../SDK/MacOSX10.11.sdk/usr/include/module.map:1662:22: warning: unknown attribute 'extern_c' [-Wignored-attributes]
module XPC [system] [extern_c] {
                     ^
conftest.c:42:6: warning: incompatible redeclaration of library function 'strdup' [-Wincompatible-library-redeclaration]
char strdup ();
     ^
conftest.c:42:6: note: 'strdup' is a builtin with type 'char *(const char *)'
7 warnings generated.
configure:4029: $? = 0
configure:4029: result: yes
configure:4029: checking for strerror
configure:4029: i386-apple-darwin15-cc -o conftest -Os -flto -fno-stack-protector -Wno-parentheses-equality -Wno-unused-variable -fPIC  -fdollars-in-identifiers -flto -shared conftest.c  >&5
/var/lib/hudson/osxcross/target/bin/../SDK/MacOSX10.11.sdk/usr/include/module.map:1:25: warning: unknown attribute 'extern_c' [-Wignored-attributes]
module Darwin [system] [extern_c] {
                        ^
/var/lib/hudson/osxcross/target/bin/../SDK/MacOSX10.11.sdk/usr/include/module.map:1561:21: warning: unknown attribute 'extern_c' [-Wignored-attributes]
module os [system] [extern_c] {
                    ^
/var/lib/hudson/osxcross/target/bin/../SDK/MacOSX10.11.sdk/usr/include/module.map:1577:26: warning: unknown attribute 'extern_c' [-Wignored-attributes]
module libkern [system] [extern_c] {
                         ^
/var/lib/hudson/osxcross/target/bin/../SDK/MacOSX10.11.sdk/usr/include/module.map:1602:23: warning: unknown attribute 'extern_c' [-Wignored-attributes]
module ldap [system] [extern_c] {
                      ^
/var/lib/hudson/osxcross/target/bin/../SDK/MacOSX10.11.sdk/usr/include/module.map:1635:23: warning: unknown attribute 'extern_c' [-Wignored-attributes]
module krb5 [system] [extern_c] {
                      ^
/var/lib/hudson/osxcross/target/bin/../SDK/MacOSX10.11.sdk/usr/include/module.map:1662:22: warning: unknown attribute 'extern_c' [-Wignored-attributes]
module XPC [system] [extern_c] {
                     ^
conftest.c:43:6: warning: incompatible redeclaration of library function 'strerror' [-Wincompatible-library-redeclaration]
char strerror ();
     ^
conftest.c:43:6: note: 'strerror' is a builtin with type 'char *(int)'
7 warnings generated.
configure:4029: $? = 0
configure:4029: result: yes
configure:4065: checking LAPACK/BLAS flags
configure:4083: i386-apple-darwin15-cc -o conftest -Os -flto -fno-stack-protector -Wno-parentheses-equality -Wno-unused-variable -fPIC  -fdollars-in-identifiers -flto -shared conftest.c  -Wl,--no-undefined >&5
ld: unknown option: --no-undefined
clang: error: linker command failed with exit code 1 (use -v to see invocation)
configure:4083: $? = 1
configure: failed program was:
| /* confdefs.h */
| #define PACKAGE_NAME "OpenModelica Exported FMU"
| #define PACKAGE_TARNAME "openmodelica"
| #define PACKAGE_VERSION "dev"
| #define PACKAGE_STRING "OpenModelica Exported FMU dev"
| #define PACKAGE_BUGREPORT "https://trac.openmodelica.org/OpenModelica"
| #define PACKAGE_URL "https://openmodelica.org"
| #define HAVE_SYS_TYPES_H 1
| #define HAVE_SYS_STAT_H 1
| #define HAVE_STDLIB_H 1
| #define HAVE_STRING_H 1
| #define HAVE_MEMORY_H 1
| #define HAVE_STRINGS_H 1
| #define HAVE_INTTYPES_H 1
| #define HAVE_STDINT_H 1
| #define HAVE_UNISTD_H 1
| #define HAVE_VPRINTF 1
| #define HAVE_STRDUP 1
| #define HAVE_STRERROR 1
| /* end confdefs.h.  */
| 
| int
| main ()
| {
| return 0;
|   ;
|   return 0;
| }
configure:4122: i386-apple-darwin15-cc -o conftest -Os -flto -fno-stack-protector -Wno-parentheses-equality -Wno-unused-variable -fPIC  -fdollars-in-identifiers -flto -shared conftest.c -shared -Wl,-Bstatic -lopenblas  -Wl,-Bdynamic  >&5
ld: unknown option: -Bstatic
clang: error: linker command failed with exit code 1 (use -v to see invocation)
configure:4122: $? = 1
configure: failed program was:
| /* confdefs.h */
| #define PACKAGE_NAME "OpenModelica Exported FMU"
| #define PACKAGE_TARNAME "openmodelica"
| #define PACKAGE_VERSION "dev"
| #define PACKAGE_STRING "OpenModelica Exported FMU dev"
| #define PACKAGE_BUGREPORT "https://trac.openmodelica.org/OpenModelica"
| #define PACKAGE_URL "https://openmodelica.org"
| #define HAVE_SYS_TYPES_H 1
| #define HAVE_SYS_STAT_H 1
| #define HAVE_STDLIB_H 1
| #define HAVE_STRING_H 1
| #define HAVE_MEMORY_H 1
| #define HAVE_STRINGS_H 1
| #define HAVE_INTTYPES_H 1
| #define HAVE_STDINT_H 1
| #define HAVE_UNISTD_H 1
| #define HAVE_VPRINTF 1
| #define HAVE_STRDUP 1
| #define HAVE_STRERROR 1
| /* end confdefs.h.  */
| 
| /* Override any GCC internal prototype to avoid an error.
|    Use char because int might match the return type of a GCC
|    builtin and then its argument prototype would still apply.  */
| #ifdef __cplusplus
| extern "C"
| #endif
| char dgesv_ ();
| int
| main ()
| {
| return dgesv_ ();
|   ;
|   return 0;
| }
configure:4122: i386-apple-darwin15-cc -o conftest -Os -flto -fno-stack-protector -Wno-parentheses-equality -Wno-unused-variable -fPIC  -fdollars-in-identifiers -flto -shared conftest.c -shared -Wl,-Bstatic -lopenblas -lgfortran -Wl,-Bdynamic  >&5
ld: unknown option: -Bstatic
clang: error: linker command failed with exit code 1 (use -v to see invocation)
configure:4122: $? = 1
configure: failed program was:
| /* confdefs.h */
| #define PACKAGE_NAME "OpenModelica Exported FMU"
| #define PACKAGE_TARNAME "openmodelica"
| #define PACKAGE_VERSION "dev"
| #define PACKAGE_STRING "OpenModelica Exported FMU dev"
| #define PACKAGE_BUGREPORT "https://trac.openmodelica.org/OpenModelica"
| #define PACKAGE_URL "https://openmodelica.org"
| #define HAVE_SYS_TYPES_H 1
| #define HAVE_SYS_STAT_H 1
| #define HAVE_STDLIB_H 1
| #define HAVE_STRING_H 1
| #define HAVE_MEMORY_H 1
| #define HAVE_STRINGS_H 1
| #define HAVE_INTTYPES_H 1
| #define HAVE_STDINT_H 1
| #define HAVE_UNISTD_H 1
| #define HAVE_VPRINTF 1
| #define HAVE_STRDUP 1
| #define HAVE_STRERROR 1
| /* end confdefs.h.  */
| 
| /* Override any GCC internal prototype to avoid an error.
|    Use char because int might match the return type of a GCC
|    builtin and then its argument prototype would still apply.  */
| #ifdef __cplusplus
| extern "C"
| #endif
| char dgesv_ ();
| int
| main ()
| {
| return dgesv_ ();
|   ;
|   return 0;
| }
configure:4122: i386-apple-darwin15-cc -o conftest -Os -flto -fno-stack-protector -Wno-parentheses-equality -Wno-unused-variable -fPIC  -fdollars-in-identifiers -flto -shared conftest.c -shared -Wl,-Bstatic -lopenblas -lgfortran -lquadmath -Wl,-Bdynamic  >&5
ld: unknown option: -Bstatic
clang: error: linker command failed with exit code 1 (use -v to see invocation)
configure:4122: $? = 1
configure: failed program was:
| /* confdefs.h */
| #define PACKAGE_NAME "OpenModelica Exported FMU"
| #define PACKAGE_TARNAME "openmodelica"
| #define PACKAGE_VERSION "dev"
| #define PACKAGE_STRING "OpenModelica Exported FMU dev"
| #define PACKAGE_BUGREPORT "https://trac.openmodelica.org/OpenModelica"
| #define PACKAGE_URL "https://openmodelica.org"
| #define HAVE_SYS_TYPES_H 1
| #define HAVE_SYS_STAT_H 1
| #define HAVE_STDLIB_H 1
| #define HAVE_STRING_H 1
| #define HAVE_MEMORY_H 1
| #define HAVE_STRINGS_H 1
| #define HAVE_INTTYPES_H 1
| #define HAVE_STDINT_H 1
| #define HAVE_UNISTD_H 1
| #define HAVE_VPRINTF 1
| #define HAVE_STRDUP 1
| #define HAVE_STRERROR 1
| /* end confdefs.h.  */
| 
| /* Override any GCC internal prototype to avoid an error.
|    Use char because int might match the return type of a GCC
|    builtin and then its argument prototype would still apply.  */
| #ifdef __cplusplus
| extern "C"
| #endif
| char dgesv_ ();
| int
| main ()
| {
| return dgesv_ ();
|   ;
|   return 0;
| }
configure:4181: i386-apple-darwin15-cc -o conftest -Os -flto -fno-stack-protector -Wno-parentheses-equality -Wno-unused-variable -fPIC  -fdollars-in-identifiers -flto -shared conftest.c -shared -Wl,-Bstatic -lopenblas -Wl,-Bdynamic -lm  >&5
ld: unknown option: -Bstatic
clang: error: linker command failed with exit code 1 (use -v to see invocation)
configure:4181: $? = 1
configure: failed program was:
| /* confdefs.h */
| #define PACKAGE_NAME "OpenModelica Exported FMU"
| #define PACKAGE_TARNAME "openmodelica"
| #define PACKAGE_VERSION "dev"
| #define PACKAGE_STRING "OpenModelica Exported FMU dev"
| #define PACKAGE_BUGREPORT "https://trac.openmodelica.org/OpenModelica"
| #define PACKAGE_URL "https://openmodelica.org"
| #define HAVE_SYS_TYPES_H 1
| #define HAVE_SYS_STAT_H 1
| #define HAVE_STDLIB_H 1
| #define HAVE_STRING_H 1
| #define HAVE_MEMORY_H 1
| #define HAVE_STRINGS_H 1
| #define HAVE_INTTYPES_H 1
| #define HAVE_STDINT_H 1
| #define HAVE_UNISTD_H 1
| #define HAVE_VPRINTF 1
| #define HAVE_STRDUP 1
| #define HAVE_STRERROR 1
| /* end confdefs.h.  */
| 
| /* Override any GCC internal prototype to avoid an error.
|    Use char because int might match the return type of a GCC
|    builtin and then its argument prototype would still apply.  */
| #ifdef __cplusplus
| extern "C"
| #endif
| char dgesv_ ();
| int
| main ()
| {
| return dgesv_ ();
|   ;
|   return 0;
| }
configure:4181: i386-apple-darwin15-cc -o conftest -Os -flto -fno-stack-protector -Wno-parentheses-equality -Wno-unused-variable -fPIC  -fdollars-in-identifiers -flto -shared conftest.c -shared -Wl,-Bstatic -lopenblas -Wl,-Bdynamic -lpthread  >&5
ld: unknown option: -Bstatic
clang: error: linker command failed with exit code 1 (use -v to see invocation)
configure:4181: $? = 1
configure: failed program was:
| /* confdefs.h */
| #define PACKAGE_NAME "OpenModelica Exported FMU"
| #define PACKAGE_TARNAME "openmodelica"
| #define PACKAGE_VERSION "dev"
| #define PACKAGE_STRING "OpenModelica Exported FMU dev"
| #define PACKAGE_BUGREPORT "https://trac.openmodelica.org/OpenModelica"
| #define PACKAGE_URL "https://openmodelica.org"
| #define HAVE_SYS_TYPES_H 1
| #define HAVE_SYS_STAT_H 1
| #define HAVE_STDLIB_H 1
| #define HAVE_STRING_H 1
| #define HAVE_MEMORY_H 1
| #define HAVE_STRINGS_H 1
| #define HAVE_INTTYPES_H 1
| #define HAVE_STDINT_H 1
| #define HAVE_UNISTD_H 1
| #define HAVE_VPRINTF 1
| #define HAVE_STRDUP 1
| #define HAVE_STRERROR 1
| /* end confdefs.h.  */
| 
| /* Override any GCC internal prototype to avoid an error.
|    Use char because int might match the return type of a GCC
|    builtin and then its argument prototype would still apply.  */
| #ifdef __cplusplus
| extern "C"
| #endif
| char dgesv_ ();
| int
| main ()
| {
| return dgesv_ ();
|   ;
|   return 0;
| }
configure:4181: i386-apple-darwin15-cc -o conftest -Os -flto -fno-stack-protector -Wno-parentheses-equality -Wno-unused-variable -fPIC  -fdollars-in-identifiers -flto -shared conftest.c -shared -Wl,-Bstatic -lopenblas -Wl,-Bdynamic -lm -lpthread  >&5
ld: unknown option: -Bstatic
clang: error: linker command failed with exit code 1 (use -v to see invocation)
configure:4181: $? = 1
configure: failed program was:
| /* confdefs.h */
| #define PACKAGE_NAME "OpenModelica Exported FMU"
| #define PACKAGE_TARNAME "openmodelica"
| #define PACKAGE_VERSION "dev"
| #define PACKAGE_STRING "OpenModelica Exported FMU dev"
| #define PACKAGE_BUGREPORT "https://trac.openmodelica.org/OpenModelica"
| #define PACKAGE_URL "https://openmodelica.org"
| #define HAVE_SYS_TYPES_H 1
| #define HAVE_SYS_STAT_H 1
| #define HAVE_STDLIB_H 1
| #define HAVE_STRING_H 1
| #define HAVE_MEMORY_H 1
| #define HAVE_STRINGS_H 1
| #define HAVE_INTTYPES_H 1
| #define HAVE_STDINT_H 1
| #define HAVE_UNISTD_H 1
| #define HAVE_VPRINTF 1
| #define HAVE_STRDUP 1
| #define HAVE_STRERROR 1
| /* end confdefs.h.  */
| 
| /* Override any GCC internal prototype to avoid an error.
|    Use char because int might match the return type of a GCC
|    builtin and then its argument prototype would still apply.  */
| #ifdef __cplusplus
| extern "C"
| #endif
| char dgesv_ ();
| int
| main ()
| {
| return dgesv_ ();
|   ;
|   return 0;
| }
configure:4122: i386-apple-darwin15-cc -o conftest -Os -flto -fno-stack-protector -Wno-parentheses-equality -Wno-unused-variable -fPIC  -fdollars-in-identifiers -flto -shared conftest.c -shared -Wl,-Bstatic   -Wl,-Bdynamic  >&5
ld: unknown option: -Bstatic
clang: error: linker command failed with exit code 1 (use -v to see invocation)
configure:4122: $? = 1
configure: failed program was:
| /* confdefs.h */
| #define PACKAGE_NAME "OpenModelica Exported FMU"
| #define PACKAGE_TARNAME "openmodelica"
| #define PACKAGE_VERSION "dev"
| #define PACKAGE_STRING "OpenModelica Exported FMU dev"
| #define PACKAGE_BUGREPORT "https://trac.openmodelica.org/OpenModelica"
| #define PACKAGE_URL "https://openmodelica.org"
| #define HAVE_SYS_TYPES_H 1
| #define HAVE_SYS_STAT_H 1
| #define HAVE_STDLIB_H 1
| #define HAVE_STRING_H 1
| #define HAVE_MEMORY_H 1
| #define HAVE_STRINGS_H 1
| #define HAVE_INTTYPES_H 1
| #define HAVE_STDINT_H 1
| #define HAVE_UNISTD_H 1
| #define HAVE_VPRINTF 1
| #define HAVE_STRDUP 1
| #define HAVE_STRERROR 1
| /* end confdefs.h.  */
| 
| /* Override any GCC internal prototype to avoid an error.
|    Use char because int might match the return type of a GCC
|    builtin and then its argument prototype would still apply.  */
| #ifdef __cplusplus
| extern "C"
| #endif
| char dgesv_ ();
| int
| main ()
| {
| return dgesv_ ();
|   ;
|   return 0;
| }
configure:4122: i386-apple-darwin15-cc -o conftest -Os -flto -fno-stack-protector -Wno-parentheses-equality -Wno-unused-variable -fPIC  -fdollars-in-identifiers -flto -shared conftest.c -shared -Wl,-Bstatic  -lgfortran -Wl,-Bdynamic  >&5
ld: unknown option: -Bstatic
clang: error: linker command failed with exit code 1 (use -v to see invocation)
configure:4122: $? = 1
configure: failed program was:
| /* confdefs.h */
| #define PACKAGE_NAME "OpenModelica Exported FMU"
| #define PACKAGE_TARNAME "openmodelica"
| #define PACKAGE_VERSION "dev"
| #define PACKAGE_STRING "OpenModelica Exported FMU dev"
| #define PACKAGE_BUGREPORT "https://trac.openmodelica.org/OpenModelica"
| #define PACKAGE_URL "https://openmodelica.org"
| #define HAVE_SYS_TYPES_H 1
| #define HAVE_SYS_STAT_H 1
| #define HAVE_STDLIB_H 1
| #define HAVE_STRING_H 1
| #define HAVE_MEMORY_H 1
| #define HAVE_STRINGS_H 1
| #define HAVE_INTTYPES_H 1
| #define HAVE_STDINT_H 1
| #define HAVE_UNISTD_H 1
| #define HAVE_VPRINTF 1
| #define HAVE_STRDUP 1
| #define HAVE_STRERROR 1
| /* end confdefs.h.  */
| 
| /* Override any GCC internal prototype to avoid an error.
|    Use char because int might match the return type of a GCC
|    builtin and then its argument prototype would still apply.  */
| #ifdef __cplusplus
| extern "C"
| #endif
| char dgesv_ ();
| int
| main ()
| {
| return dgesv_ ();
|   ;
|   return 0;
| }
configure:4122: i386-apple-darwin15-cc -o conftest -Os -flto -fno-stack-protector -Wno-parentheses-equality -Wno-unused-variable -fPIC  -fdollars-in-identifiers -flto -shared conftest.c -shared -Wl,-Bstatic  -lgfortran -lquadmath -Wl,-Bdynamic  >&5
ld: unknown option: -Bstatic
clang: error: linker command failed with exit code 1 (use -v to see invocation)
configure:4122: $? = 1
configure: failed program was:
| /* confdefs.h */
| #define PACKAGE_NAME "OpenModelica Exported FMU"
| #define PACKAGE_TARNAME "openmodelica"
| #define PACKAGE_VERSION "dev"
| #define PACKAGE_STRING "OpenModelica Exported FMU dev"
| #define PACKAGE_BUGREPORT "https://trac.openmodelica.org/OpenModelica"
| #define PACKAGE_URL "https://openmodelica.org"
| #define HAVE_SYS_TYPES_H 1
| #define HAVE_SYS_STAT_H 1
| #define HAVE_STDLIB_H 1
| #define HAVE_STRING_H 1
| #define HAVE_MEMORY_H 1
| #define HAVE_STRINGS_H 1
| #define HAVE_INTTYPES_H 1
| #define HAVE_STDINT_H 1
| #define HAVE_UNISTD_H 1
| #define HAVE_VPRINTF 1
| #define HAVE_STRDUP 1
| #define HAVE_STRERROR 1
| /* end confdefs.h.  */
| 
| /* Override any GCC internal prototype to avoid an error.
|    Use char because int might match the return type of a GCC
|    builtin and then its argument prototype would still apply.  */
| #ifdef __cplusplus
| extern "C"
| #endif
| char dgesv_ ();
| int
| main ()
| {
| return dgesv_ ();
|   ;
|   return 0;
| }
configure:4181: i386-apple-darwin15-cc -o conftest -Os -flto -fno-stack-protector -Wno-parentheses-equality -Wno-unused-variable -fPIC  -fdollars-in-identifiers -flto -shared conftest.c -shared -Wl,-Bstatic  -Wl,-Bdynamic -lm  >&5
ld: unknown option: -Bstatic
clang: error: linker command failed with exit code 1 (use -v to see invocation)
configure:4181: $? = 1
configure: failed program was:
| /* confdefs.h */
| #define PACKAGE_NAME "OpenModelica Exported FMU"
| #define PACKAGE_TARNAME "openmodelica"
| #define PACKAGE_VERSION "dev"
| #define PACKAGE_STRING "OpenModelica Exported FMU dev"
| #define PACKAGE_BUGREPORT "https://trac.openmodelica.org/OpenModelica"
| #define PACKAGE_URL "https://openmodelica.org"
| #define HAVE_SYS_TYPES_H 1
| #define HAVE_SYS_STAT_H 1
| #define HAVE_STDLIB_H 1
| #define HAVE_STRING_H 1
| #define HAVE_MEMORY_H 1
| #define HAVE_STRINGS_H 1
| #define HAVE_INTTYPES_H 1
| #define HAVE_STDINT_H 1
| #define HAVE_UNISTD_H 1
| #define HAVE_VPRINTF 1
| #define HAVE_STRDUP 1
| #define HAVE_STRERROR 1
| /* end confdefs.h.  */
| 
| /* Override any GCC internal prototype to avoid an error.
|    Use char because int might match the return type of a GCC
|    builtin and then its argument prototype would still apply.  */
| #ifdef __cplusplus
| extern "C"
| #endif
| char dgesv_ ();
| int
| main ()
| {
| return dgesv_ ();
|   ;
|   return 0;
| }
configure:4181: i386-apple-darwin15-cc -o conftest -Os -flto -fno-stack-protector -Wno-parentheses-equality -Wno-unused-variable -fPIC  -fdollars-in-identifiers -flto -shared conftest.c -shared -Wl,-Bstatic  -Wl,-Bdynamic -lpthread  >&5
ld: unknown option: -Bstatic
clang: error: linker command failed with exit code 1 (use -v to see invocation)
configure:4181: $? = 1
configure: failed program was:
| /* confdefs.h */
| #define PACKAGE_NAME "OpenModelica Exported FMU"
| #define PACKAGE_TARNAME "openmodelica"
| #define PACKAGE_VERSION "dev"
| #define PACKAGE_STRING "OpenModelica Exported FMU dev"
| #define PACKAGE_BUGREPORT "https://trac.openmodelica.org/OpenModelica"
| #define PACKAGE_URL "https://openmodelica.org"
| #define HAVE_SYS_TYPES_H 1
| #define HAVE_SYS_STAT_H 1
| #define HAVE_STDLIB_H 1
| #define HAVE_STRING_H 1
| #define HAVE_MEMORY_H 1
| #define HAVE_STRINGS_H 1
| #define HAVE_INTTYPES_H 1
| #define HAVE_STDINT_H 1
| #define HAVE_UNISTD_H 1
| #define HAVE_VPRINTF 1
| #define HAVE_STRDUP 1
| #define HAVE_STRERROR 1
| /* end confdefs.h.  */
| 
| /* Override any GCC internal prototype to avoid an error.
|    Use char because int might match the return type of a GCC
|    builtin and then its argument prototype would still apply.  */
| #ifdef __cplusplus
| extern "C"
| #endif
| char dgesv_ ();
| int
| main ()
| {
| return dgesv_ ();
|   ;
|   return 0;
| }
configure:4181: i386-apple-darwin15-cc -o conftest -Os -flto -fno-stack-protector -Wno-parentheses-equality -Wno-unused-variable -fPIC  -fdollars-in-identifiers -flto -shared conftest.c -shared -Wl,-Bstatic  -Wl,-Bdynamic -lm -lpthread  >&5
ld: unknown option: -Bstatic
clang: error: linker command failed with exit code 1 (use -v to see invocation)
configure:4181: $? = 1
configure: failed program was:
| /* confdefs.h */
| #define PACKAGE_NAME "OpenModelica Exported FMU"
| #define PACKAGE_TARNAME "openmodelica"
| #define PACKAGE_VERSION "dev"
| #define PACKAGE_STRING "OpenModelica Exported FMU dev"
| #define PACKAGE_BUGREPORT "https://trac.openmodelica.org/OpenModelica"
| #define PACKAGE_URL "https://openmodelica.org"
| #define HAVE_SYS_TYPES_H 1
| #define HAVE_SYS_STAT_H 1
| #define HAVE_STDLIB_H 1
| #define HAVE_STRING_H 1
| #define HAVE_MEMORY_H 1
| #define HAVE_STRINGS_H 1
| #define HAVE_INTTYPES_H 1
| #define HAVE_STDINT_H 1
| #define HAVE_UNISTD_H 1
| #define HAVE_VPRINTF 1
| #define HAVE_STRDUP 1
| #define HAVE_STRERROR 1
| /* end confdefs.h.  */
| 
| /* Override any GCC internal prototype to avoid an error.
|    Use char because int might match the return type of a GCC
|    builtin and then its argument prototype would still apply.  */
| #ifdef __cplusplus
| extern "C"
| #endif
| char dgesv_ ();
| int
| main ()
| {
| return dgesv_ ();
|   ;
|   return 0;
| }
configure:4122: i386-apple-darwin15-cc -o conftest -Os -flto -fno-stack-protector -Wno-parentheses-equality -Wno-unused-variable -fPIC  -fdollars-in-identifiers -flto -shared conftest.c -shared -Wl,-Bstatic   -Wl,-Bdynamic  >&5
ld: unknown option: -Bstatic
clang: error: linker command failed with exit code 1 (use -v to see invocation)
configure:4122: $? = 1
configure: failed program was:
| /* confdefs.h */
| #define PACKAGE_NAME "OpenModelica Exported FMU"
| #define PACKAGE_TARNAME "openmodelica"
| #define PACKAGE_VERSION "dev"
| #define PACKAGE_STRING "OpenModelica Exported FMU dev"
| #define PACKAGE_BUGREPORT "https://trac.openmodelica.org/OpenModelica"
| #define PACKAGE_URL "https://openmodelica.org"
| #define HAVE_SYS_TYPES_H 1
| #define HAVE_SYS_STAT_H 1
| #define HAVE_STDLIB_H 1
| #define HAVE_STRING_H 1
| #define HAVE_MEMORY_H 1
| #define HAVE_STRINGS_H 1
| #define HAVE_INTTYPES_H 1
| #define HAVE_STDINT_H 1
| #define HAVE_UNISTD_H 1
| #define HAVE_VPRINTF 1
| #define HAVE_STRDUP 1
| #define HAVE_STRERROR 1
| /* end confdefs.h.  */
| 
| /* Override any GCC internal prototype to avoid an error.
|    Use char because int might match the return type of a GCC
|    builtin and then its argument prototype would still apply.  */
| #ifdef __cplusplus
| extern "C"
| #endif
| char dgesv_ ();
| int
| main ()
| {
| return dgesv_ ();
|   ;
|   return 0;
| }
configure:4122: i386-apple-darwin15-cc -o conftest -Os -flto -fno-stack-protector -Wno-parentheses-equality -Wno-unused-variable -fPIC  -fdollars-in-identifiers -flto -shared conftest.c -shared -Wl,-Bstatic  -lgfortran -Wl,-Bdynamic  >&5
ld: unknown option: -Bstatic
clang: error: linker command failed with exit code 1 (use -v to see invocation)
configure:4122: $? = 1
configure: failed program was:
| /* confdefs.h */
| #define PACKAGE_NAME "OpenModelica Exported FMU"
| #define PACKAGE_TARNAME "openmodelica"
| #define PACKAGE_VERSION "dev"
| #define PACKAGE_STRING "OpenModelica Exported FMU dev"
| #define PACKAGE_BUGREPORT "https://trac.openmodelica.org/OpenModelica"
| #define PACKAGE_URL "https://openmodelica.org"
| #define HAVE_SYS_TYPES_H 1
| #define HAVE_SYS_STAT_H 1
| #define HAVE_STDLIB_H 1
| #define HAVE_STRING_H 1
| #define HAVE_MEMORY_H 1
| #define HAVE_STRINGS_H 1
| #define HAVE_INTTYPES_H 1
| #define HAVE_STDINT_H 1
| #define HAVE_UNISTD_H 1
| #define HAVE_VPRINTF 1
| #define HAVE_STRDUP 1
| #define HAVE_STRERROR 1
| /* end confdefs.h.  */
| 
| /* Override any GCC internal prototype to avoid an error.
|    Use char because int might match the return type of a GCC
|    builtin and then its argument prototype would still apply.  */
| #ifdef __cplusplus
| extern "C"
| #endif
| char dgesv_ ();
| int
| main ()
| {
| return dgesv_ ();
|   ;
|   return 0;
| }
configure:4122: i386-apple-darwin15-cc -o conftest -Os -flto -fno-stack-protector -Wno-parentheses-equality -Wno-unused-variable -fPIC  -fdollars-in-identifiers -flto -shared conftest.c -shared -Wl,-Bstatic  -lgfortran -lquadmath -Wl,-Bdynamic  >&5
ld: unknown option: -Bstatic
clang: error: linker command failed with exit code 1 (use -v to see invocation)
configure:4122: $? = 1
configure: failed program was:
| /* confdefs.h */
| #define PACKAGE_NAME "OpenModelica Exported FMU"
| #define PACKAGE_TARNAME "openmodelica"
| #define PACKAGE_VERSION "dev"
| #define PACKAGE_STRING "OpenModelica Exported FMU dev"
| #define PACKAGE_BUGREPORT "https://trac.openmodelica.org/OpenModelica"
| #define PACKAGE_URL "https://openmodelica.org"
| #define HAVE_SYS_TYPES_H 1
| #define HAVE_SYS_STAT_H 1
| #define HAVE_STDLIB_H 1
| #define HAVE_STRING_H 1
| #define HAVE_MEMORY_H 1
| #define HAVE_STRINGS_H 1
| #define HAVE_INTTYPES_H 1
| #define HAVE_STDINT_H 1
| #define HAVE_UNISTD_H 1
| #define HAVE_VPRINTF 1
| #define HAVE_STRDUP 1
| #define HAVE_STRERROR 1
| /* end confdefs.h.  */
| 
| /* Override any GCC internal prototype to avoid an error.
|    Use char because int might match the return type of a GCC
|    builtin and then its argument prototype would still apply.  */
| #ifdef __cplusplus
| extern "C"
| #endif
| char dgesv_ ();
| int
| main ()
| {
| return dgesv_ ();
|   ;
|   return 0;
| }
configure:4181: i386-apple-darwin15-cc -o conftest -Os -flto -fno-stack-protector -Wno-parentheses-equality -Wno-unused-variable -fPIC  -fdollars-in-identifiers -flto -shared conftest.c -shared -Wl,-Bstatic  -Wl,-Bdynamic -lm  >&5
ld: unknown option: -Bstatic
clang: error: linker command failed with exit code 1 (use -v to see invocation)
configure:4181: $? = 1
configure: failed program was:
| /* confdefs.h */
| #define PACKAGE_NAME "OpenModelica Exported FMU"
| #define PACKAGE_TARNAME "openmodelica"
| #define PACKAGE_VERSION "dev"
| #define PACKAGE_STRING "OpenModelica Exported FMU dev"
| #define PACKAGE_BUGREPORT "https://trac.openmodelica.org/OpenModelica"
| #define PACKAGE_URL "https://openmodelica.org"
| #define HAVE_SYS_TYPES_H 1
| #define HAVE_SYS_STAT_H 1
| #define HAVE_STDLIB_H 1
| #define HAVE_STRING_H 1
| #define HAVE_MEMORY_H 1
| #define HAVE_STRINGS_H 1
| #define HAVE_INTTYPES_H 1
| #define HAVE_STDINT_H 1
| #define HAVE_UNISTD_H 1
| #define HAVE_VPRINTF 1
| #define HAVE_STRDUP 1
| #define HAVE_STRERROR 1
| /* end confdefs.h.  */
| 
| /* Override any GCC internal prototype to avoid an error.
|    Use char because int might match the return type of a GCC
|    builtin and then its argument prototype would still apply.  */
| #ifdef __cplusplus
| extern "C"
| #endif
| char dgesv_ ();
| int
| main ()
| {
| return dgesv_ ();
|   ;
|   return 0;
| }
configure:4181: i386-apple-darwin15-cc -o conftest -Os -flto -fno-stack-protector -Wno-parentheses-equality -Wno-unused-variable -fPIC  -fdollars-in-identifiers -flto -shared conftest.c -shared -Wl,-Bstatic  -Wl,-Bdynamic -lpthread  >&5
ld: unknown option: -Bstatic
clang: error: linker command failed with exit code 1 (use -v to see invocation)
configure:4181: $? = 1
configure: failed program was:
| /* confdefs.h */
| #define PACKAGE_NAME "OpenModelica Exported FMU"
| #define PACKAGE_TARNAME "openmodelica"
| #define PACKAGE_VERSION "dev"
| #define PACKAGE_STRING "OpenModelica Exported FMU dev"
| #define PACKAGE_BUGREPORT "https://trac.openmodelica.org/OpenModelica"
| #define PACKAGE_URL "https://openmodelica.org"
| #define HAVE_SYS_TYPES_H 1
| #define HAVE_SYS_STAT_H 1
| #define HAVE_STDLIB_H 1
| #define HAVE_STRING_H 1
| #define HAVE_MEMORY_H 1
| #define HAVE_STRINGS_H 1
| #define HAVE_INTTYPES_H 1
| #define HAVE_STDINT_H 1
| #define HAVE_UNISTD_H 1
| #define HAVE_VPRINTF 1
| #define HAVE_STRDUP 1
| #define HAVE_STRERROR 1
| /* end confdefs.h.  */
| 
| /* Override any GCC internal prototype to avoid an error.
|    Use char because int might match the return type of a GCC
|    builtin and then its argument prototype would still apply.  */
| #ifdef __cplusplus
| extern "C"
| #endif
| char dgesv_ ();
| int
| main ()
| {
| return dgesv_ ();
|   ;
|   return 0;
| }
configure:4181: i386-apple-darwin15-cc -o conftest -Os -flto -fno-stack-protector -Wno-parentheses-equality -Wno-unused-variable -fPIC  -fdollars-in-identifiers -flto -shared conftest.c -shared -Wl,-Bstatic  -Wl,-Bdynamic -lm -lpthread  >&5
ld: unknown option: -Bstatic
clang: error: linker command failed with exit code 1 (use -v to see invocation)
configure:4181: $? = 1
configure: failed program was:
| /* confdefs.h */
| #define PACKAGE_NAME "OpenModelica Exported FMU"
| #define PACKAGE_TARNAME "openmodelica"
| #define PACKAGE_VERSION "dev"
| #define PACKAGE_STRING "OpenModelica Exported FMU dev"
| #define PACKAGE_BUGREPORT "https://trac.openmodelica.org/OpenModelica"
| #define PACKAGE_URL "https://openmodelica.org"
| #define HAVE_SYS_TYPES_H 1
| #define HAVE_SYS_STAT_H 1
| #define HAVE_STDLIB_H 1
| #define HAVE_STRING_H 1
| #define HAVE_MEMORY_H 1
| #define HAVE_STRINGS_H 1
| #define HAVE_INTTYPES_H 1
| #define HAVE_STDINT_H 1
| #define HAVE_UNISTD_H 1
| #define HAVE_VPRINTF 1
| #define HAVE_STRDUP 1
| #define HAVE_STRERROR 1
| /* end confdefs.h.  */
| 
| /* Override any GCC internal prototype to avoid an error.
|    Use char because int might match the return type of a GCC
|    builtin and then its argument prototype would still apply.  */
| #ifdef __cplusplus
| extern "C"
| #endif
| char dgesv_ ();
| int
| main ()
| {
| return dgesv_ ();
|   ;
|   return 0;
| }
configure:4122: i386-apple-darwin15-cc -o conftest -Os -flto -fno-stack-protector -Wno-parentheses-equality -Wno-unused-variable -fPIC  -fdollars-in-identifiers -flto -shared conftest.c -shared -Wl,-Bstatic -llapack -lblas  -Wl,-Bdynamic  >&5
ld: unknown option: -Bstatic
clang: error: linker command failed with exit code 1 (use -v to see invocation)
configure:4122: $? = 1
configure: failed program was:
| /* confdefs.h */
| #define PACKAGE_NAME "OpenModelica Exported FMU"
| #define PACKAGE_TARNAME "openmodelica"
| #define PACKAGE_VERSION "dev"
| #define PACKAGE_STRING "OpenModelica Exported FMU dev"
| #define PACKAGE_BUGREPORT "https://trac.openmodelica.org/OpenModelica"
| #define PACKAGE_URL "https://openmodelica.org"
| #define HAVE_SYS_TYPES_H 1
| #define HAVE_SYS_STAT_H 1
| #define HAVE_STDLIB_H 1
| #define HAVE_STRING_H 1
| #define HAVE_MEMORY_H 1
| #define HAVE_STRINGS_H 1
| #define HAVE_INTTYPES_H 1
| #define HAVE_STDINT_H 1
| #define HAVE_UNISTD_H 1
| #define HAVE_VPRINTF 1
| #define HAVE_STRDUP 1
| #define HAVE_STRERROR 1
| /* end confdefs.h.  */
| 
| /* Override any GCC internal prototype to avoid an error.
|    Use char because int might match the return type of a GCC
|    builtin and then its argument prototype would still apply.  */
| #ifdef __cplusplus
| extern "C"
| #endif
| char dgesv_ ();
| int
| main ()
| {
| return dgesv_ ();
|   ;
|   return 0;
| }
configure:4122: i386-apple-darwin15-cc -o conftest -Os -flto -fno-stack-protector -Wno-parentheses-equality -Wno-unused-variable -fPIC  -fdollars-in-identifiers -flto -shared conftest.c -shared -Wl,-Bstatic -llapack -lblas -lgfortran -Wl,-Bdynamic  >&5
ld: unknown option: -Bstatic
clang: error: linker command failed with exit code 1 (use -v to see invocation)
configure:4122: $? = 1
configure: failed program was:
| /* confdefs.h */
| #define PACKAGE_NAME "OpenModelica Exported FMU"
| #define PACKAGE_TARNAME "openmodelica"
| #define PACKAGE_VERSION "dev"
| #define PACKAGE_STRING "OpenModelica Exported FMU dev"
| #define PACKAGE_BUGREPORT "https://trac.openmodelica.org/OpenModelica"
| #define PACKAGE_URL "https://openmodelica.org"
| #define HAVE_SYS_TYPES_H 1
| #define HAVE_SYS_STAT_H 1
| #define HAVE_STDLIB_H 1
| #define HAVE_STRING_H 1
| #define HAVE_MEMORY_H 1
| #define HAVE_STRINGS_H 1
| #define HAVE_INTTYPES_H 1
| #define HAVE_STDINT_H 1
| #define HAVE_UNISTD_H 1
| #define HAVE_VPRINTF 1
| #define HAVE_STRDUP 1
| #define HAVE_STRERROR 1
| /* end confdefs.h.  */
| 
| /* Override any GCC internal prototype to avoid an error.
|    Use char because int might match the return type of a GCC
|    builtin and then its argument prototype would still apply.  */
| #ifdef __cplusplus
| extern "C"
| #endif
| char dgesv_ ();
| int
| main ()
| {
| return dgesv_ ();
|   ;
|   return 0;
| }
configure:4122: i386-apple-darwin15-cc -o conftest -Os -flto -fno-stack-protector -Wno-parentheses-equality -Wno-unused-variable -fPIC  -fdollars-in-identifiers -flto -shared conftest.c -shared -Wl,-Bstatic -llapack -lblas -lgfortran -lquadmath -Wl,-Bdynamic  >&5
ld: unknown option: -Bstatic
clang: error: linker command failed with exit code 1 (use -v to see invocation)
configure:4122: $? = 1
configure: failed program was:
| /* confdefs.h */
| #define PACKAGE_NAME "OpenModelica Exported FMU"
| #define PACKAGE_TARNAME "openmodelica"
| #define PACKAGE_VERSION "dev"
| #define PACKAGE_STRING "OpenModelica Exported FMU dev"
| #define PACKAGE_BUGREPORT "https://trac.openmodelica.org/OpenModelica"
| #define PACKAGE_URL "https://openmodelica.org"
| #define HAVE_SYS_TYPES_H 1
| #define HAVE_SYS_STAT_H 1
| #define HAVE_STDLIB_H 1
| #define HAVE_STRING_H 1
| #define HAVE_MEMORY_H 1
| #define HAVE_STRINGS_H 1
| #define HAVE_INTTYPES_H 1
| #define HAVE_STDINT_H 1
| #define HAVE_UNISTD_H 1
| #define HAVE_VPRINTF 1
| #define HAVE_STRDUP 1
| #define HAVE_STRERROR 1
| /* end confdefs.h.  */
| 
| /* Override any GCC internal prototype to avoid an error.
|    Use char because int might match the return type of a GCC
|    builtin and then its argument prototype would still apply.  */
| #ifdef __cplusplus
| extern "C"
| #endif
| char dgesv_ ();
| int
| main ()
| {
| return dgesv_ ();
|   ;
|   return 0;
| }
configure:4181: i386-apple-darwin15-cc -o conftest -Os -flto -fno-stack-protector -Wno-parentheses-equality -Wno-unused-variable -fPIC  -fdollars-in-identifiers -flto -shared conftest.c -shared -Wl,-Bstatic -llapack -lblas -Wl,-Bdynamic -lm  >&5
ld: unknown option: -Bstatic
clang: error: linker command failed with exit code 1 (use -v to see invocation)
configure:4181: $? = 1
configure: failed program was:
| /* confdefs.h */
| #define PACKAGE_NAME "OpenModelica Exported FMU"
| #define PACKAGE_TARNAME "openmodelica"
| #define PACKAGE_VERSION "dev"
| #define PACKAGE_STRING "OpenModelica Exported FMU dev"
| #define PACKAGE_BUGREPORT "https://trac.openmodelica.org/OpenModelica"
| #define PACKAGE_URL "https://openmodelica.org"
| #define HAVE_SYS_TYPES_H 1
| #define HAVE_SYS_STAT_H 1
| #define HAVE_STDLIB_H 1
| #define HAVE_STRING_H 1
| #define HAVE_MEMORY_H 1
| #define HAVE_STRINGS_H 1
| #define HAVE_INTTYPES_H 1
| #define HAVE_STDINT_H 1
| #define HAVE_UNISTD_H 1
| #define HAVE_VPRINTF 1
| #define HAVE_STRDUP 1
| #define HAVE_STRERROR 1
| /* end confdefs.h.  */
| 
| /* Override any GCC internal prototype to avoid an error.
|    Use char because int might match the return type of a GCC
|    builtin and then its argument prototype would still apply.  */
| #ifdef __cplusplus
| extern "C"
| #endif
| char dgesv_ ();
| int
| main ()
| {
| return dgesv_ ();
|   ;
|   return 0;
| }
configure:4181: i386-apple-darwin15-cc -o conftest -Os -flto -fno-stack-protector -Wno-parentheses-equality -Wno-unused-variable -fPIC  -fdollars-in-identifiers -flto -shared conftest.c -shared -Wl,-Bstatic -llapack -lblas -Wl,-Bdynamic -lpthread  >&5
ld: unknown option: -Bstatic
clang: error: linker command failed with exit code 1 (use -v to see invocation)
configure:4181: $? = 1
configure: failed program was:
| /* confdefs.h */
| #define PACKAGE_NAME "OpenModelica Exported FMU"
| #define PACKAGE_TARNAME "openmodelica"
| #define PACKAGE_VERSION "dev"
| #define PACKAGE_STRING "OpenModelica Exported FMU dev"
| #define PACKAGE_BUGREPORT "https://trac.openmodelica.org/OpenModelica"
| #define PACKAGE_URL "https://openmodelica.org"
| #define HAVE_SYS_TYPES_H 1
| #define HAVE_SYS_STAT_H 1
| #define HAVE_STDLIB_H 1
| #define HAVE_STRING_H 1
| #define HAVE_MEMORY_H 1
| #define HAVE_STRINGS_H 1
| #define HAVE_INTTYPES_H 1
| #define HAVE_STDINT_H 1
| #define HAVE_UNISTD_H 1
| #define HAVE_VPRINTF 1
| #define HAVE_STRDUP 1
| #define HAVE_STRERROR 1
| /* end confdefs.h.  */
| 
| /* Override any GCC internal prototype to avoid an error.
|    Use char because int might match the return type of a GCC
|    builtin and then its argument prototype would still apply.  */
| #ifdef __cplusplus
| extern "C"
| #endif
| char dgesv_ ();
| int
| main ()
| {
| return dgesv_ ();
|   ;
|   return 0;
| }
configure:4181: i386-apple-darwin15-cc -o conftest -Os -flto -fno-stack-protector -Wno-parentheses-equality -Wno-unused-variable -fPIC  -fdollars-in-identifiers -flto -shared conftest.c -shared -Wl,-Bstatic -llapack -lblas -Wl,-Bdynamic -lm -lpthread  >&5
ld: unknown option: -Bstatic
clang: error: linker command failed with exit code 1 (use -v to see invocation)
configure:4181: $? = 1
configure: failed program was:
| /* confdefs.h */
| #define PACKAGE_NAME "OpenModelica Exported FMU"
| #define PACKAGE_TARNAME "openmodelica"
| #define PACKAGE_VERSION "dev"
| #define PACKAGE_STRING "OpenModelica Exported FMU dev"
| #define PACKAGE_BUGREPORT "https://trac.openmodelica.org/OpenModelica"
| #define PACKAGE_URL "https://openmodelica.org"
| #define HAVE_SYS_TYPES_H 1
| #define HAVE_SYS_STAT_H 1
| #define HAVE_STDLIB_H 1
| #define HAVE_STRING_H 1
| #define HAVE_MEMORY_H 1
| #define HAVE_STRINGS_H 1
| #define HAVE_INTTYPES_H 1
| #define HAVE_STDINT_H 1
| #define HAVE_UNISTD_H 1
| #define HAVE_VPRINTF 1
| #define HAVE_STRDUP 1
| #define HAVE_STRERROR 1
| /* end confdefs.h.  */
| 
| /* Override any GCC internal prototype to avoid an error.
|    Use char because int might match the return type of a GCC
|    builtin and then its argument prototype would still apply.  */
| #ifdef __cplusplus
| extern "C"
| #endif
| char dgesv_ ();
| int
| main ()
| {
| return dgesv_ ();
|   ;
|   return 0;
| }
configure:4122: i386-apple-darwin15-cc -o conftest -Os -flto -fno-stack-protector -Wno-parentheses-equality -Wno-unused-variable -fPIC  -fdollars-in-identifiers -flto -shared conftest.c -shared -Wl,-Bstatic -llapack -lblas -lm -latlas  -Wl,-Bdynamic  >&5
ld: unknown option: -Bstatic
clang: error: linker command failed with exit code 1 (use -v to see invocation)
configure:4122: $? = 1
configure: failed program was:
| /* confdefs.h */
| #define PACKAGE_NAME "OpenModelica Exported FMU"
| #define PACKAGE_TARNAME "openmodelica"
| #define PACKAGE_VERSION "dev"
| #define PACKAGE_STRING "OpenModelica Exported FMU dev"
| #define PACKAGE_BUGREPORT "https://trac.openmodelica.org/OpenModelica"
| #define PACKAGE_URL "https://openmodelica.org"
| #define HAVE_SYS_TYPES_H 1
| #define HAVE_SYS_STAT_H 1
| #define HAVE_STDLIB_H 1
| #define HAVE_STRING_H 1
| #define HAVE_MEMORY_H 1
| #define HAVE_STRINGS_H 1
| #define HAVE_INTTYPES_H 1
| #define HAVE_STDINT_H 1
| #define HAVE_UNISTD_H 1
| #define HAVE_VPRINTF 1
| #define HAVE_STRDUP 1
| #define HAVE_STRERROR 1
| /* end confdefs.h.  */
| 
| /* Override any GCC internal prototype to avoid an error.
|    Use char because int might match the return type of a GCC
|    builtin and then its argument prototype would still apply.  */
| #ifdef __cplusplus
| extern "C"
| #endif
| char dgesv_ ();
| int
| main ()
| {
| return dgesv_ ();
|   ;
|   return 0;
| }
configure:4122: i386-apple-darwin15-cc -o conftest -Os -flto -fno-stack-protector -Wno-parentheses-equality -Wno-unused-variable -fPIC  -fdollars-in-identifiers -flto -shared conftest.c -shared -Wl,-Bstatic -llapack -lblas -lm -latlas -lgfortran -Wl,-Bdynamic  >&5
ld: unknown option: -Bstatic
clang: error: linker command failed with exit code 1 (use -v to see invocation)
configure:4122: $? = 1
configure: failed program was:
| /* confdefs.h */
| #define PACKAGE_NAME "OpenModelica Exported FMU"
| #define PACKAGE_TARNAME "openmodelica"
| #define PACKAGE_VERSION "dev"
| #define PACKAGE_STRING "OpenModelica Exported FMU dev"
| #define PACKAGE_BUGREPORT "https://trac.openmodelica.org/OpenModelica"
| #define PACKAGE_URL "https://openmodelica.org"
| #define HAVE_SYS_TYPES_H 1
| #define HAVE_SYS_STAT_H 1
| #define HAVE_STDLIB_H 1
| #define HAVE_STRING_H 1
| #define HAVE_MEMORY_H 1
| #define HAVE_STRINGS_H 1
| #define HAVE_INTTYPES_H 1
| #define HAVE_STDINT_H 1
| #define HAVE_UNISTD_H 1
| #define HAVE_VPRINTF 1
| #define HAVE_STRDUP 1
| #define HAVE_STRERROR 1
| /* end confdefs.h.  */
| 
| /* Override any GCC internal prototype to avoid an error.
|    Use char because int might match the return type of a GCC
|    builtin and then its argument prototype would still apply.  */
| #ifdef __cplusplus
| extern "C"
| #endif
| char dgesv_ ();
| int
| main ()
| {
| return dgesv_ ();
|   ;
|   return 0;
| }
configure:4122: i386-apple-darwin15-cc -o conftest -Os -flto -fno-stack-protector -Wno-parentheses-equality -Wno-unused-variable -fPIC  -fdollars-in-identifiers -flto -shared conftest.c -shared -Wl,-Bstatic -llapack -lblas -lm -latlas -lgfortran -lquadmath -Wl,-Bdynamic  >&5
ld: unknown option: -Bstatic
clang: error: linker command failed with exit code 1 (use -v to see invocation)
configure:4122: $? = 1
configure: failed program was:
| /* confdefs.h */
| #define PACKAGE_NAME "OpenModelica Exported FMU"
| #define PACKAGE_TARNAME "openmodelica"
| #define PACKAGE_VERSION "dev"
| #define PACKAGE_STRING "OpenModelica Exported FMU dev"
| #define PACKAGE_BUGREPORT "https://trac.openmodelica.org/OpenModelica"
| #define PACKAGE_URL "https://openmodelica.org"
| #define HAVE_SYS_TYPES_H 1
| #define HAVE_SYS_STAT_H 1
| #define HAVE_STDLIB_H 1
| #define HAVE_STRING_H 1
| #define HAVE_MEMORY_H 1
| #define HAVE_STRINGS_H 1
| #define HAVE_INTTYPES_H 1
| #define HAVE_STDINT_H 1
| #define HAVE_UNISTD_H 1
| #define HAVE_VPRINTF 1
| #define HAVE_STRDUP 1
| #define HAVE_STRERROR 1
| /* end confdefs.h.  */
| 
| /* Override any GCC internal prototype to avoid an error.
|    Use char because int might match the return type of a GCC
|    builtin and then its argument prototype would still apply.  */
| #ifdef __cplusplus
| extern "C"
| #endif
| char dgesv_ ();
| int
| main ()
| {
| return dgesv_ ();
|   ;
|   return 0;
| }
configure:4181: i386-apple-darwin15-cc -o conftest -Os -flto -fno-stack-protector -Wno-parentheses-equality -Wno-unused-variable -fPIC  -fdollars-in-identifiers -flto -shared conftest.c -shared -Wl,-Bstatic -llapack -lblas -lm -latlas -Wl,-Bdynamic -lm  >&5
ld: unknown option: -Bstatic
clang: error: linker command failed with exit code 1 (use -v to see invocation)
configure:4181: $? = 1
configure: failed program was:
| /* confdefs.h */
| #define PACKAGE_NAME "OpenModelica Exported FMU"
| #define PACKAGE_TARNAME "openmodelica"
| #define PACKAGE_VERSION "dev"
| #define PACKAGE_STRING "OpenModelica Exported FMU dev"
| #define PACKAGE_BUGREPORT "https://trac.openmodelica.org/OpenModelica"
| #define PACKAGE_URL "https://openmodelica.org"
| #define HAVE_SYS_TYPES_H 1
| #define HAVE_SYS_STAT_H 1
| #define HAVE_STDLIB_H 1
| #define HAVE_STRING_H 1
| #define HAVE_MEMORY_H 1
| #define HAVE_STRINGS_H 1
| #define HAVE_INTTYPES_H 1
| #define HAVE_STDINT_H 1
| #define HAVE_UNISTD_H 1
| #define HAVE_VPRINTF 1
| #define HAVE_STRDUP 1
| #define HAVE_STRERROR 1
| /* end confdefs.h.  */
| 
| /* Override any GCC internal prototype to avoid an error.
|    Use char because int might match the return type of a GCC
|    builtin and then its argument prototype would still apply.  */
| #ifdef __cplusplus
| extern "C"
| #endif
| char dgesv_ ();
| int
| main ()
| {
| return dgesv_ ();
|   ;
|   return 0;
| }
configure:4181: i386-apple-darwin15-cc -o conftest -Os -flto -fno-stack-protector -Wno-parentheses-equality -Wno-unused-variable -fPIC  -fdollars-in-identifiers -flto -shared conftest.c -shared -Wl,-Bstatic -llapack -lblas -lm -latlas -Wl,-Bdynamic -lpthread  >&5
ld: unknown option: -Bstatic
clang: error: linker command failed with exit code 1 (use -v to see invocation)
configure:4181: $? = 1
configure: failed program was:
| /* confdefs.h */
| #define PACKAGE_NAME "OpenModelica Exported FMU"
| #define PACKAGE_TARNAME "openmodelica"
| #define PACKAGE_VERSION "dev"
| #define PACKAGE_STRING "OpenModelica Exported FMU dev"
| #define PACKAGE_BUGREPORT "https://trac.openmodelica.org/OpenModelica"
| #define PACKAGE_URL "https://openmodelica.org"
| #define HAVE_SYS_TYPES_H 1
| #define HAVE_SYS_STAT_H 1
| #define HAVE_STDLIB_H 1
| #define HAVE_STRING_H 1
| #define HAVE_MEMORY_H 1
| #define HAVE_STRINGS_H 1
| #define HAVE_INTTYPES_H 1
| #define HAVE_STDINT_H 1
| #define HAVE_UNISTD_H 1
| #define HAVE_VPRINTF 1
| #define HAVE_STRDUP 1
| #define HAVE_STRERROR 1
| /* end confdefs.h.  */
| 
| /* Override any GCC internal prototype to avoid an error.
|    Use char because int might match the return type of a GCC
|    builtin and then its argument prototype would still apply.  */
| #ifdef __cplusplus
| extern "C"
| #endif
| char dgesv_ ();
| int
| main ()
| {
| return dgesv_ ();
|   ;
|   return 0;
| }
configure:4181: i386-apple-darwin15-cc -o conftest -Os -flto -fno-stack-protector -Wno-parentheses-equality -Wno-unused-variable -fPIC  -fdollars-in-identifiers -flto -shared conftest.c -shared -Wl,-Bstatic -llapack -lblas -lm -latlas -Wl,-Bdynamic -lm -lpthread  >&5
ld: unknown option: -Bstatic
clang: error: linker command failed with exit code 1 (use -v to see invocation)
configure:4181: $? = 1
configure: failed program was:
| /* confdefs.h */
| #define PACKAGE_NAME "OpenModelica Exported FMU"
| #define PACKAGE_TARNAME "openmodelica"
| #define PACKAGE_VERSION "dev"
| #define PACKAGE_STRING "OpenModelica Exported FMU dev"
| #define PACKAGE_BUGREPORT "https://trac.openmodelica.org/OpenModelica"
| #define PACKAGE_URL "https://openmodelica.org"
| #define HAVE_SYS_TYPES_H 1
| #define HAVE_SYS_STAT_H 1
| #define HAVE_STDLIB_H 1
| #define HAVE_STRING_H 1
| #define HAVE_MEMORY_H 1
| #define HAVE_STRINGS_H 1
| #define HAVE_INTTYPES_H 1
| #define HAVE_STDINT_H 1
| #define HAVE_UNISTD_H 1
| #define HAVE_VPRINTF 1
| #define HAVE_STRDUP 1
| #define HAVE_STRERROR 1
| /* end confdefs.h.  */
| 
| /* Override any GCC internal prototype to avoid an error.
|    Use char because int might match the return type of a GCC
|    builtin and then its argument prototype would still apply.  */
| #ifdef __cplusplus
| extern "C"
| #endif
| char dgesv_ ();
| int
| main ()
| {
| return dgesv_ ();
|   ;
|   return 0;
| }
configure:4223: result: not found
configure:4313: checking for static pthreads
configure:4341: i386-apple-darwin15-cc -o conftest -Os -flto -fno-stack-protector -Wno-parentheses-equality -Wno-unused-variable -fPIC  -fdollars-in-identifiers -flto -shared conftest.c  -Wl,-Bstatic -lpthread -Wl,-Bdynamic -shared >&5
ld: unknown option: -Bstatic
clang: error: linker command failed with exit code 1 (use -v to see invocation)
configure:4341: $? = 1
configure: failed program was:
| /* confdefs.h */
| #define PACKAGE_NAME "OpenModelica Exported FMU"
| #define PACKAGE_TARNAME "openmodelica"
| #define PACKAGE_VERSION "dev"
| #define PACKAGE_STRING "OpenModelica Exported FMU dev"
| #define PACKAGE_BUGREPORT "https://trac.openmodelica.org/OpenModelica"
| #define PACKAGE_URL "https://openmodelica.org"
| #define HAVE_SYS_TYPES_H 1
| #define HAVE_SYS_STAT_H 1
| #define HAVE_STDLIB_H 1
| #define HAVE_STRING_H 1
| #define HAVE_MEMORY_H 1
| #define HAVE_STRINGS_H 1
| #define HAVE_INTTYPES_H 1
| #define HAVE_STDINT_H 1
| #define HAVE_UNISTD_H 1
| #define HAVE_VPRINTF 1
| #define HAVE_STRDUP 1
| #define HAVE_STRERROR 1
| /* end confdefs.h.  */
| 
| /* Override any GCC internal prototype to avoid an error.
|    Use char because int might match the return type of a GCC
|    builtin and then its argument prototype would still apply.  */
| #ifdef __cplusplus
| extern "C"
| #endif
| char pthread_mutex_lock ();
| int
| main ()
| {
| return pthread_mutex_lock ();
|   ;
|   return 0;
| }
configure:4345: result: no
configure:4354: checking for pthread_mutex_lock in -lpthread
configure:4379: i386-apple-darwin15-cc -o conftest -Os -flto -fno-stack-protector -Wno-parentheses-equality -Wno-unused-variable -fPIC  -fdollars-in-identifiers -flto -shared conftest.c -lpthread   -shared >&5
configure:4379: $? = 0
configure:4388: result: yes
configure:4411: checking for cos in -lm
configure:4436: i386-apple-darwin15-cc -o conftest -Os -flto -fno-stack-protector -Wno-parentheses-equality -Wno-unused-variable -fPIC  -fdollars-in-identifiers -flto -shared conftest.c -lm  -lpthread  -shared >&5
conftest.c:29:6: warning: incompatible redeclaration of library function 'cos' [-Wincompatible-library-redeclaration]
char cos ();
     ^
conftest.c:29:6: note: 'cos' is a builtin with type 'double (double)'
1 warning generated.
configure:4436: $? = 0
configure:4445: result: yes
configure:4459: checking for filesystem access
configure:4472: i386-apple-darwin15-cc -o conftest -Os -flto -fno-stack-protector -Wno-parentheses-equality -Wno-unused-variable -fPIC  -fdollars-in-identifiers -flto -shared conftest.c -lm -lpthread  -shared >&5
/var/lib/hudson/osxcross/target/bin/../SDK/MacOSX10.11.sdk/usr/include/module.map:1:25: warning: unknown attribute 'extern_c' [-Wignored-attributes]
module Darwin [system] [extern_c] {
                        ^
/var/lib/hudson/osxcross/target/bin/../SDK/MacOSX10.11.sdk/usr/include/module.map:1561:21: warning: unknown attribute 'extern_c' [-Wignored-attributes]
module os [system] [extern_c] {
                    ^
/var/lib/hudson/osxcross/target/bin/../SDK/MacOSX10.11.sdk/usr/include/module.map:1577:26: warning: unknown attribute 'extern_c' [-Wignored-attributes]
module libkern [system] [extern_c] {
                         ^
/var/lib/hudson/osxcross/target/bin/../SDK/MacOSX10.11.sdk/usr/include/module.map:1602:23: warning: unknown attribute 'extern_c' [-Wignored-attributes]
module ldap [system] [extern_c] {
                      ^
/var/lib/hudson/osxcross/target/bin/../SDK/MacOSX10.11.sdk/usr/include/module.map:1635:23: warning: unknown attribute 'extern_c' [-Wignored-attributes]
module krb5 [system] [extern_c] {
                      ^
/var/lib/hudson/osxcross/target/bin/../SDK/MacOSX10.11.sdk/usr/include/module.map:1662:22: warning: unknown attribute 'extern_c' [-Wignored-attributes]
module XPC [system] [extern_c] {
                     ^
6 warnings generated.
configure:4472: $? = 0
configure:4473: result: OK
configure:4678: creating ./config.status

## ---------------------- ##
## Running config.status. ##
## ---------------------- ##

This file was extended by OpenModelica Exported FMU config.status dev, which was
generated by GNU Autoconf 2.69.  Invocation command line was

  CONFIG_FILES    = 
  CONFIG_HEADERS  = 
  CONFIG_LINKS    = 
  CONFIG_COMMANDS = 
  $ ./config.status 

on test

config.status:745: creating Makefile

## ---------------- ##
## Cache variables. ##
## ---------------- ##

ac_cv_build=x86_64-unknown-linux-gnu
ac_cv_c_compiler_gnu=yes
ac_cv_c_const=yes
ac_cv_env_CC_set=
ac_cv_env_CC_value=
ac_cv_env_CFLAGS_set=set
ac_cv_env_CFLAGS_value='-Os -flto'
ac_cv_env_CPPFLAGS_set=
ac_cv_env_CPPFLAGS_value=
ac_cv_env_CPP_set=
ac_cv_env_CPP_value=
ac_cv_env_LDFLAGS_set=set
ac_cv_env_LDFLAGS_value=-flto
ac_cv_env_LIBS_set=
ac_cv_env_LIBS_value=
ac_cv_env_build_alias_set=
ac_cv_env_build_alias_value=
ac_cv_env_host_alias_set=set
ac_cv_env_host_alias_value=i386-apple-darwin15
ac_cv_env_target_alias_set=
ac_cv_env_target_alias_value=
ac_cv_func__doprnt=no
ac_cv_func_strdup=yes
ac_cv_func_strerror=yes
ac_cv_func_vprintf=yes
ac_cv_header_inttypes_h=yes
ac_cv_header_memory_h=yes
ac_cv_header_stdc=no
ac_cv_header_stdint_h=yes
ac_cv_header_stdlib_h=yes
ac_cv_header_string_h=yes
ac_cv_header_strings_h=yes
ac_cv_header_sys_stat_h=yes
ac_cv_header_sys_types_h=yes
ac_cv_header_unistd_h=yes
ac_cv_host=i386-apple-darwin15
ac_cv_lib_m_cos=yes
ac_cv_lib_pthread_pthread_mutex_lock=yes
ac_cv_objext=o
ac_cv_path_EGREP='/bin/grep -E'
ac_cv_path_GREP=/bin/grep
ac_cv_prog_CPP='gcc -E'
ac_cv_prog_ac_ct_CC=gcc
ac_cv_prog_cc_c89=
ac_cv_prog_cc_g=yes
ac_cv_prog_make_make_set=yes
ac_cv_target=i386-apple-darwin15
ac_cv_type_size_t=yes

## ----------------- ##
## Output variables. ##
## ----------------- ##

AR=''
CC='i386-apple-darwin15-cc'
CFLAGS='-Os -flto -fno-stack-protector -Wno-parentheses-equality -Wno-unused-variable -fPIC'
CPP='gcc -E'
CPPFLAGS=' -fdollars-in-identifiers -DOMC_MINIMAL_RUNTIME=1 -DCMINPACK_NO_DLL=1'
DEFS='-DPACKAGE_NAME=\"OpenModelica\ Exported\ FMU\" -DPACKAGE_TARNAME=\"openmodelica\" -DPACKAGE_VERSION=\"dev\" -DPACKAGE_STRING=\"OpenModelica\ Exported\ FMU\ dev\" -DPACKAGE_BUGREPORT=\"https://trac.openmodelica.org/OpenModelica\" -DPACKAGE_URL=\"https://openmodelica.org\" -DHAVE_SYS_TYPES_H=1 -DHAVE_SYS_STAT_H=1 -DHAVE_STDLIB_H=1 -DHAVE_STRING_H=1 -DHAVE_MEMORY_H=1 -DHAVE_STRINGS_H=1 -DHAVE_INTTYPES_H=1 -DHAVE_STDINT_H=1 -DHAVE_UNISTD_H=1 -DHAVE_VPRINTF=1 -DHAVE_STRDUP=1 -DHAVE_STRERROR=1 -DHAVE_LIBPTHREAD=1 -DHAVE_LIBM=1'
DLLEXT='.dylib'
ECHO_C=''
ECHO_N='-n'
ECHO_T=''
EGREP='/bin/grep -E'
EXEEXT=''
FMIPLATFORM='darwin32'
GREP='/bin/grep'
LDFLAGS='-flto -shared'
LIBOBJS=''
LIBS='-lm -lpthread  -shared'
LIBTYPE_DYNAMIC='1'
LIBTYPE_STATIC='0'
LTLIBOBJS=''
NEED_DGESV='1'
NEED_RUNTIME='1'
OBJEXT='o'
PACKAGE_BUGREPORT='https://trac.openmodelica.org/OpenModelica'
PACKAGE_NAME='OpenModelica Exported FMU'
PACKAGE_STRING='OpenModelica Exported FMU dev'
PACKAGE_TARNAME='openmodelica'
PACKAGE_URL='https://openmodelica.org'
PACKAGE_VERSION='dev'
PATH_SEPARATOR=':'
SET_MAKE=''
SHELL='/bin/bash'
ac_ct_CC='gcc'
bindir='${exec_prefix}/bin'
build='x86_64-unknown-linux-gnu'
build_alias=''
build_cpu='x86_64'
build_os='linux-gnu'
build_vendor='unknown'
datadir='${datarootdir}'
datarootdir='${prefix}/share'
docdir='${datarootdir}/doc/${PACKAGE_TARNAME}'
dvidir='${docdir}'
exec_prefix='${prefix}'
host='i386-apple-darwin15'
host_alias='i386-apple-darwin15'
host_cpu='i386'
host_os='darwin15'
host_vendor='apple'
htmldir='${docdir}'
includedir='${prefix}/include'
infodir='${datarootdir}/info'
libdir='${exec_prefix}/lib'
libexecdir='${exec_prefix}/libexec'
localedir='${datarootdir}/locale'
localstatedir='${prefix}/var'
mandir='${datarootdir}/man'
oldincludedir='/usr/include'
pdfdir='${docdir}'
prefix='/usr/local'
program_transform_name='s,x,x,'
psdir='${docdir}'
sbindir='${exec_prefix}/sbin'
sharedstatedir='${prefix}/com'
sysconfdir='${prefix}/etc'
target='i386-apple-darwin15'
target_alias=''
target_cpu='i386'
target_os='darwin15'
target_vendor='apple'

## ----------- ##
## confdefs.h. ##
## ----------- ##

/* confdefs.h */
#define PACKAGE_NAME "OpenModelica Exported FMU"
#define PACKAGE_TARNAME "openmodelica"
#define PACKAGE_VERSION "dev"
#define PACKAGE_STRING "OpenModelica Exported FMU dev"
#define PACKAGE_BUGREPORT "https://trac.openmodelica.org/OpenModelica"
#define PACKAGE_URL "https://openmodelica.org"
#define HAVE_SYS_TYPES_H 1
#define HAVE_SYS_STAT_H 1
#define HAVE_STDLIB_H 1
#define HAVE_STRING_H 1
#define HAVE_MEMORY_H 1
#define HAVE_STRINGS_H 1
#define HAVE_INTTYPES_H 1
#define HAVE_STDINT_H 1
#define HAVE_UNISTD_H 1
#define HAVE_VPRINTF 1
#define HAVE_STRDUP 1
#define HAVE_STRERROR 1
#define HAVE_LIBPTHREAD 1
#define HAVE_LIBM 1

configure: exit 0
