make[1]: Entering directory `/var/lib/hudson/jobs/OpenModelica_BUILD/workspace/OpenModelica/testsuite/special/FmuExportCrossCompile/RoomHeating_OM_RH.fmutmp/sources'
i686-w64-mingw32-gcc -Os -flto -fno-stack-protector -Wno-parentheses-equality -Wno-unused-variable -fdollars-in-identifiers -DOMC_MINIMAL_RUNTIME=1 -DCMINPACK_NO_DLL=1 -Iinclude/ -Iinclude/fmi2 -I.    -DOMC_MODEL_PREFIX=RoomHeating_OM_RH -DOMC_NUM_MIXED_SYSTEMS=0 -DOMC_NUM_LINEAR_SYSTEMS=0 -DOMC_NUM_NONLINEAR_SYSTEMS=0 -DOMC_NDELAY_EXPRESSIONS=0 -DOMC_NVAR_STRING=0  -c -o RoomHeating_OM_RH_FMU.o RoomHeating_OM_RH_FMU.c
i686-w64-mingw32-gcc -Os -flto -fno-stack-protector -Wno-parentheses-equality -Wno-unused-variable -fdollars-in-identifiers -DOMC_MINIMAL_RUNTIME=1 -DCMINPACK_NO_DLL=1 -Iinclude/ -Iinclude/fmi2 -I.    -DOMC_MODEL_PREFIX=RoomHeating_OM_RH -DOMC_NUM_MIXED_SYSTEMS=0 -DOMC_NUM_LINEAR_SYSTEMS=0 -DOMC_NUM_NONLINEAR_SYSTEMS=0 -DOMC_NDELAY_EXPRESSIONS=0 -DOMC_NVAR_STRING=0  -c -o RoomHeating_OM_RH.o RoomHeating_OM_RH.c
i686-w64-mingw32-gcc -Os -flto -fno-stack-protector -Wno-parentheses-equality -Wno-unused-variable -fdollars-in-identifiers -DOMC_MINIMAL_RUNTIME=1 -DCMINPACK_NO_DLL=1 -Iinclude/ -Iinclude/fmi2 -I.    -DOMC_MODEL_PREFIX=RoomHeating_OM_RH -DOMC_NUM_MIXED_SYSTEMS=0 -DOMC_NUM_LINEAR_SYSTEMS=0 -DOMC_NUM_NONLINEAR_SYSTEMS=0 -DOMC_NDELAY_EXPRESSIONS=0 -DOMC_NVAR_STRING=0  -c -o RoomHeating_OM_RH_functions.o RoomHeating_OM_RH_functions.c
i686-w64-mingw32-gcc -Os -flto -fno-stack-protector -Wno-parentheses-equality -Wno-unused-variable -fdollars-in-identifiers -DOMC_MINIMAL_RUNTIME=1 -DCMINPACK_NO_DLL=1 -Iinclude/ -Iinclude/fmi2 -I.    -DOMC_MODEL_PREFIX=RoomHeating_OM_RH -DOMC_NUM_MIXED_SYSTEMS=0 -DOMC_NUM_LINEAR_SYSTEMS=0 -DOMC_NUM_NONLINEAR_SYSTEMS=0 -DOMC_NDELAY_EXPRESSIONS=0 -DOMC_NVAR_STRING=0  -c -o RoomHeating_OM_RH_records.o RoomHeating_OM_RH_records.c
i686-w64-mingw32-gcc -Os -flto -fno-stack-protector -Wno-parentheses-equality -Wno-unused-variable -fdollars-in-identifiers -DOMC_MINIMAL_RUNTIME=1 -DCMINPACK_NO_DLL=1 -Iinclude/ -Iinclude/fmi2 -I.    -DOMC_MODEL_PREFIX=RoomHeating_OM_RH -DOMC_NUM_MIXED_SYSTEMS=0 -DOMC_NUM_LINEAR_SYSTEMS=0 -DOMC_NUM_NONLINEAR_SYSTEMS=0 -DOMC_NDELAY_EXPRESSIONS=0 -DOMC_NVAR_STRING=0  -c -o RoomHeating_OM_RH_01exo.o RoomHeating_OM_RH_01exo.c
i686-w64-mingw32-gcc -Os -flto -fno-stack-protector -Wno-parentheses-equality -Wno-unused-variable -fdollars-in-identifiers -DOMC_MINIMAL_RUNTIME=1 -DCMINPACK_NO_DLL=1 -Iinclude/ -Iinclude/fmi2 -I.    -DOMC_MODEL_PREFIX=RoomHeating_OM_RH -DOMC_NUM_MIXED_SYSTEMS=0 -DOMC_NUM_LINEAR_SYSTEMS=0 -DOMC_NUM_NONLINEAR_SYSTEMS=0 -DOMC_NDELAY_EXPRESSIONS=0 -DOMC_NVAR_STRING=0  -c -o RoomHeating_OM_RH_02nls.o RoomHeating_OM_RH_02nls.c
i686-w64-mingw32-gcc -Os -flto -fno-stack-protector -Wno-parentheses-equality -Wno-unused-variable -fdollars-in-identifiers -DOMC_MINIMAL_RUNTIME=1 -DCMINPACK_NO_DLL=1 -Iinclude/ -Iinclude/fmi2 -I.    -DOMC_MODEL_PREFIX=RoomHeating_OM_RH -DOMC_NUM_MIXED_SYSTEMS=0 -DOMC_NUM_LINEAR_SYSTEMS=0 -DOMC_NUM_NONLINEAR_SYSTEMS=0 -DOMC_NDELAY_EXPRESSIONS=0 -DOMC_NVAR_STRING=0  -c -o RoomHeating_OM_RH_03lsy.o RoomHeating_OM_RH_03lsy.c
i686-w64-mingw32-gcc -Os -flto -fno-stack-protector -Wno-parentheses-equality -Wno-unused-variable -fdollars-in-identifiers -DOMC_MINIMAL_RUNTIME=1 -DCMINPACK_NO_DLL=1 -Iinclude/ -Iinclude/fmi2 -I.    -DOMC_MODEL_PREFIX=RoomHeating_OM_RH -DOMC_NUM_MIXED_SYSTEMS=0 -DOMC_NUM_LINEAR_SYSTEMS=0 -DOMC_NUM_NONLINEAR_SYSTEMS=0 -DOMC_NDELAY_EXPRESSIONS=0 -DOMC_NVAR_STRING=0  -c -o RoomHeating_OM_RH_04set.o RoomHeating_OM_RH_04set.c
i686-w64-mingw32-gcc -Os -flto -fno-stack-protector -Wno-parentheses-equality -Wno-unused-variable -fdollars-in-identifiers -DOMC_MINIMAL_RUNTIME=1 -DCMINPACK_NO_DLL=1 -Iinclude/ -Iinclude/fmi2 -I.    -DOMC_MODEL_PREFIX=RoomHeating_OM_RH -DOMC_NUM_MIXED_SYSTEMS=0 -DOMC_NUM_LINEAR_SYSTEMS=0 -DOMC_NUM_NONLINEAR_SYSTEMS=0 -DOMC_NDELAY_EXPRESSIONS=0 -DOMC_NVAR_STRING=0  -c -o RoomHeating_OM_RH_05evt.o RoomHeating_OM_RH_05evt.c
i686-w64-mingw32-gcc -Os -flto -fno-stack-protector -Wno-parentheses-equality -Wno-unused-variable -fdollars-in-identifiers -DOMC_MINIMAL_RUNTIME=1 -DCMINPACK_NO_DLL=1 -Iinclude/ -Iinclude/fmi2 -I.    -DOMC_MODEL_PREFIX=RoomHeating_OM_RH -DOMC_NUM_MIXED_SYSTEMS=0 -DOMC_NUM_LINEAR_SYSTEMS=0 -DOMC_NUM_NONLINEAR_SYSTEMS=0 -DOMC_NDELAY_EXPRESSIONS=0 -DOMC_NVAR_STRING=0  -c -o RoomHeating_OM_RH_06inz.o RoomHeating_OM_RH_06inz.c
i686-w64-mingw32-gcc -Os -flto -fno-stack-protector -Wno-parentheses-equality -Wno-unused-variable -fdollars-in-identifiers -DOMC_MINIMAL_RUNTIME=1 -DCMINPACK_NO_DLL=1 -Iinclude/ -Iinclude/fmi2 -I.    -DOMC_MODEL_PREFIX=RoomHeating_OM_RH -DOMC_NUM_MIXED_SYSTEMS=0 -DOMC_NUM_LINEAR_SYSTEMS=0 -DOMC_NUM_NONLINEAR_SYSTEMS=0 -DOMC_NDELAY_EXPRESSIONS=0 -DOMC_NVAR_STRING=0  -c -o RoomHeating_OM_RH_07dly.o RoomHeating_OM_RH_07dly.c
i686-w64-mingw32-gcc -Os -flto -fno-stack-protector -Wno-parentheses-equality -Wno-unused-variable -fdollars-in-identifiers -DOMC_MINIMAL_RUNTIME=1 -DCMINPACK_NO_DLL=1 -Iinclude/ -Iinclude/fmi2 -I.    -DOMC_MODEL_PREFIX=RoomHeating_OM_RH -DOMC_NUM_MIXED_SYSTEMS=0 -DOMC_NUM_LINEAR_SYSTEMS=0 -DOMC_NUM_NONLINEAR_SYSTEMS=0 -DOMC_NDELAY_EXPRESSIONS=0 -DOMC_NVAR_STRING=0  -c -o RoomHeating_OM_RH_08bnd.o RoomHeating_OM_RH_08bnd.c
i686-w64-mingw32-gcc -Os -flto -fno-stack-protector -Wno-parentheses-equality -Wno-unused-variable -fdollars-in-identifiers -DOMC_MINIMAL_RUNTIME=1 -DCMINPACK_NO_DLL=1 -Iinclude/ -Iinclude/fmi2 -I.    -DOMC_MODEL_PREFIX=RoomHeating_OM_RH -DOMC_NUM_MIXED_SYSTEMS=0 -DOMC_NUM_LINEAR_SYSTEMS=0 -DOMC_NUM_NONLINEAR_SYSTEMS=0 -DOMC_NDELAY_EXPRESSIONS=0 -DOMC_NVAR_STRING=0  -c -o RoomHeating_OM_RH_09alg.o RoomHeating_OM_RH_09alg.c
i686-w64-mingw32-gcc -Os -flto -fno-stack-protector -Wno-parentheses-equality -Wno-unused-variable -fdollars-in-identifiers -DOMC_MINIMAL_RUNTIME=1 -DCMINPACK_NO_DLL=1 -Iinclude/ -Iinclude/fmi2 -I.    -DOMC_MODEL_PREFIX=RoomHeating_OM_RH -DOMC_NUM_MIXED_SYSTEMS=0 -DOMC_NUM_LINEAR_SYSTEMS=0 -DOMC_NUM_NONLINEAR_SYSTEMS=0 -DOMC_NDELAY_EXPRESSIONS=0 -DOMC_NVAR_STRING=0  -c -o RoomHeating_OM_RH_10asr.o RoomHeating_OM_RH_10asr.c
i686-w64-mingw32-gcc -Os -flto -fno-stack-protector -Wno-parentheses-equality -Wno-unused-variable -fdollars-in-identifiers -DOMC_MINIMAL_RUNTIME=1 -DCMINPACK_NO_DLL=1 -Iinclude/ -Iinclude/fmi2 -I.    -DOMC_MODEL_PREFIX=RoomHeating_OM_RH -DOMC_NUM_MIXED_SYSTEMS=0 -DOMC_NUM_LINEAR_SYSTEMS=0 -DOMC_NUM_NONLINEAR_SYSTEMS=0 -DOMC_NDELAY_EXPRESSIONS=0 -DOMC_NVAR_STRING=0  -c -o RoomHeating_OM_RH_11mix.o RoomHeating_OM_RH_11mix.c
i686-w64-mingw32-gcc -Os -flto -fno-stack-protector -Wno-parentheses-equality -Wno-unused-variable -fdollars-in-identifiers -DOMC_MINIMAL_RUNTIME=1 -DCMINPACK_NO_DLL=1 -Iinclude/ -Iinclude/fmi2 -I.    -DOMC_MODEL_PREFIX=RoomHeating_OM_RH -DOMC_NUM_MIXED_SYSTEMS=0 -DOMC_NUM_LINEAR_SYSTEMS=0 -DOMC_NUM_NONLINEAR_SYSTEMS=0 -DOMC_NDELAY_EXPRESSIONS=0 -DOMC_NVAR_STRING=0  -c -o RoomHeating_OM_RH_12jac.o RoomHeating_OM_RH_12jac.c
i686-w64-mingw32-gcc -Os -flto -fno-stack-protector -Wno-parentheses-equality -Wno-unused-variable -fdollars-in-identifiers -DOMC_MINIMAL_RUNTIME=1 -DCMINPACK_NO_DLL=1 -Iinclude/ -Iinclude/fmi2 -I.    -DOMC_MODEL_PREFIX=RoomHeating_OM_RH -DOMC_NUM_MIXED_SYSTEMS=0 -DOMC_NUM_LINEAR_SYSTEMS=0 -DOMC_NUM_NONLINEAR_SYSTEMS=0 -DOMC_NDELAY_EXPRESSIONS=0 -DOMC_NVAR_STRING=0  -c -o RoomHeating_OM_RH_13opt.o RoomHeating_OM_RH_13opt.c
i686-w64-mingw32-gcc -Os -flto -fno-stack-protector -Wno-parentheses-equality -Wno-unused-variable -fdollars-in-identifiers -DOMC_MINIMAL_RUNTIME=1 -DCMINPACK_NO_DLL=1 -Iinclude/ -Iinclude/fmi2 -I.    -DOMC_MODEL_PREFIX=RoomHeating_OM_RH -DOMC_NUM_MIXED_SYSTEMS=0 -DOMC_NUM_LINEAR_SYSTEMS=0 -DOMC_NUM_NONLINEAR_SYSTEMS=0 -DOMC_NDELAY_EXPRESSIONS=0 -DOMC_NVAR_STRING=0  -c -o RoomHeating_OM_RH_14lnz.o RoomHeating_OM_RH_14lnz.c
i686-w64-mingw32-gcc -Os -flto -fno-stack-protector -Wno-parentheses-equality -Wno-unused-variable -fdollars-in-identifiers -DOMC_MINIMAL_RUNTIME=1 -DCMINPACK_NO_DLL=1 -Iinclude/ -Iinclude/fmi2 -I.    -DOMC_MODEL_PREFIX=RoomHeating_OM_RH -DOMC_NUM_MIXED_SYSTEMS=0 -DOMC_NUM_LINEAR_SYSTEMS=0 -DOMC_NUM_NONLINEAR_SYSTEMS=0 -DOMC_NDELAY_EXPRESSIONS=0 -DOMC_NVAR_STRING=0  -c -o RoomHeating_OM_RH_15syn.o RoomHeating_OM_RH_15syn.c
i686-w64-mingw32-gcc -Os -flto -fno-stack-protector -Wno-parentheses-equality -Wno-unused-variable -fdollars-in-identifiers -DOMC_MINIMAL_RUNTIME=1 -DCMINPACK_NO_DLL=1 -Iinclude/ -Iinclude/fmi2 -I.    -DOMC_MODEL_PREFIX=RoomHeating_OM_RH -DOMC_NUM_MIXED_SYSTEMS=0 -DOMC_NUM_LINEAR_SYSTEMS=0 -DOMC_NUM_NONLINEAR_SYSTEMS=0 -DOMC_NDELAY_EXPRESSIONS=0 -DOMC_NVAR_STRING=0  -c -o RoomHeating_OM_RH_16dae.o RoomHeating_OM_RH_16dae.c
i686-w64-mingw32-gcc -Os -flto -fno-stack-protector -Wno-parentheses-equality -Wno-unused-variable -fdollars-in-identifiers -DOMC_MINIMAL_RUNTIME=1 -DCMINPACK_NO_DLL=1 -Iinclude/ -Iinclude/fmi2 -I.    -DOMC_MODEL_PREFIX=RoomHeating_OM_RH -DOMC_NUM_MIXED_SYSTEMS=0 -DOMC_NUM_LINEAR_SYSTEMS=0 -DOMC_NUM_NONLINEAR_SYSTEMS=0 -DOMC_NDELAY_EXPRESSIONS=0 -DOMC_NVAR_STRING=0  -c -o RoomHeating_OM_RH_init_fmu.o RoomHeating_OM_RH_init_fmu.c
i686-w64-mingw32-gcc -Os -flto -fno-stack-protector -Wno-parentheses-equality -Wno-unused-variable -fdollars-in-identifiers -DOMC_MINIMAL_RUNTIME=1 -DCMINPACK_NO_DLL=1 -Iinclude/ -Iinclude/fmi2 -I.    -DOMC_MODEL_PREFIX=RoomHeating_OM_RH -DOMC_NUM_MIXED_SYSTEMS=0 -DOMC_NUM_LINEAR_SYSTEMS=0 -DOMC_NUM_NONLINEAR_SYSTEMS=0 -DOMC_NDELAY_EXPRESSIONS=0 -DOMC_NVAR_STRING=0  -c -o include/./gc/memory_pool.o include/./gc/memory_pool.c
i686-w64-mingw32-gcc -Os -flto -fno-stack-protector -Wno-parentheses-equality -Wno-unused-variable -fdollars-in-identifiers -DOMC_MINIMAL_RUNTIME=1 -DCMINPACK_NO_DLL=1 -Iinclude/ -Iinclude/fmi2 -I.    -DOMC_MODEL_PREFIX=RoomHeating_OM_RH -DOMC_NUM_MIXED_SYSTEMS=0 -DOMC_NUM_LINEAR_SYSTEMS=0 -DOMC_NUM_NONLINEAR_SYSTEMS=0 -DOMC_NDELAY_EXPRESSIONS=0 -DOMC_NVAR_STRING=0  -c -o include/./util/base_array.o include/./util/base_array.c
i686-w64-mingw32-gcc -Os -flto -fno-stack-protector -Wno-parentheses-equality -Wno-unused-variable -fdollars-in-identifiers -DOMC_MINIMAL_RUNTIME=1 -DCMINPACK_NO_DLL=1 -Iinclude/ -Iinclude/fmi2 -I.    -DOMC_MODEL_PREFIX=RoomHeating_OM_RH -DOMC_NUM_MIXED_SYSTEMS=0 -DOMC_NUM_LINEAR_SYSTEMS=0 -DOMC_NUM_NONLINEAR_SYSTEMS=0 -DOMC_NDELAY_EXPRESSIONS=0 -DOMC_NVAR_STRING=0  -c -o include/./util/boolean_array.o include/./util/boolean_array.c
i686-w64-mingw32-gcc -Os -flto -fno-stack-protector -Wno-parentheses-equality -Wno-unused-variable -fdollars-in-identifiers -DOMC_MINIMAL_RUNTIME=1 -DCMINPACK_NO_DLL=1 -Iinclude/ -Iinclude/fmi2 -I.    -DOMC_MODEL_PREFIX=RoomHeating_OM_RH -DOMC_NUM_MIXED_SYSTEMS=0 -DOMC_NUM_LINEAR_SYSTEMS=0 -DOMC_NUM_NONLINEAR_SYSTEMS=0 -DOMC_NDELAY_EXPRESSIONS=0 -DOMC_NVAR_STRING=0  -c -o include/./util/omc_error.o include/./util/omc_error.c
i686-w64-mingw32-gcc -Os -flto -fno-stack-protector -Wno-parentheses-equality -Wno-unused-variable -fdollars-in-identifiers -DOMC_MINIMAL_RUNTIME=1 -DCMINPACK_NO_DLL=1 -Iinclude/ -Iinclude/fmi2 -I.    -DOMC_MODEL_PREFIX=RoomHeating_OM_RH -DOMC_NUM_MIXED_SYSTEMS=0 -DOMC_NUM_LINEAR_SYSTEMS=0 -DOMC_NUM_NONLINEAR_SYSTEMS=0 -DOMC_NDELAY_EXPRESSIONS=0 -DOMC_NVAR_STRING=0  -c -o include/./util/division.o include/./util/division.c
i686-w64-mingw32-gcc -Os -flto -fno-stack-protector -Wno-parentheses-equality -Wno-unused-variable -fdollars-in-identifiers -DOMC_MINIMAL_RUNTIME=1 -DCMINPACK_NO_DLL=1 -Iinclude/ -Iinclude/fmi2 -I.    -DOMC_MODEL_PREFIX=RoomHeating_OM_RH -DOMC_NUM_MIXED_SYSTEMS=0 -DOMC_NUM_LINEAR_SYSTEMS=0 -DOMC_NUM_NONLINEAR_SYSTEMS=0 -DOMC_NDELAY_EXPRESSIONS=0 -DOMC_NVAR_STRING=0  -c -o include/./util/generic_array.o include/./util/generic_array.c
i686-w64-mingw32-gcc -Os -flto -fno-stack-protector -Wno-parentheses-equality -Wno-unused-variable -fdollars-in-identifiers -DOMC_MINIMAL_RUNTIME=1 -DCMINPACK_NO_DLL=1 -Iinclude/ -Iinclude/fmi2 -I.    -DOMC_MODEL_PREFIX=RoomHeating_OM_RH -DOMC_NUM_MIXED_SYSTEMS=0 -DOMC_NUM_LINEAR_SYSTEMS=0 -DOMC_NUM_NONLINEAR_SYSTEMS=0 -DOMC_NDELAY_EXPRESSIONS=0 -DOMC_NVAR_STRING=0  -c -o include/./util/index_spec.o include/./util/index_spec.c
i686-w64-mingw32-gcc -Os -flto -fno-stack-protector -Wno-parentheses-equality -Wno-unused-variable -fdollars-in-identifiers -DOMC_MINIMAL_RUNTIME=1 -DCMINPACK_NO_DLL=1 -Iinclude/ -Iinclude/fmi2 -I.    -DOMC_MODEL_PREFIX=RoomHeating_OM_RH -DOMC_NUM_MIXED_SYSTEMS=0 -DOMC_NUM_LINEAR_SYSTEMS=0 -DOMC_NUM_NONLINEAR_SYSTEMS=0 -DOMC_NDELAY_EXPRESSIONS=0 -DOMC_NVAR_STRING=0  -c -o include/./util/integer_array.o include/./util/integer_array.c
i686-w64-mingw32-gcc -Os -flto -fno-stack-protector -Wno-parentheses-equality -Wno-unused-variable -fdollars-in-identifiers -DOMC_MINIMAL_RUNTIME=1 -DCMINPACK_NO_DLL=1 -Iinclude/ -Iinclude/fmi2 -I.    -DOMC_MODEL_PREFIX=RoomHeating_OM_RH -DOMC_NUM_MIXED_SYSTEMS=0 -DOMC_NUM_LINEAR_SYSTEMS=0 -DOMC_NUM_NONLINEAR_SYSTEMS=0 -DOMC_NDELAY_EXPRESSIONS=0 -DOMC_NVAR_STRING=0  -c -o include/./util/list.o include/./util/list.c
i686-w64-mingw32-gcc -Os -flto -fno-stack-protector -Wno-parentheses-equality -Wno-unused-variable -fdollars-in-identifiers -DOMC_MINIMAL_RUNTIME=1 -DCMINPACK_NO_DLL=1 -Iinclude/ -Iinclude/fmi2 -I.    -DOMC_MODEL_PREFIX=RoomHeating_OM_RH -DOMC_NUM_MIXED_SYSTEMS=0 -DOMC_NUM_LINEAR_SYSTEMS=0 -DOMC_NUM_NONLINEAR_SYSTEMS=0 -DOMC_NDELAY_EXPRESSIONS=0 -DOMC_NVAR_STRING=0  -c -o include/./util/modelica_string.o include/./util/modelica_string.c
i686-w64-mingw32-gcc -Os -flto -fno-stack-protector -Wno-parentheses-equality -Wno-unused-variable -fdollars-in-identifiers -DOMC_MINIMAL_RUNTIME=1 -DCMINPACK_NO_DLL=1 -Iinclude/ -Iinclude/fmi2 -I.    -DOMC_MODEL_PREFIX=RoomHeating_OM_RH -DOMC_NUM_MIXED_SYSTEMS=0 -DOMC_NUM_LINEAR_SYSTEMS=0 -DOMC_NUM_NONLINEAR_SYSTEMS=0 -DOMC_NDELAY_EXPRESSIONS=0 -DOMC_NVAR_STRING=0  -c -o include/./util/real_array.o include/./util/real_array.c
i686-w64-mingw32-gcc -Os -flto -fno-stack-protector -Wno-parentheses-equality -Wno-unused-variable -fdollars-in-identifiers -DOMC_MINIMAL_RUNTIME=1 -DCMINPACK_NO_DLL=1 -Iinclude/ -Iinclude/fmi2 -I.    -DOMC_MODEL_PREFIX=RoomHeating_OM_RH -DOMC_NUM_MIXED_SYSTEMS=0 -DOMC_NUM_LINEAR_SYSTEMS=0 -DOMC_NUM_NONLINEAR_SYSTEMS=0 -DOMC_NDELAY_EXPRESSIONS=0 -DOMC_NVAR_STRING=0  -c -o include/./util/ringbuffer.o include/./util/ringbuffer.c
i686-w64-mingw32-gcc -Os -flto -fno-stack-protector -Wno-parentheses-equality -Wno-unused-variable -fdollars-in-identifiers -DOMC_MINIMAL_RUNTIME=1 -DCMINPACK_NO_DLL=1 -Iinclude/ -Iinclude/fmi2 -I.    -DOMC_MODEL_PREFIX=RoomHeating_OM_RH -DOMC_NUM_MIXED_SYSTEMS=0 -DOMC_NUM_LINEAR_SYSTEMS=0 -DOMC_NUM_NONLINEAR_SYSTEMS=0 -DOMC_NDELAY_EXPRESSIONS=0 -DOMC_NVAR_STRING=0  -c -o include/./util/string_array.o include/./util/string_array.c
i686-w64-mingw32-gcc -Os -flto -fno-stack-protector -Wno-parentheses-equality -Wno-unused-variable -fdollars-in-identifiers -DOMC_MINIMAL_RUNTIME=1 -DCMINPACK_NO_DLL=1 -Iinclude/ -Iinclude/fmi2 -I.    -DOMC_MODEL_PREFIX=RoomHeating_OM_RH -DOMC_NUM_MIXED_SYSTEMS=0 -DOMC_NUM_LINEAR_SYSTEMS=0 -DOMC_NUM_NONLINEAR_SYSTEMS=0 -DOMC_NDELAY_EXPRESSIONS=0 -DOMC_NVAR_STRING=0  -c -o include/./util/utility.o include/./util/utility.c
i686-w64-mingw32-gcc -Os -flto -fno-stack-protector -Wno-parentheses-equality -Wno-unused-variable -fdollars-in-identifiers -DOMC_MINIMAL_RUNTIME=1 -DCMINPACK_NO_DLL=1 -Iinclude/ -Iinclude/fmi2 -I.    -DOMC_MODEL_PREFIX=RoomHeating_OM_RH -DOMC_NUM_MIXED_SYSTEMS=0 -DOMC_NUM_LINEAR_SYSTEMS=0 -DOMC_NUM_NONLINEAR_SYSTEMS=0 -DOMC_NDELAY_EXPRESSIONS=0 -DOMC_NVAR_STRING=0  -c -o include/./util/varinfo.o include/./util/varinfo.c
i686-w64-mingw32-gcc -Os -flto -fno-stack-protector -Wno-parentheses-equality -Wno-unused-variable -fdollars-in-identifiers -DOMC_MINIMAL_RUNTIME=1 -DCMINPACK_NO_DLL=1 -Iinclude/ -Iinclude/fmi2 -I.    -DOMC_MODEL_PREFIX=RoomHeating_OM_RH -DOMC_NUM_MIXED_SYSTEMS=0 -DOMC_NUM_LINEAR_SYSTEMS=0 -DOMC_NUM_NONLINEAR_SYSTEMS=0 -DOMC_NDELAY_EXPRESSIONS=0 -DOMC_NVAR_STRING=0  -c -o include/./util/ModelicaUtilities.o include/./util/ModelicaUtilities.c
i686-w64-mingw32-gcc -Os -flto -fno-stack-protector -Wno-parentheses-equality -Wno-unused-variable -fdollars-in-identifiers -DOMC_MINIMAL_RUNTIME=1 -DCMINPACK_NO_DLL=1 -Iinclude/ -Iinclude/fmi2 -I.    -DOMC_MODEL_PREFIX=RoomHeating_OM_RH -DOMC_NUM_MIXED_SYSTEMS=0 -DOMC_NUM_LINEAR_SYSTEMS=0 -DOMC_NUM_NONLINEAR_SYSTEMS=0 -DOMC_NDELAY_EXPRESSIONS=0 -DOMC_NVAR_STRING=0  -c -o include/./util/omc_msvc.o include/./util/omc_msvc.c
i686-w64-mingw32-gcc -Os -flto -fno-stack-protector -Wno-parentheses-equality -Wno-unused-variable -fdollars-in-identifiers -DOMC_MINIMAL_RUNTIME=1 -DCMINPACK_NO_DLL=1 -Iinclude/ -Iinclude/fmi2 -I.    -DOMC_MODEL_PREFIX=RoomHeating_OM_RH -DOMC_NUM_MIXED_SYSTEMS=0 -DOMC_NUM_LINEAR_SYSTEMS=0 -DOMC_NUM_NONLINEAR_SYSTEMS=0 -DOMC_NDELAY_EXPRESSIONS=0 -DOMC_NVAR_STRING=0  -c -o include/./util/simulation_options.o include/./util/simulation_options.c
i686-w64-mingw32-gcc -Os -flto -fno-stack-protector -Wno-parentheses-equality -Wno-unused-variable -fdollars-in-identifiers -DOMC_MINIMAL_RUNTIME=1 -DCMINPACK_NO_DLL=1 -Iinclude/ -Iinclude/fmi2 -I.    -DOMC_MODEL_PREFIX=RoomHeating_OM_RH -DOMC_NUM_MIXED_SYSTEMS=0 -DOMC_NUM_LINEAR_SYSTEMS=0 -DOMC_NUM_NONLINEAR_SYSTEMS=0 -DOMC_NDELAY_EXPRESSIONS=0 -DOMC_NVAR_STRING=0  -c -o include/./util/cJSON.o include/./util/cJSON.c
i686-w64-mingw32-gcc -Os -flto -fno-stack-protector -Wno-parentheses-equality -Wno-unused-variable -fdollars-in-identifiers -DOMC_MINIMAL_RUNTIME=1 -DCMINPACK_NO_DLL=1 -Iinclude/ -Iinclude/fmi2 -I.    -DOMC_MODEL_PREFIX=RoomHeating_OM_RH -DOMC_NUM_MIXED_SYSTEMS=0 -DOMC_NUM_LINEAR_SYSTEMS=0 -DOMC_NUM_NONLINEAR_SYSTEMS=0 -DOMC_NDELAY_EXPRESSIONS=0 -DOMC_NVAR_STRING=0  -c -o include/./util/rational.o include/./util/rational.c
i686-w64-mingw32-gcc -Os -flto -fno-stack-protector -Wno-parentheses-equality -Wno-unused-variable -fdollars-in-identifiers -DOMC_MINIMAL_RUNTIME=1 -DCMINPACK_NO_DLL=1 -Iinclude/ -Iinclude/fmi2 -I.    -DOMC_MODEL_PREFIX=RoomHeating_OM_RH -DOMC_NUM_MIXED_SYSTEMS=0 -DOMC_NUM_LINEAR_SYSTEMS=0 -DOMC_NUM_NONLINEAR_SYSTEMS=0 -DOMC_NDELAY_EXPRESSIONS=0 -DOMC_NVAR_STRING=0  -c -o include/./util/modelica_string_lit.o include/./util/modelica_string_lit.c
i686-w64-mingw32-gcc -Os -flto -fno-stack-protector -Wno-parentheses-equality -Wno-unused-variable -fdollars-in-identifiers -DOMC_MINIMAL_RUNTIME=1 -DCMINPACK_NO_DLL=1 -Iinclude/ -Iinclude/fmi2 -I.    -DOMC_MODEL_PREFIX=RoomHeating_OM_RH -DOMC_NUM_MIXED_SYSTEMS=0 -DOMC_NUM_LINEAR_SYSTEMS=0 -DOMC_NUM_NONLINEAR_SYSTEMS=0 -DOMC_NDELAY_EXPRESSIONS=0 -DOMC_NVAR_STRING=0  -c -o include/./util/omc_init.o include/./util/omc_init.c
i686-w64-mingw32-gcc -Os -flto -fno-stack-protector -Wno-parentheses-equality -Wno-unused-variable -fdollars-in-identifiers -DOMC_MINIMAL_RUNTIME=1 -DCMINPACK_NO_DLL=1 -Iinclude/ -Iinclude/fmi2 -I.    -DOMC_MODEL_PREFIX=RoomHeating_OM_RH -DOMC_NUM_MIXED_SYSTEMS=0 -DOMC_NUM_LINEAR_SYSTEMS=0 -DOMC_NUM_NONLINEAR_SYSTEMS=0 -DOMC_NDELAY_EXPRESSIONS=0 -DOMC_NVAR_STRING=0  -c -o include/./util/omc_mmap.o include/./util/omc_mmap.c
i686-w64-mingw32-gcc -Os -flto -fno-stack-protector -Wno-parentheses-equality -Wno-unused-variable -fdollars-in-identifiers -DOMC_MINIMAL_RUNTIME=1 -DCMINPACK_NO_DLL=1 -Iinclude/ -Iinclude/fmi2 -I.    -DOMC_MODEL_PREFIX=RoomHeating_OM_RH -DOMC_NUM_MIXED_SYSTEMS=0 -DOMC_NUM_LINEAR_SYSTEMS=0 -DOMC_NUM_NONLINEAR_SYSTEMS=0 -DOMC_NDELAY_EXPRESSIONS=0 -DOMC_NVAR_STRING=0  -c -o include/./math-support/pivot.o include/./math-support/pivot.c
i686-w64-mingw32-gcc -Os -flto -fno-stack-protector -Wno-parentheses-equality -Wno-unused-variable -fdollars-in-identifiers -DOMC_MINIMAL_RUNTIME=1 -DCMINPACK_NO_DLL=1 -Iinclude/ -Iinclude/fmi2 -I.    -DOMC_MODEL_PREFIX=RoomHeating_OM_RH -DOMC_NUM_MIXED_SYSTEMS=0 -DOMC_NUM_LINEAR_SYSTEMS=0 -DOMC_NUM_NONLINEAR_SYSTEMS=0 -DOMC_NDELAY_EXPRESSIONS=0 -DOMC_NVAR_STRING=0  -c -o include/./simulation/simulation_info_json.o include/./simulation/simulation_info_json.c
i686-w64-mingw32-gcc -Os -flto -fno-stack-protector -Wno-parentheses-equality -Wno-unused-variable -fdollars-in-identifiers -DOMC_MINIMAL_RUNTIME=1 -DCMINPACK_NO_DLL=1 -Iinclude/ -Iinclude/fmi2 -I.    -DOMC_MODEL_PREFIX=RoomHeating_OM_RH -DOMC_NUM_MIXED_SYSTEMS=0 -DOMC_NUM_LINEAR_SYSTEMS=0 -DOMC_NUM_NONLINEAR_SYSTEMS=0 -DOMC_NDELAY_EXPRESSIONS=0 -DOMC_NVAR_STRING=0  -c -o include/./simulation/options.o include/./simulation/options.c
i686-w64-mingw32-gcc -Os -flto -fno-stack-protector -Wno-parentheses-equality -Wno-unused-variable -fdollars-in-identifiers -DOMC_MINIMAL_RUNTIME=1 -DCMINPACK_NO_DLL=1 -Iinclude/ -Iinclude/fmi2 -I.    -DOMC_MODEL_PREFIX=RoomHeating_OM_RH -DOMC_NUM_MIXED_SYSTEMS=0 -DOMC_NUM_LINEAR_SYSTEMS=0 -DOMC_NUM_NONLINEAR_SYSTEMS=0 -DOMC_NDELAY_EXPRESSIONS=0 -DOMC_NVAR_STRING=0  -c -o include/./simulation/simulation_omc_assert.o include/./simulation/simulation_omc_assert.c
i686-w64-mingw32-gcc -Os -flto -fno-stack-protector -Wno-parentheses-equality -Wno-unused-variable -fdollars-in-identifiers -DOMC_MINIMAL_RUNTIME=1 -DCMINPACK_NO_DLL=1 -Iinclude/ -Iinclude/fmi2 -I.    -DOMC_MODEL_PREFIX=RoomHeating_OM_RH -DOMC_NUM_MIXED_SYSTEMS=0 -DOMC_NUM_LINEAR_SYSTEMS=0 -DOMC_NUM_NONLINEAR_SYSTEMS=0 -DOMC_NDELAY_EXPRESSIONS=0 -DOMC_NVAR_STRING=0  -c -o include/./simulation/solver/delay.o include/./simulation/solver/delay.c
i686-w64-mingw32-gcc -Os -flto -fno-stack-protector -Wno-parentheses-equality -Wno-unused-variable -fdollars-in-identifiers -DOMC_MINIMAL_RUNTIME=1 -DCMINPACK_NO_DLL=1 -Iinclude/ -Iinclude/fmi2 -I.    -DOMC_MODEL_PREFIX=RoomHeating_OM_RH -DOMC_NUM_MIXED_SYSTEMS=0 -DOMC_NUM_LINEAR_SYSTEMS=0 -DOMC_NUM_NONLINEAR_SYSTEMS=0 -DOMC_NDELAY_EXPRESSIONS=0 -DOMC_NVAR_STRING=0  -c -o include/./simulation/solver/omc_math.o include/./simulation/solver/omc_math.c
i686-w64-mingw32-gcc -Os -flto -fno-stack-protector -Wno-parentheses-equality -Wno-unused-variable -fdollars-in-identifiers -DOMC_MINIMAL_RUNTIME=1 -DCMINPACK_NO_DLL=1 -Iinclude/ -Iinclude/fmi2 -I.    -DOMC_MODEL_PREFIX=RoomHeating_OM_RH -DOMC_NUM_MIXED_SYSTEMS=0 -DOMC_NUM_LINEAR_SYSTEMS=0 -DOMC_NUM_NONLINEAR_SYSTEMS=0 -DOMC_NDELAY_EXPRESSIONS=0 -DOMC_NVAR_STRING=0  -c -o include/./simulation/solver/model_help.o include/./simulation/solver/model_help.c
i686-w64-mingw32-gcc -Os -flto -fno-stack-protector -Wno-parentheses-equality -Wno-unused-variable -fdollars-in-identifiers -DOMC_MINIMAL_RUNTIME=1 -DCMINPACK_NO_DLL=1 -Iinclude/ -Iinclude/fmi2 -I.    -DOMC_MODEL_PREFIX=RoomHeating_OM_RH -DOMC_NUM_MIXED_SYSTEMS=0 -DOMC_NUM_LINEAR_SYSTEMS=0 -DOMC_NUM_NONLINEAR_SYSTEMS=0 -DOMC_NDELAY_EXPRESSIONS=0 -DOMC_NVAR_STRING=0  -c -o include/./simulation/solver/stateset.o include/./simulation/solver/stateset.c
i686-w64-mingw32-gcc -Os -flto -fno-stack-protector -Wno-parentheses-equality -Wno-unused-variable -fdollars-in-identifiers -DOMC_MINIMAL_RUNTIME=1 -DCMINPACK_NO_DLL=1 -Iinclude/ -Iinclude/fmi2 -I.    -DOMC_MODEL_PREFIX=RoomHeating_OM_RH -DOMC_NUM_MIXED_SYSTEMS=0 -DOMC_NUM_LINEAR_SYSTEMS=0 -DOMC_NUM_NONLINEAR_SYSTEMS=0 -DOMC_NDELAY_EXPRESSIONS=0 -DOMC_NVAR_STRING=0  -c -o include/./simulation/solver/synchronous.o include/./simulation/solver/synchronous.c
i686-w64-mingw32-gcc -Os -flto -fno-stack-protector -Wno-parentheses-equality -Wno-unused-variable -fdollars-in-identifiers -DOMC_MINIMAL_RUNTIME=1 -DCMINPACK_NO_DLL=1 -Iinclude/ -Iinclude/fmi2 -I.    -DOMC_MODEL_PREFIX=RoomHeating_OM_RH -DOMC_NUM_MIXED_SYSTEMS=0 -DOMC_NUM_LINEAR_SYSTEMS=0 -DOMC_NUM_NONLINEAR_SYSTEMS=0 -DOMC_NDELAY_EXPRESSIONS=0 -DOMC_NVAR_STRING=0  -c -o include/./simulation/solver/initialization/initialization.o include/./simulation/solver/initialization/initialization.c
i686-w64-mingw32-gcc -Os -flto -fno-stack-protector -Wno-parentheses-equality -Wno-unused-variable -fdollars-in-identifiers -DOMC_MINIMAL_RUNTIME=1 -DCMINPACK_NO_DLL=1 -Iinclude/ -Iinclude/fmi2 -I.    -DOMC_MODEL_PREFIX=RoomHeating_OM_RH -DOMC_NUM_MIXED_SYSTEMS=0 -DOMC_NUM_LINEAR_SYSTEMS=0 -DOMC_NUM_NONLINEAR_SYSTEMS=0 -DOMC_NDELAY_EXPRESSIONS=0 -DOMC_NVAR_STRING=0  -c -o include/./meta/meta_modelica_catch.o include/./meta/meta_modelica_catch.c
include/./util/omc_msvc.c: In function ‘omc_dlerror’:
include/./util/omc_msvc.c:259:3: warning: return discards ‘const’ qualifier from pointer target type [enabled by default]
   return GetLastErrorAsString();
   ^
include/./util/omc_msvc.c: At top level:
cc1: warning: unrecognized command line option "-Wno-parentheses-equality" [enabled by default]
mkdir -p ../binaries/win32
i686-w64-mingw32-gcc -shared -o RoomHeating_OM_RH.dll RoomHeating_OM_RH_FMU.o RoomHeating_OM_RH.o RoomHeating_OM_RH_functions.o RoomHeating_OM_RH_records.o RoomHeating_OM_RH_01exo.o RoomHeating_OM_RH_02nls.o RoomHeating_OM_RH_03lsy.o RoomHeating_OM_RH_04set.o RoomHeating_OM_RH_05evt.o RoomHeating_OM_RH_06inz.o RoomHeating_OM_RH_07dly.o RoomHeating_OM_RH_08bnd.o RoomHeating_OM_RH_09alg.o RoomHeating_OM_RH_10asr.o RoomHeating_OM_RH_11mix.o RoomHeating_OM_RH_12jac.o RoomHeating_OM_RH_13opt.o RoomHeating_OM_RH_14lnz.o RoomHeating_OM_RH_15syn.o RoomHeating_OM_RH_16dae.o RoomHeating_OM_RH_init_fmu.o include/./gc/memory_pool.o include/./util/base_array.o include/./util/boolean_array.o include/./util/omc_error.o include/./util/division.o include/./util/generic_array.o include/./util/index_spec.o include/./util/integer_array.o include/./util/list.o include/./util/modelica_string.o include/./util/real_array.o include/./util/ringbuffer.o include/./util/string_array.o include/./util/utility.o include/./util/varinfo.o include/./util/ModelicaUtilities.o include/./util/omc_msvc.o include/./util/simulation_options.o include/./util/cJSON.o include/./util/rational.o include/./util/modelica_string_lit.o include/./util/omc_init.o include/./util/omc_mmap.o include/./math-support/pivot.o include/./simulation/simulation_info_json.o include/./simulation/options.o include/./simulation/simulation_omc_assert.o include/./simulation/solver/delay.o include/./simulation/solver/omc_math.o include/./simulation/solver/model_help.o include/./simulation/solver/stateset.o include/./simulation/solver/synchronous.o include/./simulation/solver/initialization/initialization.o include/./meta/meta_modelica_catch.o -L"/var/lib/hudson/jobs/OpenModelica_BUILD/workspace/OpenModelica/testsuite/special/FmuExportCrossCompile"   -flto -shared -static-libgcc -lm  -Wl,-Bstatic -lpthread -Wl,-Bdynamic
cp RoomHeating_OM_RH.dll RoomHeating_OM_RH_FMU.libs config.log ../binaries/win32/
make distclean
make[2]: Entering directory `/var/lib/hudson/jobs/OpenModelica_BUILD/workspace/OpenModelica/testsuite/special/FmuExportCrossCompile/RoomHeating_OM_RH.fmutmp/sources'
rm -f RoomHeating_OM_RH.def RoomHeating_OM_RH.o RoomHeating_OM_RH.a RoomHeating_OM_RH.dll RoomHeating_OM_RH_FMU.o RoomHeating_OM_RH.o RoomHeating_OM_RH_functions.o RoomHeating_OM_RH_records.o RoomHeating_OM_RH_01exo.o RoomHeating_OM_RH_02nls.o RoomHeating_OM_RH_03lsy.o RoomHeating_OM_RH_04set.o RoomHeating_OM_RH_05evt.o RoomHeating_OM_RH_06inz.o RoomHeating_OM_RH_07dly.o RoomHeating_OM_RH_08bnd.o RoomHeating_OM_RH_09alg.o RoomHeating_OM_RH_10asr.o RoomHeating_OM_RH_11mix.o RoomHeating_OM_RH_12jac.o RoomHeating_OM_RH_13opt.o RoomHeating_OM_RH_14lnz.o RoomHeating_OM_RH_15syn.o RoomHeating_OM_RH_16dae.o RoomHeating_OM_RH_init_fmu.o include/./gc/memory_pool.o include/./util/base_array.o include/./util/boolean_array.o include/./util/omc_error.o include/./util/division.o include/./util/generic_array.o include/./util/index_spec.o include/./util/integer_array.o include/./util/list.o include/./util/modelica_string.o include/./util/real_array.o include/./util/ringbuffer.o include/./util/string_array.o include/./util/utility.o include/./util/varinfo.o include/./util/ModelicaUtilities.o include/./util/omc_msvc.o include/./util/simulation_options.o include/./util/cJSON.o include/./util/rational.o include/./util/modelica_string_lit.o include/./util/omc_init.o include/./util/omc_mmap.o include/./math-support/pivot.o include/./simulation/simulation_info_json.o include/./simulation/options.o include/./simulation/simulation_omc_assert.o include/./simulation/solver/delay.o include/./simulation/solver/omc_math.o include/./simulation/solver/model_help.o include/./simulation/solver/stateset.o include/./simulation/solver/synchronous.o include/./simulation/solver/initialization/initialization.o include/./meta/meta_modelica_catch.o
rm -f Makefile config.status config.log
make[2]: Leaving directory `/var/lib/hudson/jobs/OpenModelica_BUILD/workspace/OpenModelica/testsuite/special/FmuExportCrossCompile/RoomHeating_OM_RH.fmutmp/sources'
cd .. && rm -f ../RoomHeating_OM_RH.fmu && zip -r ../RoomHeating_OM_RH.fmu *
  adding: binaries/ (stored 0%)
  adding: binaries/arm-linux-gnueabihf/ (stored 0%)
  adding: binaries/arm-linux-gnueabihf/RoomHeating_OM_RH.so (deflated 66%)
  adding: binaries/arm-linux-gnueabihf/config.log (deflated 91%)
  adding: binaries/arm-linux-gnueabihf/RoomHeating_OM_RH_FMU.libs (stored 0%)
  adding: binaries/win64/ (stored 0%)
  adding: binaries/win64/config.log (deflated 91%)
  adding: binaries/win64/RoomHeating_OM_RH_FMU.libs (stored 0%)
  adding: binaries/win64/RoomHeating_OM_RH.dll (deflated 69%)
  adding: binaries/darwin64/ (stored 0%)
  adding: binaries/darwin64/config.log (deflated 92%)
  adding: binaries/darwin64/RoomHeating_OM_RH_FMU.libs (stored 0%)
  adding: binaries/darwin64/RoomHeating_OM_RH.dylib (deflated 69%)
  adding: binaries/win32/ (stored 0%)
  adding: binaries/win32/config.log (deflated 91%)
  adding: binaries/win32/RoomHeating_OM_RH_FMU.libs (stored 0%)
  adding: binaries/win32/RoomHeating_OM_RH.dll (deflated 66%)
  adding: binaries/linux64/ (stored 0%)
  adding: binaries/linux64/RoomHeating_OM_RH.so (deflated 72%)
  adding: binaries/linux64/config.log (deflated 91%)
  adding: binaries/linux64/RoomHeating_OM_RH_FMU.libs (stored 0%)
  adding: binaries/darwin32/ (stored 0%)
  adding: binaries/darwin32/config.log (deflated 92%)
  adding: binaries/darwin32/RoomHeating_OM_RH_FMU.libs (stored 0%)
  adding: binaries/darwin32/RoomHeating_OM_RH.dylib (deflated 66%)
  adding: binaries/linux32/ (stored 0%)
  adding: binaries/linux32/RoomHeating_OM_RH.so (deflated 68%)
  adding: binaries/linux32/config.log (deflated 91%)
  adding: binaries/linux32/RoomHeating_OM_RH_FMU.libs (stored 0%)
  adding: modelDescription.xml (deflated 86%)
  adding: sources/ (stored 0%)
  adding: sources/configure (deflated 76%)
  adding: sources/RoomHeating_OM_RH_FMU.c (deflated 87%)
  adding: sources/install-sh (deflated 61%)
  adding: sources/RoomHeating_OM_RH_07dly.c (deflated 33%)
  adding: sources/RoomHeating_OM_RH_08bnd.c (deflated 79%)
  adding: sources/RoomHeating_OM_RH_functions.c (deflated 38%)
  adding: sources/RoomHeating_OM_RH.makefile (deflated 2%)
  adding: sources/RoomHeating_OM_RH_10asr.c (deflated 34%)
  adding: sources/RoomHeating_OM_RH_model.h (deflated 77%)
  adding: sources/RoomHeating_OM_RH_06inz.c (deflated 87%)
  adding: sources/RoomHeating_OM_RH_15syn.c (deflated 62%)
  adding: sources/RoomHeating_OM_RH_05evt.c (deflated 70%)
  adding: sources/RoomHeating_OM_RH_records.c (deflated 26%)
  adding: sources/RoomHeating_OM_RH_FMU.libs (stored 0%)
  adding: sources/RoomHeating_OM_RH.log