This file contains any messages produced by compilers while
running configure, to aid debugging if configure makes a mistake.

It was created by OpenModelica Exported FMU configure dev, which was
generated by GNU Autoconf 2.69.  Invocation command line was

  $ ./configure --host=arm-linux-gnueabihf CFLAGS=-Os -flto LDFLAGS=-flto

## --------- ##
## Platform. ##
## --------- ##

hostname = test
uname -m = x86_64
uname -r = 3.13.0-100-generic
uname -s = Linux
uname -v = #147-Ubuntu SMP Tue Oct 18 16:48:51 UTC 2016

/usr/bin/uname -p = unknown
/bin/uname -X     = unknown

/bin/arch              = unknown
/usr/bin/arch -k       = unknown
/usr/convex/getsysinfo = unknown
/usr/bin/hostinfo      = unknown
/bin/machine           = unknown
/usr/bin/oslevel       = unknown
/bin/universe          = unknown

PATH: /var/lib/hudson/fmucheck
PATH: /var/lib/hudson/osxcross/target/bin
PATH: /usr/local/bin
PATH: /usr/bin
PATH: /bin
PATH: /usr/local/games
PATH: /usr/games


## ----------- ##
## Core tests. ##
## ----------- ##

configure:2133: checking build system type
configure:2147: result: x86_64-unknown-linux-gnu
configure:2167: checking host system type
configure:2180: result: arm-unknown-linux-gnueabihf
configure:2200: checking target system type
configure:2213: result: arm-unknown-linux-gnueabihf
configure:2266: checking for arm-linux-gnueabihf-gcc
configure:2282: found /usr/bin/arm-linux-gnueabihf-gcc
configure:2293: result: arm-linux-gnueabihf-gcc
configure:2562: checking for C compiler version
configure:2571: arm-linux-gnueabihf-gcc --version >&5
arm-linux-gnueabihf-gcc (Ubuntu/Linaro 4.8.4-2ubuntu1~14.04.1) 4.8.4
Copyright (C) 2013 Free Software Foundation, Inc.
This is free software; see the source for copying conditions.  There is NO
warranty; not even for MERCHANTABILITY or FITNESS FOR A PARTICULAR PURPOSE.

configure:2582: $? = 0
configure:2571: arm-linux-gnueabihf-gcc -v >&5
Using built-in specs.
COLLECT_GCC=arm-linux-gnueabihf-gcc
COLLECT_LTO_WRAPPER=/usr/lib/gcc-cross/arm-linux-gnueabihf/4.8/lto-wrapper
Target: arm-linux-gnueabihf
Configured with: ../src/configure -v --with-pkgversion='Ubuntu/Linaro 4.8.4-2ubuntu1~14.04.1' --with-bugurl=file:///usr/share/doc/gcc-4.8/README.Bugs --enable-languages=c,c++,java,go,d,fortran,objc,obj-c++ --prefix=/usr --program-suffix=-4.8 --enable-shared --enable-linker-build-id --libexecdir=/usr/lib --without-included-gettext --enable-threads=posix --with-gxx-include-dir=/usr/arm-linux-gnueabihf/include/c++/4.8.4 --libdir=/usr/lib --enable-nls --with-sysroot=/ --enable-clocale=gnu --enable-libstdcxx-debug --enable-libstdcxx-time=yes --enable-gnu-unique-object --disable-libmudflap --disable-libitm --disable-libquadmath --enable-plugin --with-system-zlib --disable-browser-plugin --enable-java-awt=gtk --enable-gtk-cairo --with-java-home=/usr/lib/jvm/java-1.5.0-gcj-4.8-armhf-cross/jre --enable-java-home --with-jvm-root-dir=/usr/lib/jvm/java-1.5.0-gcj-4.8-armhf-cross --with-jvm-jar-dir=/usr/lib/jvm-exports/java-1.5.0-gcj-4.8-armhf-cross --with-arch-directory=arm --with-ecj-jar=/usr/share/java/eclipse-ecj.jar --disable-libgcj --enable-objc-gc --enable-multiarch --enable-multilib --disable-sjlj-exceptions --with-arch=armv7-a --with-fpu=vfpv3-d16 --with-float=hard --with-mode=thumb --disable-werror --enable-checking=release --build=x86_64-linux-gnu --host=x86_64-linux-gnu --target=arm-linux-gnueabihf --program-prefix=arm-linux-gnueabihf- --includedir=/usr/arm-linux-gnueabihf/include
Thread model: posix
gcc version 4.8.4 (Ubuntu/Linaro 4.8.4-2ubuntu1~14.04.1) 
configure:2582: $? = 0
configure:2571: arm-linux-gnueabihf-gcc -V >&5
arm-linux-gnueabihf-gcc: error: unrecognized command line option '-V'
arm-linux-gnueabihf-gcc: fatal error: no input files
compilation terminated.
configure:2582: $? = 4
configure:2571: arm-linux-gnueabihf-gcc -qversion >&5
arm-linux-gnueabihf-gcc: error: unrecognized command line option '-qversion'
arm-linux-gnueabihf-gcc: fatal error: no input files
compilation terminated.
configure:2582: $? = 4
configure:2602: checking whether the C compiler works
configure:2624: arm-linux-gnueabihf-gcc -Os -flto  -flto conftest.c  >&5
configure:2628: $? = 0
configure:2676: result: yes
configure:2679: checking for C compiler default output file name
configure:2681: result: a.out
configure:2687: checking for suffix of executables
configure:2694: arm-linux-gnueabihf-gcc -o conftest -Os -flto  -flto conftest.c  >&5
configure:2698: $? = 0
configure:2720: result: 
configure:2742: checking whether we are cross compiling
configure:2750: arm-linux-gnueabihf-gcc -o conftest -Os -flto  -flto conftest.c  >&5
configure:2754: $? = 0
configure:2761: ./conftest
./configure: line 2763: ./conftest: cannot execute binary file: Exec format error
configure:2765: $? = 126
configure:2780: result: yes
configure:2785: checking for suffix of object files
configure:2807: arm-linux-gnueabihf-gcc -c -Os -flto  conftest.c >&5
configure:2811: $? = 0
configure:2832: result: o
configure:2836: checking whether we are using the GNU C compiler
configure:2855: arm-linux-gnueabihf-gcc -c -Os -flto  conftest.c >&5
configure:2855: $? = 0
configure:2864: result: yes
configure:2873: checking whether arm-linux-gnueabihf-gcc accepts -g
configure:2893: arm-linux-gnueabihf-gcc -c -g  conftest.c >&5
configure:2893: $? = 0
configure:2934: result: yes
configure:2951: checking for arm-linux-gnueabihf-gcc option to accept ISO C89
configure:3014: arm-linux-gnueabihf-gcc  -c -Os -flto  conftest.c >&5
configure:3014: $? = 0
configure:3027: result: none needed
configure:3052: checking how to run the C preprocessor
configure:3083: arm-linux-gnueabihf-gcc -E  conftest.c
configure:3083: $? = 0
configure:3097: arm-linux-gnueabihf-gcc -E  conftest.c
conftest.c:9:28: fatal error: ac_nonexistent.h: No such file or directory
 #include <ac_nonexistent.h>
                            ^
compilation terminated.
configure:3097: $? = 1
configure: failed program was:
| /* confdefs.h */
| #define PACKAGE_NAME "OpenModelica Exported FMU"
| #define PACKAGE_TARNAME "openmodelica"
| #define PACKAGE_VERSION "dev"
| #define PACKAGE_STRING "OpenModelica Exported FMU dev"
| #define PACKAGE_BUGREPORT "https://trac.openmodelica.org/OpenModelica"
| #define PACKAGE_URL "https://openmodelica.org"
| /* end confdefs.h.  */
| #include <ac_nonexistent.h>
configure:3122: result: arm-linux-gnueabihf-gcc -E
configure:3142: arm-linux-gnueabihf-gcc -E  conftest.c
configure:3142: $? = 0
configure:3156: arm-linux-gnueabihf-gcc -E  conftest.c
conftest.c:9:28: fatal error: ac_nonexistent.h: No such file or directory
 #include <ac_nonexistent.h>
                            ^
compilation terminated.
configure:3156: $? = 1
configure: failed program was:
| /* confdefs.h */
| #define PACKAGE_NAME "OpenModelica Exported FMU"
| #define PACKAGE_TARNAME "openmodelica"
| #define PACKAGE_VERSION "dev"
| #define PACKAGE_STRING "OpenModelica Exported FMU dev"
| #define PACKAGE_BUGREPORT "https://trac.openmodelica.org/OpenModelica"
| #define PACKAGE_URL "https://openmodelica.org"
| /* end confdefs.h.  */
| #include <ac_nonexistent.h>
configure:3184: checking whether make sets $(MAKE)
configure:3206: result: yes
configure:3216: checking for cross-compilation flags
configure:3223: result: not needed; arm-linux-gnueabihf-gcc contains the prefix
configure:3332: checking if -Werror works
configure:3345: arm-linux-gnueabihf-gcc -o conftest -Os -flto -Werror  -flto conftest.c  >&5
configure:3345: $? = 0
configure:3346: result: ok
configure:3357: checking looking for --no-undefined
configure:3370: arm-linux-gnueabihf-gcc -o conftest -Os -flto  -flto -Wl,--no-undefined -Werror conftest.c  >&5
configure:3370: $? = 0
configure:3371: result: yes
configure:3382: checking looking for dollars in identifiers
configure:3398: arm-linux-gnueabihf-gcc -o conftest -Os -flto  -flto conftest.c  >&5
conftest.c:10:7: error: expected identifier or '(' before ')' token
 void () {}
       ^
conftest.c:11:10: error: no macro name given in #define directive
 #define  
          ^
conftest.c: In function 'main':
conftest.c:16:2: error: expected expression before ')' token
 ();
  ^
configure:3398: $? = 1
configure: failed program was:
| /* confdefs.h */
| #define PACKAGE_NAME "OpenModelica Exported FMU"
| #define PACKAGE_TARNAME "openmodelica"
| #define PACKAGE_VERSION "dev"
| #define PACKAGE_STRING "OpenModelica Exported FMU dev"
| #define PACKAGE_BUGREPORT "https://trac.openmodelica.org/OpenModelica"
| #define PACKAGE_URL "https://openmodelica.org"
| /* end confdefs.h.  */
| 
| void () {}
| #define  
| 
| int
| main ()
| {
| ();
|   ;
|   return 0;
| }
configure:3418: arm-linux-gnueabihf-gcc -o conftest -Os -flto  -fdollars-in-identifiers -flto conftest.c  >&5
configure:3418: $? = 0
configure:3419: result: CPPFLAGS: -fdollars-in-identifiers
configure:3589: arm-linux-gnueabihf-gcc -o conftest  -fno-stack-protector -Werror  -fdollars-in-identifiers -flto -shared conftest.c  >&5
configure:3589: $? = 0
configure:3589: arm-linux-gnueabihf-gcc -o conftest  -Wno-parentheses-equality -Werror  -fdollars-in-identifiers -flto -shared conftest.c  >&5
configure:3589: $? = 0
configure:3589: arm-linux-gnueabihf-gcc -o conftest  -Wno-unused-variable -Werror  -fdollars-in-identifiers -flto -shared conftest.c  >&5
configure:3589: $? = 0
configure:3589: arm-linux-gnueabihf-gcc -o conftest  -fPIC -Werror  -fdollars-in-identifiers -flto -shared conftest.c  >&5
configure:3589: $? = 0
configure:3613: arm-linux-gnueabihf-gcc -o conftest -Os -flto -fno-stack-protector -Wno-parentheses-equality -Wno-unused-variable -fPIC  -fdollars-in-identifiers -flto -shared -static-libgcc conftest.c  >&5
configure:3613: $? = 0
configure:3654: checking for grep that handles long lines and -e
configure:3712: result: /bin/grep
configure:3717: checking for egrep
configure:3779: result: /bin/grep -E
configure:3784: checking for ANSI C header files
configure:3804: arm-linux-gnueabihf-gcc -c -Os -flto -fno-stack-protector -Wno-parentheses-equality -Wno-unused-variable -fPIC  -fdollars-in-identifiers conftest.c >&5
configure:3804: $? = 0
configure:3888: result: yes
configure:3897: checking for an ANSI C-conforming const
configure:3963: arm-linux-gnueabihf-gcc -c -Os -flto -fno-stack-protector -Wno-parentheses-equality -Wno-unused-variable -fPIC  -fdollars-in-identifiers conftest.c >&5
configure:3963: $? = 0
configure:3970: result: yes
configure:3983: checking for sys/types.h
configure:3983: arm-linux-gnueabihf-gcc -c -Os -flto -fno-stack-protector -Wno-parentheses-equality -Wno-unused-variable -fPIC  -fdollars-in-identifiers conftest.c >&5
configure:3983: $? = 0
configure:3983: result: yes
configure:3983: checking for sys/stat.h
configure:3983: arm-linux-gnueabihf-gcc -c -Os -flto -fno-stack-protector -Wno-parentheses-equality -Wno-unused-variable -fPIC  -fdollars-in-identifiers conftest.c >&5
configure:3983: $? = 0
configure:3983: result: yes
configure:3983: checking for stdlib.h
configure:3983: arm-linux-gnueabihf-gcc -c -Os -flto -fno-stack-protector -Wno-parentheses-equality -Wno-unused-variable -fPIC  -fdollars-in-identifiers conftest.c >&5
configure:3983: $? = 0
configure:3983: result: yes
configure:3983: checking for string.h
configure:3983: arm-linux-gnueabihf-gcc -c -Os -flto -fno-stack-protector -Wno-parentheses-equality -Wno-unused-variable -fPIC  -fdollars-in-identifiers conftest.c >&5
configure:3983: $? = 0
configure:3983: result: yes
configure:3983: checking for memory.h
configure:3983: arm-linux-gnueabihf-gcc -c -Os -flto -fno-stack-protector -Wno-parentheses-equality -Wno-unused-variable -fPIC  -fdollars-in-identifiers conftest.c >&5
configure:3983: $? = 0
configure:3983: result: yes
configure:3983: checking for strings.h
configure:3983: arm-linux-gnueabihf-gcc -c -Os -flto -fno-stack-protector -Wno-parentheses-equality -Wno-unused-variable -fPIC  -fdollars-in-identifiers conftest.c >&5
configure:3983: $? = 0
configure:3983: result: yes
configure:3983: checking for inttypes.h
configure:3983: arm-linux-gnueabihf-gcc -c -Os -flto -fno-stack-protector -Wno-parentheses-equality -Wno-unused-variable -fPIC  -fdollars-in-identifiers conftest.c >&5
configure:3983: $? = 0
configure:3983: result: yes
configure:3983: checking for stdint.h
configure:3983: arm-linux-gnueabihf-gcc -c -Os -flto -fno-stack-protector -Wno-parentheses-equality -Wno-unused-variable -fPIC  -fdollars-in-identifiers conftest.c >&5
configure:3983: $? = 0
configure:3983: result: yes
configure:3983: checking for unistd.h
configure:3983: arm-linux-gnueabihf-gcc -c -Os -flto -fno-stack-protector -Wno-parentheses-equality -Wno-unused-variable -fPIC  -fdollars-in-identifiers conftest.c >&5
configure:3983: $? = 0
configure:3983: result: yes
configure:3995: checking for size_t
configure:3995: arm-linux-gnueabihf-gcc -c -Os -flto -fno-stack-protector -Wno-parentheses-equality -Wno-unused-variable -fPIC  -fdollars-in-identifiers conftest.c >&5
configure:3995: $? = 0
configure:3995: arm-linux-gnueabihf-gcc -c -Os -flto -fno-stack-protector -Wno-parentheses-equality -Wno-unused-variable -fPIC  -fdollars-in-identifiers conftest.c >&5
conftest.c: In function 'main':
conftest.c:55:21: error: expected expression before ')' token
 if (sizeof ((size_t)))
                     ^
conftest.c: At top level:
cc1: warning: unrecognized command line option "-Wno-parentheses-equality" [enabled by default]
configure:3995: $? = 1
configure: failed program was:
| /* confdefs.h */
| #define PACKAGE_NAME "OpenModelica Exported FMU"
| #define PACKAGE_TARNAME "openmodelica"
| #define PACKAGE_VERSION "dev"
| #define PACKAGE_STRING "OpenModelica Exported FMU dev"
| #define PACKAGE_BUGREPORT "https://trac.openmodelica.org/OpenModelica"
| #define PACKAGE_URL "https://openmodelica.org"
| #define STDC_HEADERS 1
| #define HAVE_SYS_TYPES_H 1
| #define HAVE_SYS_STAT_H 1
| #define HAVE_STDLIB_H 1
| #define HAVE_STRING_H 1
| #define HAVE_MEMORY_H 1
| #define HAVE_STRINGS_H 1
| #define HAVE_INTTYPES_H 1
| #define HAVE_STDINT_H 1
| #define HAVE_UNISTD_H 1
| /* end confdefs.h.  */
| #include <stdio.h>
| #ifdef HAVE_SYS_TYPES_H
| # include <sys/types.h>
| #endif
| #ifdef HAVE_SYS_STAT_H
| # include <sys/stat.h>
| #endif
| #ifdef STDC_HEADERS
| # include <stdlib.h>
| # include <stddef.h>
| #else
| # ifdef HAVE_STDLIB_H
| #  include <stdlib.h>
| # endif
| #endif
| #ifdef HAVE_STRING_H
| # if !defined STDC_HEADERS && defined HAVE_MEMORY_H
| #  include <memory.h>
| # endif
| # include <string.h>
| #endif
| #ifdef HAVE_STRINGS_H
| # include <strings.h>
| #endif
| #ifdef HAVE_INTTYPES_H
| # include <inttypes.h>
| #endif
| #ifdef HAVE_STDINT_H
| # include <stdint.h>
| #endif
| #ifdef HAVE_UNISTD_H
| # include <unistd.h>
| #endif
| int
| main ()
| {
| if (sizeof ((size_t)))
| 	    return 0;
|   ;
|   return 0;
| }
configure:3995: result: yes
configure:4009: checking for vprintf
configure:4009: arm-linux-gnueabihf-gcc -o conftest -Os -flto -fno-stack-protector -Wno-parentheses-equality -Wno-unused-variable -fPIC  -fdollars-in-identifiers -flto -shared -static-libgcc conftest.c  >&5
conftest.c:42:6: warning: conflicting types for built-in function 'vprintf' [enabled by default]
 char vprintf ();
      ^
cc1: warning: unrecognized command line option "-Wno-parentheses-equality" [enabled by default]
configure:4009: $? = 0
configure:4009: result: yes
configure:4015: checking for _doprnt
configure:4015: arm-linux-gnueabihf-gcc -o conftest -Os -flto -fno-stack-protector -Wno-parentheses-equality -Wno-unused-variable -fPIC  -fdollars-in-identifiers -flto -shared -static-libgcc conftest.c  >&5
configure:4015: $? = 0
configure:4015: result: yes
configure:4029: checking for strdup
configure:4029: arm-linux-gnueabihf-gcc -o conftest -Os -flto -fno-stack-protector -Wno-parentheses-equality -Wno-unused-variable -fPIC  -fdollars-in-identifiers -flto -shared -static-libgcc conftest.c  >&5
conftest.c:44:6: warning: conflicting types for built-in function 'strdup' [enabled by default]
 char strdup ();
      ^
cc1: warning: unrecognized command line option "-Wno-parentheses-equality" [enabled by default]
configure:4029: $? = 0
configure:4029: result: yes
configure:4029: checking for strerror
configure:4029: arm-linux-gnueabihf-gcc -o conftest -Os -flto -fno-stack-protector -Wno-parentheses-equality -Wno-unused-variable -fPIC  -fdollars-in-identifiers -flto -shared -static-libgcc conftest.c  >&5
configure:4029: $? = 0
configure:4029: result: yes
configure:4065: checking LAPACK/BLAS flags
configure:4083: arm-linux-gnueabihf-gcc -o conftest -Os -flto -fno-stack-protector -Wno-parentheses-equality -Wno-unused-variable -fPIC  -fdollars-in-identifiers -flto -shared -static-libgcc conftest.c  -Wl,--no-undefined >&5
configure:4083: $? = 0
configure:4122: arm-linux-gnueabihf-gcc -o conftest -Os -flto -fno-stack-protector -Wno-parentheses-equality -Wno-unused-variable -fPIC  -fdollars-in-identifiers -flto -shared -static-libgcc conftest.c -shared -Wl,-Bstatic -lopenblas  -Wl,-Bdynamic  -Wl,--no-undefined >&5
/usr/lib/gcc-cross/arm-linux-gnueabihf/4.8/../../../../arm-linux-gnueabihf/bin/ld: cannot find -lopenblas
collect2: error: ld returned 1 exit status
configure:4122: $? = 1
configure: failed program was:
| /* confdefs.h */
| #define PACKAGE_NAME "OpenModelica Exported FMU"
| #define PACKAGE_TARNAME "openmodelica"
| #define PACKAGE_VERSION "dev"
| #define PACKAGE_STRING "OpenModelica Exported FMU dev"
| #define PACKAGE_BUGREPORT "https://trac.openmodelica.org/OpenModelica"
| #define PACKAGE_URL "https://openmodelica.org"
| #define STDC_HEADERS 1
| #define HAVE_SYS_TYPES_H 1
| #define HAVE_SYS_STAT_H 1
| #define HAVE_STDLIB_H 1
| #define HAVE_STRING_H 1
| #define HAVE_MEMORY_H 1
| #define HAVE_STRINGS_H 1
| #define HAVE_INTTYPES_H 1
| #define HAVE_STDINT_H 1
| #define HAVE_UNISTD_H 1
| #define HAVE_VPRINTF 1
| #define HAVE_DOPRNT 1
| #define HAVE_STRDUP 1
| #define HAVE_STRERROR 1
| /* end confdefs.h.  */
| 
| /* Override any GCC internal prototype to avoid an error.
|    Use char because int might match the return type of a GCC
|    builtin and then its argument prototype would still apply.  */
| #ifdef __cplusplus
| extern "C"
| #endif
| char dgesv_ ();
| int
| main ()
| {
| return dgesv_ ();
|   ;
|   return 0;
| }
configure:4122: arm-linux-gnueabihf-gcc -o conftest -Os -flto -fno-stack-protector -Wno-parentheses-equality -Wno-unused-variable -fPIC  -fdollars-in-identifiers -flto -shared -static-libgcc conftest.c -shared -Wl,-Bstatic -lopenblas -lgfortran -Wl,-Bdynamic  -Wl,--no-undefined >&5
/usr/lib/gcc-cross/arm-linux-gnueabihf/4.8/../../../../arm-linux-gnueabihf/bin/ld: cannot find -lopenblas
/usr/lib/gcc-cross/arm-linux-gnueabihf/4.8/../../../../arm-linux-gnueabihf/bin/ld: cannot find -lgfortran
collect2: error: ld returned 1 exit status
configure:4122: $? = 1
configure: failed program was:
| /* confdefs.h */
| #define PACKAGE_NAME "OpenModelica Exported FMU"
| #define PACKAGE_TARNAME "openmodelica"
| #define PACKAGE_VERSION "dev"
| #define PACKAGE_STRING "OpenModelica Exported FMU dev"
| #define PACKAGE_BUGREPORT "https://trac.openmodelica.org/OpenModelica"
| #define PACKAGE_URL "https://openmodelica.org"
| #define STDC_HEADERS 1
| #define HAVE_SYS_TYPES_H 1
| #define HAVE_SYS_STAT_H 1
| #define HAVE_STDLIB_H 1
| #define HAVE_STRING_H 1
| #define HAVE_MEMORY_H 1
| #define HAVE_STRINGS_H 1
| #define HAVE_INTTYPES_H 1
| #define HAVE_STDINT_H 1
| #define HAVE_UNISTD_H 1
| #define HAVE_VPRINTF 1
| #define HAVE_DOPRNT 1
| #define HAVE_STRDUP 1
| #define HAVE_STRERROR 1
| /* end confdefs.h.  */
| 
| /* Override any GCC internal prototype to avoid an error.
|    Use char because int might match the return type of a GCC
|    builtin and then its argument prototype would still apply.  */
| #ifdef __cplusplus
| extern "C"
| #endif
| char dgesv_ ();
| int
| main ()
| {
| return dgesv_ ();
|   ;
|   return 0;
| }
configure:4122: arm-linux-gnueabihf-gcc -o conftest -Os -flto -fno-stack-protector -Wno-parentheses-equality -Wno-unused-variable -fPIC  -fdollars-in-identifiers -flto -shared -static-libgcc conftest.c -shared -Wl,-Bstatic -lopenblas -lgfortran -lquadmath -Wl,-Bdynamic  -Wl,--no-undefined >&5
/usr/lib/gcc-cross/arm-linux-gnueabihf/4.8/../../../../arm-linux-gnueabihf/bin/ld: cannot find -lopenblas
/usr/lib/gcc-cross/arm-linux-gnueabihf/4.8/../../../../arm-linux-gnueabihf/bin/ld: cannot find -lgfortran
/usr/lib/gcc-cross/arm-linux-gnueabihf/4.8/../../../../arm-linux-gnueabihf/bin/ld: cannot find -lquadmath
collect2: error: ld returned 1 exit status
configure:4122: $? = 1
configure: failed program was:
| /* confdefs.h */
| #define PACKAGE_NAME "OpenModelica Exported FMU"
| #define PACKAGE_TARNAME "openmodelica"
| #define PACKAGE_VERSION "dev"
| #define PACKAGE_STRING "OpenModelica Exported FMU dev"
| #define PACKAGE_BUGREPORT "https://trac.openmodelica.org/OpenModelica"
| #define PACKAGE_URL "https://openmodelica.org"
| #define STDC_HEADERS 1
| #define HAVE_SYS_TYPES_H 1
| #define HAVE_SYS_STAT_H 1
| #define HAVE_STDLIB_H 1
| #define HAVE_STRING_H 1
| #define HAVE_MEMORY_H 1
| #define HAVE_STRINGS_H 1
| #define HAVE_INTTYPES_H 1
| #define HAVE_STDINT_H 1
| #define HAVE_UNISTD_H 1
| #define HAVE_VPRINTF 1
| #define HAVE_DOPRNT 1
| #define HAVE_STRDUP 1
| #define HAVE_STRERROR 1
| /* end confdefs.h.  */
| 
| /* Override any GCC internal prototype to avoid an error.
|    Use char because int might match the return type of a GCC
|    builtin and then its argument prototype would still apply.  */
| #ifdef __cplusplus
| extern "C"
| #endif
| char dgesv_ ();
| int
| main ()
| {
| return dgesv_ ();
|   ;
|   return 0;
| }
configure:4181: arm-linux-gnueabihf-gcc -o conftest -Os -flto -fno-stack-protector -Wno-parentheses-equality -Wno-unused-variable -fPIC  -fdollars-in-identifiers -flto -shared -static-libgcc conftest.c -shared -Wl,-Bstatic -lopenblas -Wl,-Bdynamic -lm  -Wl,--no-undefined >&5
/usr/lib/gcc-cross/arm-linux-gnueabihf/4.8/../../../../arm-linux-gnueabihf/bin/ld: cannot find -lopenblas
collect2: error: ld returned 1 exit status
configure:4181: $? = 1
configure: failed program was:
| /* confdefs.h */
| #define PACKAGE_NAME "OpenModelica Exported FMU"
| #define PACKAGE_TARNAME "openmodelica"
| #define PACKAGE_VERSION "dev"
| #define PACKAGE_STRING "OpenModelica Exported FMU dev"
| #define PACKAGE_BUGREPORT "https://trac.openmodelica.org/OpenModelica"
| #define PACKAGE_URL "https://openmodelica.org"
| #define STDC_HEADERS 1
| #define HAVE_SYS_TYPES_H 1
| #define HAVE_SYS_STAT_H 1
| #define HAVE_STDLIB_H 1
| #define HAVE_STRING_H 1
| #define HAVE_MEMORY_H 1
| #define HAVE_STRINGS_H 1
| #define HAVE_INTTYPES_H 1
| #define HAVE_STDINT_H 1
| #define HAVE_UNISTD_H 1
| #define HAVE_VPRINTF 1
| #define HAVE_DOPRNT 1
| #define HAVE_STRDUP 1
| #define HAVE_STRERROR 1
| /* end confdefs.h.  */
| 
| /* Override any GCC internal prototype to avoid an error.
|    Use char because int might match the return type of a GCC
|    builtin and then its argument prototype would still apply.  */
| #ifdef __cplusplus
| extern "C"
| #endif
| char dgesv_ ();
| int
| main ()
| {
| return dgesv_ ();
|   ;
|   return 0;
| }
configure:4181: arm-linux-gnueabihf-gcc -o conftest -Os -flto -fno-stack-protector -Wno-parentheses-equality -Wno-unused-variable -fPIC  -fdollars-in-identifiers -flto -shared -static-libgcc conftest.c -shared -Wl,-Bstatic -lopenblas -Wl,-Bdynamic -lpthread  -Wl,--no-undefined >&5
/usr/lib/gcc-cross/arm-linux-gnueabihf/4.8/../../../../arm-linux-gnueabihf/bin/ld: cannot find -lopenblas
collect2: error: ld returned 1 exit status
configure:4181: $? = 1
configure: failed program was:
| /* confdefs.h */
| #define PACKAGE_NAME "OpenModelica Exported FMU"
| #define PACKAGE_TARNAME "openmodelica"
| #define PACKAGE_VERSION "dev"
| #define PACKAGE_STRING "OpenModelica Exported FMU dev"
| #define PACKAGE_BUGREPORT "https://trac.openmodelica.org/OpenModelica"
| #define PACKAGE_URL "https://openmodelica.org"
| #define STDC_HEADERS 1
| #define HAVE_SYS_TYPES_H 1
| #define HAVE_SYS_STAT_H 1
| #define HAVE_STDLIB_H 1
| #define HAVE_STRING_H 1
| #define HAVE_MEMORY_H 1
| #define HAVE_STRINGS_H 1
| #define HAVE_INTTYPES_H 1
| #define HAVE_STDINT_H 1
| #define HAVE_UNISTD_H 1
| #define HAVE_VPRINTF 1
| #define HAVE_DOPRNT 1
| #define HAVE_STRDUP 1
| #define HAVE_STRERROR 1
| /* end confdefs.h.  */
| 
| /* Override any GCC internal prototype to avoid an error.
|    Use char because int might match the return type of a GCC
|    builtin and then its argument prototype would still apply.  */
| #ifdef __cplusplus
| extern "C"
| #endif
| char dgesv_ ();
| int
| main ()
| {
| return dgesv_ ();
|   ;
|   return 0;
| }
configure:4181: arm-linux-gnueabihf-gcc -o conftest -Os -flto -fno-stack-protector -Wno-parentheses-equality -Wno-unused-variable -fPIC  -fdollars-in-identifiers -flto -shared -static-libgcc conftest.c -shared -Wl,-Bstatic -lopenblas -Wl,-Bdynamic -lm -lpthread  -Wl,--no-undefined >&5
/usr/lib/gcc-cross/arm-linux-gnueabihf/4.8/../../../../arm-linux-gnueabihf/bin/ld: cannot find -lopenblas
collect2: error: ld returned 1 exit status
configure:4181: $? = 1
configure: failed program was:
| /* confdefs.h */
| #define PACKAGE_NAME "OpenModelica Exported FMU"
| #define PACKAGE_TARNAME "openmodelica"
| #define PACKAGE_VERSION "dev"
| #define PACKAGE_STRING "OpenModelica Exported FMU dev"
| #define PACKAGE_BUGREPORT "https://trac.openmodelica.org/OpenModelica"
| #define PACKAGE_URL "https://openmodelica.org"
| #define STDC_HEADERS 1
| #define HAVE_SYS_TYPES_H 1
| #define HAVE_SYS_STAT_H 1
| #define HAVE_STDLIB_H 1
| #define HAVE_STRING_H 1
| #define HAVE_MEMORY_H 1
| #define HAVE_STRINGS_H 1
| #define HAVE_INTTYPES_H 1
| #define HAVE_STDINT_H 1
| #define HAVE_UNISTD_H 1
| #define HAVE_VPRINTF 1
| #define HAVE_DOPRNT 1
| #define HAVE_STRDUP 1
| #define HAVE_STRERROR 1
| /* end confdefs.h.  */
| 
| /* Override any GCC internal prototype to avoid an error.
|    Use char because int might match the return type of a GCC
|    builtin and then its argument prototype would still apply.  */
| #ifdef __cplusplus
| extern "C"
| #endif
| char dgesv_ ();
| int
| main ()
| {
| return dgesv_ ();
|   ;
|   return 0;
| }
configure:4122: arm-linux-gnueabihf-gcc -o conftest -Os -flto -fno-stack-protector -Wno-parentheses-equality -Wno-unused-variable -fPIC  -fdollars-in-identifiers -flto -shared -static-libgcc conftest.c -shared -Wl,-Bstatic   -Wl,-Bdynamic  -Wl,--no-undefined >&5
/tmp/ccqmVa9L.ltrans0.ltrans.o: In function `main':
<artificial>:(.text.startup+0x2): undefined reference to `dgesv_'
collect2: error: ld returned 1 exit status
configure:4122: $? = 1
configure: failed program was:
| /* confdefs.h */
| #define PACKAGE_NAME "OpenModelica Exported FMU"
| #define PACKAGE_TARNAME "openmodelica"
| #define PACKAGE_VERSION "dev"
| #define PACKAGE_STRING "OpenModelica Exported FMU dev"
| #define PACKAGE_BUGREPORT "https://trac.openmodelica.org/OpenModelica"
| #define PACKAGE_URL "https://openmodelica.org"
| #define STDC_HEADERS 1
| #define HAVE_SYS_TYPES_H 1
| #define HAVE_SYS_STAT_H 1
| #define HAVE_STDLIB_H 1
| #define HAVE_STRING_H 1
| #define HAVE_MEMORY_H 1
| #define HAVE_STRINGS_H 1
| #define HAVE_INTTYPES_H 1
| #define HAVE_STDINT_H 1
| #define HAVE_UNISTD_H 1
| #define HAVE_VPRINTF 1
| #define HAVE_DOPRNT 1
| #define HAVE_STRDUP 1
| #define HAVE_STRERROR 1
| /* end confdefs.h.  */
| 
| /* Override any GCC internal prototype to avoid an error.
|    Use char because int might match the return type of a GCC
|    builtin and then its argument prototype would still apply.  */
| #ifdef __cplusplus
| extern "C"
| #endif
| char dgesv_ ();
| int
| main ()
| {
| return dgesv_ ();
|   ;
|   return 0;
| }
configure:4122: arm-linux-gnueabihf-gcc -o conftest -Os -flto -fno-stack-protector -Wno-parentheses-equality -Wno-unused-variable -fPIC  -fdollars-in-identifiers -flto -shared -static-libgcc conftest.c -shared -Wl,-Bstatic  -lgfortran -Wl,-Bdynamic  -Wl,--no-undefined >&5
/usr/lib/gcc-cross/arm-linux-gnueabihf/4.8/../../../../arm-linux-gnueabihf/bin/ld: cannot find -lgfortran
collect2: error: ld returned 1 exit status
configure:4122: $? = 1
configure: failed program was:
| /* confdefs.h */
| #define PACKAGE_NAME "OpenModelica Exported FMU"
| #define PACKAGE_TARNAME "openmodelica"
| #define PACKAGE_VERSION "dev"
| #define PACKAGE_STRING "OpenModelica Exported FMU dev"
| #define PACKAGE_BUGREPORT "https://trac.openmodelica.org/OpenModelica"
| #define PACKAGE_URL "https://openmodelica.org"
| #define STDC_HEADERS 1
| #define HAVE_SYS_TYPES_H 1
| #define HAVE_SYS_STAT_H 1
| #define HAVE_STDLIB_H 1
| #define HAVE_STRING_H 1
| #define HAVE_MEMORY_H 1
| #define HAVE_STRINGS_H 1
| #define HAVE_INTTYPES_H 1
| #define HAVE_STDINT_H 1
| #define HAVE_UNISTD_H 1
| #define HAVE_VPRINTF 1
| #define HAVE_DOPRNT 1
| #define HAVE_STRDUP 1
| #define HAVE_STRERROR 1
| /* end confdefs.h.  */
| 
| /* Override any GCC internal prototype to avoid an error.
|    Use char because int might match the return type of a GCC
|    builtin and then its argument prototype would still apply.  */
| #ifdef __cplusplus
| extern "C"
| #endif
| char dgesv_ ();
| int
| main ()
| {
| return dgesv_ ();
|   ;
|   return 0;
| }
configure:4122: arm-linux-gnueabihf-gcc -o conftest -Os -flto -fno-stack-protector -Wno-parentheses-equality -Wno-unused-variable -fPIC  -fdollars-in-identifiers -flto -shared -static-libgcc conftest.c -shared -Wl,-Bstatic  -lgfortran -lquadmath -Wl,-Bdynamic  -Wl,--no-undefined >&5
/usr/lib/gcc-cross/arm-linux-gnueabihf/4.8/../../../../arm-linux-gnueabihf/bin/ld: cannot find -lgfortran
/usr/lib/gcc-cross/arm-linux-gnueabihf/4.8/../../../../arm-linux-gnueabihf/bin/ld: cannot find -lquadmath
collect2: error: ld returned 1 exit status
configure:4122: $? = 1
configure: failed program was:
| /* confdefs.h */
| #define PACKAGE_NAME "OpenModelica Exported FMU"
| #define PACKAGE_TARNAME "openmodelica"
| #define PACKAGE_VERSION "dev"
| #define PACKAGE_STRING "OpenModelica Exported FMU dev"
| #define PACKAGE_BUGREPORT "https://trac.openmodelica.org/OpenModelica"
| #define PACKAGE_URL "https://openmodelica.org"
| #define STDC_HEADERS 1
| #define HAVE_SYS_TYPES_H 1
| #define HAVE_SYS_STAT_H 1
| #define HAVE_STDLIB_H 1
| #define HAVE_STRING_H 1
| #define HAVE_MEMORY_H 1
| #define HAVE_STRINGS_H 1
| #define HAVE_INTTYPES_H 1
| #define HAVE_STDINT_H 1
| #define HAVE_UNISTD_H 1
| #define HAVE_VPRINTF 1
| #define HAVE_DOPRNT 1
| #define HAVE_STRDUP 1
| #define HAVE_STRERROR 1
| /* end confdefs.h.  */
| 
| /* Override any GCC internal prototype to avoid an error.
|    Use char because int might match the return type of a GCC
|    builtin and then its argument prototype would still apply.  */
| #ifdef __cplusplus
| extern "C"
| #endif
| char dgesv_ ();
| int
| main ()
| {
| return dgesv_ ();
|   ;
|   return 0;
| }
configure:4181: arm-linux-gnueabihf-gcc -o conftest -Os -flto -fno-stack-protector -Wno-parentheses-equality -Wno-unused-variable -fPIC  -fdollars-in-identifiers -flto -shared -static-libgcc conftest.c -shared -Wl,-Bstatic  -Wl,-Bdynamic -lm  -Wl,--no-undefined >&5
/tmp/ccMgvJhX.ltrans0.ltrans.o: In function `main':
<artificial>:(.text.startup+0x2): undefined reference to `dgesv_'
collect2: error: ld returned 1 exit status
configure:4181: $? = 1
configure: failed program was:
| /* confdefs.h */
| #define PACKAGE_NAME "OpenModelica Exported FMU"
| #define PACKAGE_TARNAME "openmodelica"
| #define PACKAGE_VERSION "dev"
| #define PACKAGE_STRING "OpenModelica Exported FMU dev"
| #define PACKAGE_BUGREPORT "https://trac.openmodelica.org/OpenModelica"
| #define PACKAGE_URL "https://openmodelica.org"
| #define STDC_HEADERS 1
| #define HAVE_SYS_TYPES_H 1
| #define HAVE_SYS_STAT_H 1
| #define HAVE_STDLIB_H 1
| #define HAVE_STRING_H 1
| #define HAVE_MEMORY_H 1
| #define HAVE_STRINGS_H 1
| #define HAVE_INTTYPES_H 1
| #define HAVE_STDINT_H 1
| #define HAVE_UNISTD_H 1
| #define HAVE_VPRINTF 1
| #define HAVE_DOPRNT 1
| #define HAVE_STRDUP 1
| #define HAVE_STRERROR 1
| /* end confdefs.h.  */
| 
| /* Override any GCC internal prototype to avoid an error.
|    Use char because int might match the return type of a GCC
|    builtin and then its argument prototype would still apply.  */
| #ifdef __cplusplus
| extern "C"
| #endif
| char dgesv_ ();
| int
| main ()
| {
| return dgesv_ ();
|   ;
|   return 0;
| }
configure:4181: arm-linux-gnueabihf-gcc -o conftest -Os -flto -fno-stack-protector -Wno-parentheses-equality -Wno-unused-variable -fPIC  -fdollars-in-identifiers -flto -shared -static-libgcc conftest.c -shared -Wl,-Bstatic  -Wl,-Bdynamic -lpthread  -Wl,--no-undefined >&5
/tmp/ccwy84H3.ltrans0.ltrans.o: In function `main':
<artificial>:(.text.startup+0x2): undefined reference to `dgesv_'
collect2: error: ld returned 1 exit status
configure:4181: $? = 1
configure: failed program was:
| /* confdefs.h */
| #define PACKAGE_NAME "OpenModelica Exported FMU"
| #define PACKAGE_TARNAME "openmodelica"
| #define PACKAGE_VERSION "dev"
| #define PACKAGE_STRING "OpenModelica Exported FMU dev"
| #define PACKAGE_BUGREPORT "https://trac.openmodelica.org/OpenModelica"
| #define PACKAGE_URL "https://openmodelica.org"
| #define STDC_HEADERS 1
| #define HAVE_SYS_TYPES_H 1
| #define HAVE_SYS_STAT_H 1
| #define HAVE_STDLIB_H 1
| #define HAVE_STRING_H 1
| #define HAVE_MEMORY_H 1
| #define HAVE_STRINGS_H 1
| #define HAVE_INTTYPES_H 1
| #define HAVE_STDINT_H 1
| #define HAVE_UNISTD_H 1
| #define HAVE_VPRINTF 1
| #define HAVE_DOPRNT 1
| #define HAVE_STRDUP 1
| #define HAVE_STRERROR 1
| /* end confdefs.h.  */
| 
| /* Override any GCC internal prototype to avoid an error.
|    Use char because int might match the return type of a GCC
|    builtin and then its argument prototype would still apply.  */
| #ifdef __cplusplus
| extern "C"
| #endif
| char dgesv_ ();
| int
| main ()
| {
| return dgesv_ ();
|   ;
|   return 0;
| }
configure:4181: arm-linux-gnueabihf-gcc -o conftest -Os -flto -fno-stack-protector -Wno-parentheses-equality -Wno-unused-variable -fPIC  -fdollars-in-identifiers -flto -shared -static-libgcc conftest.c -shared -Wl,-Bstatic  -Wl,-Bdynamic -lm -lpthread  -Wl,--no-undefined >&5
/tmp/ccmYZ3Pc.ltrans0.ltrans.o: In function `main':
<artificial>:(.text.startup+0x2): undefined reference to `dgesv_'
collect2: error: ld returned 1 exit status
configure:4181: $? = 1
configure: failed program was:
| /* confdefs.h */
| #define PACKAGE_NAME "OpenModelica Exported FMU"
| #define PACKAGE_TARNAME "openmodelica"
| #define PACKAGE_VERSION "dev"
| #define PACKAGE_STRING "OpenModelica Exported FMU dev"
| #define PACKAGE_BUGREPORT "https://trac.openmodelica.org/OpenModelica"
| #define PACKAGE_URL "https://openmodelica.org"
| #define STDC_HEADERS 1
| #define HAVE_SYS_TYPES_H 1
| #define HAVE_SYS_STAT_H 1
| #define HAVE_STDLIB_H 1
| #define HAVE_STRING_H 1
| #define HAVE_MEMORY_H 1
| #define HAVE_STRINGS_H 1
| #define HAVE_INTTYPES_H 1
| #define HAVE_STDINT_H 1
| #define HAVE_UNISTD_H 1
| #define HAVE_VPRINTF 1
| #define HAVE_DOPRNT 1
| #define HAVE_STRDUP 1
| #define HAVE_STRERROR 1
| /* end confdefs.h.  */
| 
| /* Override any GCC internal prototype to avoid an error.
|    Use char because int might match the return type of a GCC
|    builtin and then its argument prototype would still apply.  */
| #ifdef __cplusplus
| extern "C"
| #endif
| char dgesv_ ();
| int
| main ()
| {
| return dgesv_ ();
|   ;
|   return 0;
| }
configure:4122: arm-linux-gnueabihf-gcc -o conftest -Os -flto -fno-stack-protector -Wno-parentheses-equality -Wno-unused-variable -fPIC  -fdollars-in-identifiers -flto -shared -static-libgcc conftest.c -shared -Wl,-Bstatic   -Wl,-Bdynamic  -Wl,--no-undefined >&5
/tmp/ccnHOyfj.ltrans0.ltrans.o: In function `main':
<artificial>:(.text.startup+0x2): undefined reference to `dgesv_'
collect2: error: ld returned 1 exit status
configure:4122: $? = 1
configure: failed program was:
| /* confdefs.h */
| #define PACKAGE_NAME "OpenModelica Exported FMU"
| #define PACKAGE_TARNAME "openmodelica"
| #define PACKAGE_VERSION "dev"
| #define PACKAGE_STRING "OpenModelica Exported FMU dev"
| #define PACKAGE_BUGREPORT "https://trac.openmodelica.org/OpenModelica"
| #define PACKAGE_URL "https://openmodelica.org"
| #define STDC_HEADERS 1
| #define HAVE_SYS_TYPES_H 1
| #define HAVE_SYS_STAT_H 1
| #define HAVE_STDLIB_H 1
| #define HAVE_STRING_H 1
| #define HAVE_MEMORY_H 1
| #define HAVE_STRINGS_H 1
| #define HAVE_INTTYPES_H 1
| #define HAVE_STDINT_H 1
| #define HAVE_UNISTD_H 1
| #define HAVE_VPRINTF 1
| #define HAVE_DOPRNT 1
| #define HAVE_STRDUP 1
| #define HAVE_STRERROR 1
| /* end confdefs.h.  */
| 
| /* Override any GCC internal prototype to avoid an error.
|    Use char because int might match the return type of a GCC
|    builtin and then its argument prototype would still apply.  */
| #ifdef __cplusplus
| extern "C"
| #endif
| char dgesv_ ();
| int
| main ()
| {
| return dgesv_ ();
|   ;
|   return 0;
| }
configure:4122: arm-linux-gnueabihf-gcc -o conftest -Os -flto -fno-stack-protector -Wno-parentheses-equality -Wno-unused-variable -fPIC  -fdollars-in-identifiers -flto -shared -static-libgcc conftest.c -shared -Wl,-Bstatic  -lgfortran -Wl,-Bdynamic  -Wl,--no-undefined >&5
/usr/lib/gcc-cross/arm-linux-gnueabihf/4.8/../../../../arm-linux-gnueabihf/bin/ld: cannot find -lgfortran
collect2: error: ld returned 1 exit status
configure:4122: $? = 1
configure: failed program was:
| /* confdefs.h */
| #define PACKAGE_NAME "OpenModelica Exported FMU"
| #define PACKAGE_TARNAME "openmodelica"
| #define PACKAGE_VERSION "dev"
| #define PACKAGE_STRING "OpenModelica Exported FMU dev"
| #define PACKAGE_BUGREPORT "https://trac.openmodelica.org/OpenModelica"
| #define PACKAGE_URL "https://openmodelica.org"
| #define STDC_HEADERS 1
| #define HAVE_SYS_TYPES_H 1
| #define HAVE_SYS_STAT_H 1
| #define HAVE_STDLIB_H 1
| #define HAVE_STRING_H 1
| #define HAVE_MEMORY_H 1
| #define HAVE_STRINGS_H 1
| #define HAVE_INTTYPES_H 1
| #define HAVE_STDINT_H 1
| #define HAVE_UNISTD_H 1
| #define HAVE_VPRINTF 1
| #define HAVE_DOPRNT 1
| #define HAVE_STRDUP 1
| #define HAVE_STRERROR 1
| /* end confdefs.h.  */
| 
| /* Override any GCC internal prototype to avoid an error.
|    Use char because int might match the return type of a GCC
|    builtin and then its argument prototype would still apply.  */
| #ifdef __cplusplus
| extern "C"
| #endif
| char dgesv_ ();
| int
| main ()
| {
| return dgesv_ ();
|   ;
|   return 0;
| }
configure:4122: arm-linux-gnueabihf-gcc -o conftest -Os -flto -fno-stack-protector -Wno-parentheses-equality -Wno-unused-variable -fPIC  -fdollars-in-identifiers -flto -shared -static-libgcc conftest.c -shared -Wl,-Bstatic  -lgfortran -lquadmath -Wl,-Bdynamic  -Wl,--no-undefined >&5
/usr/lib/gcc-cross/arm-linux-gnueabihf/4.8/../../../../arm-linux-gnueabihf/bin/ld: cannot find -lgfortran
/usr/lib/gcc-cross/arm-linux-gnueabihf/4.8/../../../../arm-linux-gnueabihf/bin/ld: cannot find -lquadmath
collect2: error: ld returned 1 exit status
configure:4122: $? = 1
configure: failed program was:
| /* confdefs.h */
| #define PACKAGE_NAME "OpenModelica Exported FMU"
| #define PACKAGE_TARNAME "openmodelica"
| #define PACKAGE_VERSION "dev"
| #define PACKAGE_STRING "OpenModelica Exported FMU dev"
| #define PACKAGE_BUGREPORT "https://trac.openmodelica.org/OpenModelica"
| #define PACKAGE_URL "https://openmodelica.org"
| #define STDC_HEADERS 1
| #define HAVE_SYS_TYPES_H 1
| #define HAVE_SYS_STAT_H 1
| #define HAVE_STDLIB_H 1
| #define HAVE_STRING_H 1
| #define HAVE_MEMORY_H 1
| #define HAVE_STRINGS_H 1
| #define HAVE_INTTYPES_H 1
| #define HAVE_STDINT_H 1
| #define HAVE_UNISTD_H 1
| #define HAVE_VPRINTF 1
| #define HAVE_DOPRNT 1
| #define HAVE_STRDUP 1
| #define HAVE_STRERROR 1
| /* end confdefs.h.  */
| 
| /* Override any GCC internal prototype to avoid an error.
|    Use char because int might match the return type of a GCC
|    builtin and then its argument prototype would still apply.  */
| #ifdef __cplusplus
| extern "C"
| #endif
| char dgesv_ ();
| int
| main ()
| {
| return dgesv_ ();
|   ;
|   return 0;
| }
configure:4181: arm-linux-gnueabihf-gcc -o conftest -Os -flto -fno-stack-protector -Wno-parentheses-equality -Wno-unused-variable -fPIC  -fdollars-in-identifiers -flto -shared -static-libgcc conftest.c -shared -Wl,-Bstatic  -Wl,-Bdynamic -lm  -Wl,--no-undefined >&5
/tmp/ccE3Xkio.ltrans0.ltrans.o: In function `main':
<artificial>:(.text.startup+0x2): undefined reference to `dgesv_'
collect2: error: ld returned 1 exit status
configure:4181: $? = 1
configure: failed program was:
| /* confdefs.h */
| #define PACKAGE_NAME "OpenModelica Exported FMU"
| #define PACKAGE_TARNAME "openmodelica"
| #define PACKAGE_VERSION "dev"
| #define PACKAGE_STRING "OpenModelica Exported FMU dev"
| #define PACKAGE_BUGREPORT "https://trac.openmodelica.org/OpenModelica"
| #define PACKAGE_URL "https://openmodelica.org"
| #define STDC_HEADERS 1
| #define HAVE_SYS_TYPES_H 1
| #define HAVE_SYS_STAT_H 1
| #define HAVE_STDLIB_H 1
| #define HAVE_STRING_H 1
| #define HAVE_MEMORY_H 1
| #define HAVE_STRINGS_H 1
| #define HAVE_INTTYPES_H 1
| #define HAVE_STDINT_H 1
| #define HAVE_UNISTD_H 1
| #define HAVE_VPRINTF 1
| #define HAVE_DOPRNT 1
| #define HAVE_STRDUP 1
| #define HAVE_STRERROR 1
| /* end confdefs.h.  */
| 
| /* Override any GCC internal prototype to avoid an error.
|    Use char because int might match the return type of a GCC
|    builtin and then its argument prototype would still apply.  */
| #ifdef __cplusplus
| extern "C"
| #endif
| char dgesv_ ();
| int
| main ()
| {
| return dgesv_ ();
|   ;
|   return 0;
| }
configure:4181: arm-linux-gnueabihf-gcc -o conftest -Os -flto -fno-stack-protector -Wno-parentheses-equality -Wno-unused-variable -fPIC  -fdollars-in-identifiers -flto -shared -static-libgcc conftest.c -shared -Wl,-Bstatic  -Wl,-Bdynamic -lpthread  -Wl,--no-undefined >&5
/tmp/ccAwyMLu.ltrans0.ltrans.o: In function `main':
<artificial>:(.text.startup+0x2): undefined reference to `dgesv_'
collect2: error: ld returned 1 exit status
configure:4181: $? = 1
configure: failed program was:
| /* confdefs.h */
| #define PACKAGE_NAME "OpenModelica Exported FMU"
| #define PACKAGE_TARNAME "openmodelica"
| #define PACKAGE_VERSION "dev"
| #define PACKAGE_STRING "OpenModelica Exported FMU dev"
| #define PACKAGE_BUGREPORT "https://trac.openmodelica.org/OpenModelica"
| #define PACKAGE_URL "https://openmodelica.org"
| #define STDC_HEADERS 1
| #define HAVE_SYS_TYPES_H 1
| #define HAVE_SYS_STAT_H 1
| #define HAVE_STDLIB_H 1
| #define HAVE_STRING_H 1
| #define HAVE_MEMORY_H 1
| #define HAVE_STRINGS_H 1
| #define HAVE_INTTYPES_H 1
| #define HAVE_STDINT_H 1
| #define HAVE_UNISTD_H 1
| #define HAVE_VPRINTF 1
| #define HAVE_DOPRNT 1
| #define HAVE_STRDUP 1
| #define HAVE_STRERROR 1
| /* end confdefs.h.  */
| 
| /* Override any GCC internal prototype to avoid an error.
|    Use char because int might match the return type of a GCC
|    builtin and then its argument prototype would still apply.  */
| #ifdef __cplusplus
| extern "C"
| #endif
| char dgesv_ ();
| int
| main ()
| {
| return dgesv_ ();
|   ;
|   return 0;
| }
configure:4181: arm-linux-gnueabihf-gcc -o conftest -Os -flto -fno-stack-protector -Wno-parentheses-equality -Wno-unused-variable -fPIC  -fdollars-in-identifiers -flto -shared -static-libgcc conftest.c -shared -Wl,-Bstatic  -Wl,-Bdynamic -lm -lpthread  -Wl,--no-undefined >&5
/tmp/ccAqSpUy.ltrans0.ltrans.o: In function `main':
<artificial>:(.text.startup+0x2): undefined reference to `dgesv_'
collect2: error: ld returned 1 exit status
configure:4181: $? = 1
configure: failed program was:
| /* confdefs.h */
| #define PACKAGE_NAME "OpenModelica Exported FMU"
| #define PACKAGE_TARNAME "openmodelica"
| #define PACKAGE_VERSION "dev"
| #define PACKAGE_STRING "OpenModelica Exported FMU dev"
| #define PACKAGE_BUGREPORT "https://trac.openmodelica.org/OpenModelica"
| #define PACKAGE_URL "https://openmodelica.org"
| #define STDC_HEADERS 1
| #define HAVE_SYS_TYPES_H 1
| #define HAVE_SYS_STAT_H 1
| #define HAVE_STDLIB_H 1
| #define HAVE_STRING_H 1
| #define HAVE_MEMORY_H 1
| #define HAVE_STRINGS_H 1
| #define HAVE_INTTYPES_H 1
| #define HAVE_STDINT_H 1
| #define HAVE_UNISTD_H 1
| #define HAVE_VPRINTF 1
| #define HAVE_DOPRNT 1
| #define HAVE_STRDUP 1
| #define HAVE_STRERROR 1
| /* end confdefs.h.  */
| 
| /* Override any GCC internal prototype to avoid an error.
|    Use char because int might match the return type of a GCC
|    builtin and then its argument prototype would still apply.  */
| #ifdef __cplusplus
| extern "C"
| #endif
| char dgesv_ ();
| int
| main ()
| {
| return dgesv_ ();
|   ;
|   return 0;
| }
configure:4122: arm-linux-gnueabihf-gcc -o conftest -Os -flto -fno-stack-protector -Wno-parentheses-equality -Wno-unused-variable -fPIC  -fdollars-in-identifiers -flto -shared -static-libgcc conftest.c -shared -Wl,-Bstatic -llapack -lblas  -Wl,-Bdynamic  -Wl,--no-undefined >&5
/usr/lib/../lib/liblapack.a: error adding symbols: File format not recognized
collect2: error: ld returned 1 exit status
configure:4122: $? = 1
configure: failed program was:
| /* confdefs.h */
| #define PACKAGE_NAME "OpenModelica Exported FMU"
| #define PACKAGE_TARNAME "openmodelica"
| #define PACKAGE_VERSION "dev"
| #define PACKAGE_STRING "OpenModelica Exported FMU dev"
| #define PACKAGE_BUGREPORT "https://trac.openmodelica.org/OpenModelica"
| #define PACKAGE_URL "https://openmodelica.org"
| #define STDC_HEADERS 1
| #define HAVE_SYS_TYPES_H 1
| #define HAVE_SYS_STAT_H 1
| #define HAVE_STDLIB_H 1
| #define HAVE_STRING_H 1
| #define HAVE_MEMORY_H 1
| #define HAVE_STRINGS_H 1
| #define HAVE_INTTYPES_H 1
| #define HAVE_STDINT_H 1
| #define HAVE_UNISTD_H 1
| #define HAVE_VPRINTF 1
| #define HAVE_DOPRNT 1
| #define HAVE_STRDUP 1
| #define HAVE_STRERROR 1
| /* end confdefs.h.  */
| 
| /* Override any GCC internal prototype to avoid an error.
|    Use char because int might match the return type of a GCC
|    builtin and then its argument prototype would still apply.  */
| #ifdef __cplusplus
| extern "C"
| #endif
| char dgesv_ ();
| int
| main ()
| {
| return dgesv_ ();
|   ;
|   return 0;
| }
configure:4122: arm-linux-gnueabihf-gcc -o conftest -Os -flto -fno-stack-protector -Wno-parentheses-equality -Wno-unused-variable -fPIC  -fdollars-in-identifiers -flto -shared -static-libgcc conftest.c -shared -Wl,-Bstatic -llapack -lblas -lgfortran -Wl,-Bdynamic  -Wl,--no-undefined >&5
/usr/lib/../lib/liblapack.a: error adding symbols: File format not recognized
collect2: error: ld returned 1 exit status
configure:4122: $? = 1
configure: failed program was:
| /* confdefs.h */
| #define PACKAGE_NAME "OpenModelica Exported FMU"
| #define PACKAGE_TARNAME "openmodelica"
| #define PACKAGE_VERSION "dev"
| #define PACKAGE_STRING "OpenModelica Exported FMU dev"
| #define PACKAGE_BUGREPORT "https://trac.openmodelica.org/OpenModelica"
| #define PACKAGE_URL "https://openmodelica.org"
| #define STDC_HEADERS 1
| #define HAVE_SYS_TYPES_H 1
| #define HAVE_SYS_STAT_H 1
| #define HAVE_STDLIB_H 1
| #define HAVE_STRING_H 1
| #define HAVE_MEMORY_H 1
| #define HAVE_STRINGS_H 1
| #define HAVE_INTTYPES_H 1
| #define HAVE_STDINT_H 1
| #define HAVE_UNISTD_H 1
| #define HAVE_VPRINTF 1
| #define HAVE_DOPRNT 1
| #define HAVE_STRDUP 1
| #define HAVE_STRERROR 1
| /* end confdefs.h.  */
| 
| /* Override any GCC internal prototype to avoid an error.
|    Use char because int might match the return type of a GCC
|    builtin and then its argument prototype would still apply.  */
| #ifdef __cplusplus
| extern "C"
| #endif
| char dgesv_ ();
| int
| main ()
| {
| return dgesv_ ();
|   ;
|   return 0;
| }
configure:4122: arm-linux-gnueabihf-gcc -o conftest -Os -flto -fno-stack-protector -Wno-parentheses-equality -Wno-unused-variable -fPIC  -fdollars-in-identifiers -flto -shared -static-libgcc conftest.c -shared -Wl,-Bstatic -llapack -lblas -lgfortran -lquadmath -Wl,-Bdynamic  -Wl,--no-undefined >&5
/usr/lib/../lib/liblapack.a: error adding symbols: File format not recognized
collect2: error: ld returned 1 exit status
configure:4122: $? = 1
configure: failed program was:
| /* confdefs.h */
| #define PACKAGE_NAME "OpenModelica Exported FMU"
| #define PACKAGE_TARNAME "openmodelica"
| #define PACKAGE_VERSION "dev"
| #define PACKAGE_STRING "OpenModelica Exported FMU dev"
| #define PACKAGE_BUGREPORT "https://trac.openmodelica.org/OpenModelica"
| #define PACKAGE_URL "https://openmodelica.org"
| #define STDC_HEADERS 1
| #define HAVE_SYS_TYPES_H 1
| #define HAVE_SYS_STAT_H 1
| #define HAVE_STDLIB_H 1
| #define HAVE_STRING_H 1
| #define HAVE_MEMORY_H 1
| #define HAVE_STRINGS_H 1
| #define HAVE_INTTYPES_H 1
| #define HAVE_STDINT_H 1
| #define HAVE_UNISTD_H 1
| #define HAVE_VPRINTF 1
| #define HAVE_DOPRNT 1
| #define HAVE_STRDUP 1
| #define HAVE_STRERROR 1
| /* end confdefs.h.  */
| 
| /* Override any GCC internal prototype to avoid an error.
|    Use char because int might match the return type of a GCC
|    builtin and then its argument prototype would still apply.  */
| #ifdef __cplusplus
| extern "C"
| #endif
| char dgesv_ ();
| int
| main ()
| {
| return dgesv_ ();
|   ;
|   return 0;
| }
configure:4181: arm-linux-gnueabihf-gcc -o conftest -Os -flto -fno-stack-protector -Wno-parentheses-equality -Wno-unused-variable -fPIC  -fdollars-in-identifiers -flto -shared -static-libgcc conftest.c -shared -Wl,-Bstatic -llapack -lblas -Wl,-Bdynamic -lm  -Wl,--no-undefined >&5
/usr/lib/../lib/liblapack.a: error adding symbols: File format not recognized
collect2: error: ld returned 1 exit status
configure:4181: $? = 1
configure: failed program was:
| /* confdefs.h */
| #define PACKAGE_NAME "OpenModelica Exported FMU"
| #define PACKAGE_TARNAME "openmodelica"
| #define PACKAGE_VERSION "dev"
| #define PACKAGE_STRING "OpenModelica Exported FMU dev"
| #define PACKAGE_BUGREPORT "https://trac.openmodelica.org/OpenModelica"
| #define PACKAGE_URL "https://openmodelica.org"
| #define STDC_HEADERS 1
| #define HAVE_SYS_TYPES_H 1
| #define HAVE_SYS_STAT_H 1
| #define HAVE_STDLIB_H 1
| #define HAVE_STRING_H 1
| #define HAVE_MEMORY_H 1
| #define HAVE_STRINGS_H 1
| #define HAVE_INTTYPES_H 1
| #define HAVE_STDINT_H 1
| #define HAVE_UNISTD_H 1
| #define HAVE_VPRINTF 1
| #define HAVE_DOPRNT 1
| #define HAVE_STRDUP 1
| #define HAVE_STRERROR 1
| /* end confdefs.h.  */
| 
| /* Override any GCC internal prototype to avoid an error.
|    Use char because int might match the return type of a GCC
|    builtin and then its argument prototype would still apply.  */
| #ifdef __cplusplus
| extern "C"
| #endif
| char dgesv_ ();
| int
| main ()
| {
| return dgesv_ ();
|   ;
|   return 0;
| }
configure:4181: arm-linux-gnueabihf-gcc -o conftest -Os -flto -fno-stack-protector -Wno-parentheses-equality -Wno-unused-variable -fPIC  -fdollars-in-identifiers -flto -shared -static-libgcc conftest.c -shared -Wl,-Bstatic -llapack -lblas -Wl,-Bdynamic -lpthread  -Wl,--no-undefined >&5
/usr/lib/../lib/liblapack.a: error adding symbols: File format not recognized
collect2: error: ld returned 1 exit status
configure:4181: $? = 1
configure: failed program was:
| /* confdefs.h */
| #define PACKAGE_NAME "OpenModelica Exported FMU"
| #define PACKAGE_TARNAME "openmodelica"
| #define PACKAGE_VERSION "dev"
| #define PACKAGE_STRING "OpenModelica Exported FMU dev"
| #define PACKAGE_BUGREPORT "https://trac.openmodelica.org/OpenModelica"
| #define PACKAGE_URL "https://openmodelica.org"
| #define STDC_HEADERS 1
| #define HAVE_SYS_TYPES_H 1
| #define HAVE_SYS_STAT_H 1
| #define HAVE_STDLIB_H 1
| #define HAVE_STRING_H 1
| #define HAVE_MEMORY_H 1
| #define HAVE_STRINGS_H 1
| #define HAVE_INTTYPES_H 1
| #define HAVE_STDINT_H 1
| #define HAVE_UNISTD_H 1
| #define HAVE_VPRINTF 1
| #define HAVE_DOPRNT 1
| #define HAVE_STRDUP 1
| #define HAVE_STRERROR 1
| /* end confdefs.h.  */
| 
| /* Override any GCC internal prototype to avoid an error.
|    Use char because int might match the return type of a GCC
|    builtin and then its argument prototype would still apply.  */
| #ifdef __cplusplus
| extern "C"
| #endif
| char dgesv_ ();
| int
| main ()
| {
| return dgesv_ ();
|   ;
|   return 0;
| }
configure:4181: arm-linux-gnueabihf-gcc -o conftest -Os -flto -fno-stack-protector -Wno-parentheses-equality -Wno-unused-variable -fPIC  -fdollars-in-identifiers -flto -shared -static-libgcc conftest.c -shared -Wl,-Bstatic -llapack -lblas -Wl,-Bdynamic -lm -lpthread  -Wl,--no-undefined >&5
/usr/lib/../lib/liblapack.a: error adding symbols: File format not recognized
collect2: error: ld returned 1 exit status
configure:4181: $? = 1
configure: failed program was:
| /* confdefs.h */
| #define PACKAGE_NAME "OpenModelica Exported FMU"
| #define PACKAGE_TARNAME "openmodelica"
| #define PACKAGE_VERSION "dev"
| #define PACKAGE_STRING "OpenModelica Exported FMU dev"
| #define PACKAGE_BUGREPORT "https://trac.openmodelica.org/OpenModelica"
| #define PACKAGE_URL "https://openmodelica.org"
| #define STDC_HEADERS 1
| #define HAVE_SYS_TYPES_H 1
| #define HAVE_SYS_STAT_H 1
| #define HAVE_STDLIB_H 1
| #define HAVE_STRING_H 1
| #define HAVE_MEMORY_H 1
| #define HAVE_STRINGS_H 1
| #define HAVE_INTTYPES_H 1
| #define HAVE_STDINT_H 1
| #define HAVE_UNISTD_H 1
| #define HAVE_VPRINTF 1
| #define HAVE_DOPRNT 1
| #define HAVE_STRDUP 1
| #define HAVE_STRERROR 1
| /* end confdefs.h.  */
| 
| /* Override any GCC internal prototype to avoid an error.
|    Use char because int might match the return type of a GCC
|    builtin and then its argument prototype would still apply.  */
| #ifdef __cplusplus
| extern "C"
| #endif
| char dgesv_ ();
| int
| main ()
| {
| return dgesv_ ();
|   ;
|   return 0;
| }
configure:4122: arm-linux-gnueabihf-gcc -o conftest -Os -flto -fno-stack-protector -Wno-parentheses-equality -Wno-unused-variable -fPIC  -fdollars-in-identifiers -flto -shared -static-libgcc conftest.c -shared -Wl,-Bstatic -llapack -lblas -lm -latlas  -Wl,-Bdynamic  -Wl,--no-undefined >&5
/usr/lib/../lib/liblapack.a: error adding symbols: File format not recognized
collect2: error: ld returned 1 exit status
configure:4122: $? = 1
configure: failed program was:
| /* confdefs.h */
| #define PACKAGE_NAME "OpenModelica Exported FMU"
| #define PACKAGE_TARNAME "openmodelica"
| #define PACKAGE_VERSION "dev"
| #define PACKAGE_STRING "OpenModelica Exported FMU dev"
| #define PACKAGE_BUGREPORT "https://trac.openmodelica.org/OpenModelica"
| #define PACKAGE_URL "https://openmodelica.org"
| #define STDC_HEADERS 1
| #define HAVE_SYS_TYPES_H 1
| #define HAVE_SYS_STAT_H 1
| #define HAVE_STDLIB_H 1
| #define HAVE_STRING_H 1
| #define HAVE_MEMORY_H 1
| #define HAVE_STRINGS_H 1
| #define HAVE_INTTYPES_H 1
| #define HAVE_STDINT_H 1
| #define HAVE_UNISTD_H 1
| #define HAVE_VPRINTF 1
| #define HAVE_DOPRNT 1
| #define HAVE_STRDUP 1
| #define HAVE_STRERROR 1
| /* end confdefs.h.  */
| 
| /* Override any GCC internal prototype to avoid an error.
|    Use char because int might match the return type of a GCC
|    builtin and then its argument prototype would still apply.  */
| #ifdef __cplusplus
| extern "C"
| #endif
| char dgesv_ ();
| int
| main ()
| {
| return dgesv_ ();
|   ;
|   return 0;
| }
configure:4122: arm-linux-gnueabihf-gcc -o conftest -Os -flto -fno-stack-protector -Wno-parentheses-equality -Wno-unused-variable -fPIC  -fdollars-in-identifiers -flto -shared -static-libgcc conftest.c -shared -Wl,-Bstatic -llapack -lblas -lm -latlas -lgfortran -Wl,-Bdynamic  -Wl,--no-undefined >&5
/usr/lib/../lib/liblapack.a: error adding symbols: File format not recognized
collect2: error: ld returned 1 exit status
configure:4122: $? = 1
configure: failed program was:
| /* confdefs.h */
| #define PACKAGE_NAME "OpenModelica Exported FMU"
| #define PACKAGE_TARNAME "openmodelica"
| #define PACKAGE_VERSION "dev"
| #define PACKAGE_STRING "OpenModelica Exported FMU dev"
| #define PACKAGE_BUGREPORT "https://trac.openmodelica.org/OpenModelica"
| #define PACKAGE_URL "https://openmodelica.org"
| #define STDC_HEADERS 1
| #define HAVE_SYS_TYPES_H 1
| #define HAVE_SYS_STAT_H 1
| #define HAVE_STDLIB_H 1
| #define HAVE_STRING_H 1
| #define HAVE_MEMORY_H 1
| #define HAVE_STRINGS_H 1
| #define HAVE_INTTYPES_H 1
| #define HAVE_STDINT_H 1
| #define HAVE_UNISTD_H 1
| #define HAVE_VPRINTF 1
| #define HAVE_DOPRNT 1
| #define HAVE_STRDUP 1
| #define HAVE_STRERROR 1
| /* end confdefs.h.  */
| 
| /* Override any GCC internal prototype to avoid an error.
|    Use char because int might match the return type of a GCC
|    builtin and then its argument prototype would still apply.  */
| #ifdef __cplusplus
| extern "C"
| #endif
| char dgesv_ ();
| int
| main ()
| {
| return dgesv_ ();
|   ;
|   return 0;
| }
configure:4122: arm-linux-gnueabihf-gcc -o conftest -Os -flto -fno-stack-protector -Wno-parentheses-equality -Wno-unused-variable -fPIC  -fdollars-in-identifiers -flto -shared -static-libgcc conftest.c -shared -Wl,-Bstatic -llapack -lblas -lm -latlas -lgfortran -lquadmath -Wl,-Bdynamic  -Wl,--no-undefined >&5
/usr/lib/../lib/liblapack.a: error adding symbols: File format not recognized
collect2: error: ld returned 1 exit status
configure:4122: $? = 1
configure: failed program was:
| /* confdefs.h */
| #define PACKAGE_NAME "OpenModelica Exported FMU"
| #define PACKAGE_TARNAME "openmodelica"
| #define PACKAGE_VERSION "dev"
| #define PACKAGE_STRING "OpenModelica Exported FMU dev"
| #define PACKAGE_BUGREPORT "https://trac.openmodelica.org/OpenModelica"
| #define PACKAGE_URL "https://openmodelica.org"
| #define STDC_HEADERS 1
| #define HAVE_SYS_TYPES_H 1
| #define HAVE_SYS_STAT_H 1
| #define HAVE_STDLIB_H 1
| #define HAVE_STRING_H 1
| #define HAVE_MEMORY_H 1
| #define HAVE_STRINGS_H 1
| #define HAVE_INTTYPES_H 1
| #define HAVE_STDINT_H 1
| #define HAVE_UNISTD_H 1
| #define HAVE_VPRINTF 1
| #define HAVE_DOPRNT 1
| #define HAVE_STRDUP 1
| #define HAVE_STRERROR 1
| /* end confdefs.h.  */
| 
| /* Override any GCC internal prototype to avoid an error.
|    Use char because int might match the return type of a GCC
|    builtin and then its argument prototype would still apply.  */
| #ifdef __cplusplus
| extern "C"
| #endif
| char dgesv_ ();
| int
| main ()
| {
| return dgesv_ ();
|   ;
|   return 0;
| }
configure:4181: arm-linux-gnueabihf-gcc -o conftest -Os -flto -fno-stack-protector -Wno-parentheses-equality -Wno-unused-variable -fPIC  -fdollars-in-identifiers -flto -shared -static-libgcc conftest.c -shared -Wl,-Bstatic -llapack -lblas -lm -latlas -Wl,-Bdynamic -lm  -Wl,--no-undefined >&5
/usr/lib/../lib/liblapack.a: error adding symbols: File format not recognized
collect2: error: ld returned 1 exit status
configure:4181: $? = 1
configure: failed program was:
| /* confdefs.h */
| #define PACKAGE_NAME "OpenModelica Exported FMU"
| #define PACKAGE_TARNAME "openmodelica"
| #define PACKAGE_VERSION "dev"
| #define PACKAGE_STRING "OpenModelica Exported FMU dev"
| #define PACKAGE_BUGREPORT "https://trac.openmodelica.org/OpenModelica"
| #define PACKAGE_URL "https://openmodelica.org"
| #define STDC_HEADERS 1
| #define HAVE_SYS_TYPES_H 1
| #define HAVE_SYS_STAT_H 1
| #define HAVE_STDLIB_H 1
| #define HAVE_STRING_H 1
| #define HAVE_MEMORY_H 1
| #define HAVE_STRINGS_H 1
| #define HAVE_INTTYPES_H 1
| #define HAVE_STDINT_H 1
| #define HAVE_UNISTD_H 1
| #define HAVE_VPRINTF 1
| #define HAVE_DOPRNT 1
| #define HAVE_STRDUP 1
| #define HAVE_STRERROR 1
| /* end confdefs.h.  */
| 
| /* Override any GCC internal prototype to avoid an error.
|    Use char because int might match the return type of a GCC
|    builtin and then its argument prototype would still apply.  */
| #ifdef __cplusplus
| extern "C"
| #endif
| char dgesv_ ();
| int
| main ()
| {
| return dgesv_ ();
|   ;
|   return 0;
| }
configure:4181: arm-linux-gnueabihf-gcc -o conftest -Os -flto -fno-stack-protector -Wno-parentheses-equality -Wno-unused-variable -fPIC  -fdollars-in-identifiers -flto -shared -static-libgcc conftest.c -shared -Wl,-Bstatic -llapack -lblas -lm -latlas -Wl,-Bdynamic -lpthread  -Wl,--no-undefined >&5
/usr/lib/../lib/liblapack.a: error adding symbols: File format not recognized
collect2: error: ld returned 1 exit status
configure:4181: $? = 1
configure: failed program was:
| /* confdefs.h */
| #define PACKAGE_NAME "OpenModelica Exported FMU"
| #define PACKAGE_TARNAME "openmodelica"
| #define PACKAGE_VERSION "dev"
| #define PACKAGE_STRING "OpenModelica Exported FMU dev"
| #define PACKAGE_BUGREPORT "https://trac.openmodelica.org/OpenModelica"
| #define PACKAGE_URL "https://openmodelica.org"
| #define STDC_HEADERS 1
| #define HAVE_SYS_TYPES_H 1
| #define HAVE_SYS_STAT_H 1
| #define HAVE_STDLIB_H 1
| #define HAVE_STRING_H 1
| #define HAVE_MEMORY_H 1
| #define HAVE_STRINGS_H 1
| #define HAVE_INTTYPES_H 1
| #define HAVE_STDINT_H 1
| #define HAVE_UNISTD_H 1
| #define HAVE_VPRINTF 1
| #define HAVE_DOPRNT 1
| #define HAVE_STRDUP 1
| #define HAVE_STRERROR 1
| /* end confdefs.h.  */
| 
| /* Override any GCC internal prototype to avoid an error.
|    Use char because int might match the return type of a GCC
|    builtin and then its argument prototype would still apply.  */
| #ifdef __cplusplus
| extern "C"
| #endif
| char dgesv_ ();
| int
| main ()
| {
| return dgesv_ ();
|   ;
|   return 0;
| }
configure:4181: arm-linux-gnueabihf-gcc -o conftest -Os -flto -fno-stack-protector -Wno-parentheses-equality -Wno-unused-variable -fPIC  -fdollars-in-identifiers -flto -shared -static-libgcc conftest.c -shared -Wl,-Bstatic -llapack -lblas -lm -latlas -Wl,-Bdynamic -lm -lpthread  -Wl,--no-undefined >&5
/usr/lib/../lib/liblapack.a: error adding symbols: File format not recognized
collect2: error: ld returned 1 exit status
configure:4181: $? = 1
configure: failed program was:
| /* confdefs.h */
| #define PACKAGE_NAME "OpenModelica Exported FMU"
| #define PACKAGE_TARNAME "openmodelica"
| #define PACKAGE_VERSION "dev"
| #define PACKAGE_STRING "OpenModelica Exported FMU dev"
| #define PACKAGE_BUGREPORT "https://trac.openmodelica.org/OpenModelica"
| #define PACKAGE_URL "https://openmodelica.org"
| #define STDC_HEADERS 1
| #define HAVE_SYS_TYPES_H 1
| #define HAVE_SYS_STAT_H 1
| #define HAVE_STDLIB_H 1
| #define HAVE_STRING_H 1
| #define HAVE_MEMORY_H 1
| #define HAVE_STRINGS_H 1
| #define HAVE_INTTYPES_H 1
| #define HAVE_STDINT_H 1
| #define HAVE_UNISTD_H 1
| #define HAVE_VPRINTF 1
| #define HAVE_DOPRNT 1
| #define HAVE_STRDUP 1
| #define HAVE_STRERROR 1
| /* end confdefs.h.  */
| 
| /* Override any GCC internal prototype to avoid an error.
|    Use char because int might match the return type of a GCC
|    builtin and then its argument prototype would still apply.  */
| #ifdef __cplusplus
| extern "C"
| #endif
| char dgesv_ ();
| int
| main ()
| {
| return dgesv_ ();
|   ;
|   return 0;
| }
configure:4223: result: not found
configure:4313: checking for static pthreads
configure:4320: result: not looking (we have problems detecting if libpthread.a can be statically linked on ARM platforms)
configure:4354: checking for pthread_mutex_lock in -lpthread
configure:4379: arm-linux-gnueabihf-gcc -o conftest -Os -flto -fno-stack-protector -Wno-parentheses-equality -Wno-unused-variable -fPIC  -fdollars-in-identifiers -flto -shared -static-libgcc conftest.c -lpthread   -shared >&5
configure:4379: $? = 0
configure:4388: result: yes
configure:4411: checking for cos in -lm
configure:4436: arm-linux-gnueabihf-gcc -o conftest -Os -flto -fno-stack-protector -Wno-parentheses-equality -Wno-unused-variable -fPIC  -fdollars-in-identifiers -flto -shared -static-libgcc conftest.c -lm  -lpthread  -shared >&5
conftest.c:31:6: warning: conflicting types for built-in function 'cos' [enabled by default]
 char cos ();
      ^
cc1: warning: unrecognized command line option "-Wno-parentheses-equality" [enabled by default]
configure:4436: $? = 0
configure:4445: result: yes
configure:4459: checking for filesystem access
configure:4472: arm-linux-gnueabihf-gcc -o conftest -Os -flto -fno-stack-protector -Wno-parentheses-equality -Wno-unused-variable -fPIC  -fdollars-in-identifiers -flto -shared -static-libgcc conftest.c -lm -lpthread  -shared >&5
conftest.c: In function 'main':
conftest.c:29:6: warning: ignoring return value of 'fopen', declared with attribute warn_unused_result [-Wunused-result]
 fopen("a.txt", "r");
      ^
conftest.c: At top level:
cc1: warning: unrecognized command line option "-Wno-parentheses-equality" [enabled by default]
configure:4472: $? = 0
configure:4473: result: OK
configure:4678: creating ./config.status

## ---------------------- ##
## Running config.status. ##
## ---------------------- ##

This file was extended by OpenModelica Exported FMU config.status dev, which was
generated by GNU Autoconf 2.69.  Invocation command line was

  CONFIG_FILES    = 
  CONFIG_HEADERS  = 
  CONFIG_LINKS    = 
  CONFIG_COMMANDS = 
  $ ./config.status 

on test

config.status:745: creating Makefile

## ---------------- ##
## Cache variables. ##
## ---------------- ##

ac_cv_build=x86_64-unknown-linux-gnu
ac_cv_c_compiler_gnu=yes
ac_cv_c_const=yes
ac_cv_env_CC_set=
ac_cv_env_CC_value=
ac_cv_env_CFLAGS_set=set
ac_cv_env_CFLAGS_value='-Os -flto'
ac_cv_env_CPPFLAGS_set=
ac_cv_env_CPPFLAGS_value=
ac_cv_env_CPP_set=
ac_cv_env_CPP_value=
ac_cv_env_LDFLAGS_set=set
ac_cv_env_LDFLAGS_value=-flto
ac_cv_env_LIBS_set=
ac_cv_env_LIBS_value=
ac_cv_env_build_alias_set=
ac_cv_env_build_alias_value=
ac_cv_env_host_alias_set=set
ac_cv_env_host_alias_value=arm-linux-gnueabihf
ac_cv_env_target_alias_set=
ac_cv_env_target_alias_value=
ac_cv_func__doprnt=yes
ac_cv_func_strdup=yes
ac_cv_func_strerror=yes
ac_cv_func_vprintf=yes
ac_cv_header_inttypes_h=yes
ac_cv_header_memory_h=yes
ac_cv_header_stdc=yes
ac_cv_header_stdint_h=yes
ac_cv_header_stdlib_h=yes
ac_cv_header_string_h=yes
ac_cv_header_strings_h=yes
ac_cv_header_sys_stat_h=yes
ac_cv_header_sys_types_h=yes
ac_cv_header_unistd_h=yes
ac_cv_host=arm-unknown-linux-gnueabihf
ac_cv_lib_m_cos=yes
ac_cv_lib_pthread_pthread_mutex_lock=yes
ac_cv_objext=o
ac_cv_path_EGREP='/bin/grep -E'
ac_cv_path_GREP=/bin/grep
ac_cv_prog_CC=arm-linux-gnueabihf-gcc
ac_cv_prog_CPP='arm-linux-gnueabihf-gcc -E'
ac_cv_prog_cc_c89=
ac_cv_prog_cc_g=yes
ac_cv_prog_make_make_set=yes
ac_cv_target=arm-unknown-linux-gnueabihf
ac_cv_type_size_t=yes

## ----------------- ##
## Output variables. ##
## ----------------- ##

AR=''
CC='arm-linux-gnueabihf-gcc'
CFLAGS='-Os -flto -fno-stack-protector -Wno-parentheses-equality -Wno-unused-variable -fPIC'
CPP='arm-linux-gnueabihf-gcc -E'
CPPFLAGS=' -fdollars-in-identifiers -DOMC_MINIMAL_RUNTIME=1 -DCMINPACK_NO_DLL=1'
DEFS='-DPACKAGE_NAME=\"OpenModelica\ Exported\ FMU\" -DPACKAGE_TARNAME=\"openmodelica\" -DPACKAGE_VERSION=\"dev\" -DPACKAGE_STRING=\"OpenModelica\ Exported\ FMU\ dev\" -DPACKAGE_BUGREPORT=\"https://trac.openmodelica.org/OpenModelica\" -DPACKAGE_URL=\"https://openmodelica.org\" -DSTDC_HEADERS=1 -DHAVE_SYS_TYPES_H=1 -DHAVE_SYS_STAT_H=1 -DHAVE_STDLIB_H=1 -DHAVE_STRING_H=1 -DHAVE_MEMORY_H=1 -DHAVE_STRINGS_H=1 -DHAVE_INTTYPES_H=1 -DHAVE_STDINT_H=1 -DHAVE_UNISTD_H=1 -DHAVE_VPRINTF=1 -DHAVE_DOPRNT=1 -DHAVE_STRDUP=1 -DHAVE_STRERROR=1 -DHAVE_LIBPTHREAD=1 -DHAVE_LIBM=1'
DLLEXT='.so'
ECHO_C=''
ECHO_N='-n'
ECHO_T=''
EGREP='/bin/grep -E'
EXEEXT=''
FMIPLATFORM='arm-linux-gnueabihf'
GREP='/bin/grep'
LDFLAGS='-flto -shared -static-libgcc'
LIBOBJS=''
LIBS='-lm -lpthread  -shared'
LIBTYPE_DYNAMIC='1'
LIBTYPE_STATIC='0'
LTLIBOBJS=''
NEED_DGESV='1'
NEED_RUNTIME='1'
OBJEXT='o'
PACKAGE_BUGREPORT='https://trac.openmodelica.org/OpenModelica'
PACKAGE_NAME='OpenModelica Exported FMU'
PACKAGE_STRING='OpenModelica Exported FMU dev'
PACKAGE_TARNAME='openmodelica'
PACKAGE_URL='https://openmodelica.org'
PACKAGE_VERSION='dev'
PATH_SEPARATOR=':'
SET_MAKE=''
SHELL='/bin/bash'
ac_ct_CC=''
bindir='${exec_prefix}/bin'
build='x86_64-unknown-linux-gnu'
build_alias=''
build_cpu='x86_64'
build_os='linux-gnu'
build_vendor='unknown'
datadir='${datarootdir}'
datarootdir='${prefix}/share'
docdir='${datarootdir}/doc/${PACKAGE_TARNAME}'
dvidir='${docdir}'
exec_prefix='${prefix}'
host='arm-unknown-linux-gnueabihf'
host_alias='arm-linux-gnueabihf'
host_cpu='arm'
host_os='linux-gnueabihf'
host_vendor='unknown'
htmldir='${docdir}'
includedir='${prefix}/include'
infodir='${datarootdir}/info'
libdir='${exec_prefix}/lib'
libexecdir='${exec_prefix}/libexec'
localedir='${datarootdir}/locale'
localstatedir='${prefix}/var'
mandir='${datarootdir}/man'
oldincludedir='/usr/include'
pdfdir='${docdir}'
prefix='/usr/local'
program_transform_name='s,x,x,'
psdir='${docdir}'
sbindir='${exec_prefix}/sbin'
sharedstatedir='${prefix}/com'
sysconfdir='${prefix}/etc'
target='arm-unknown-linux-gnueabihf'
target_alias=''
target_cpu='arm'
target_os='linux-gnueabihf'
target_vendor='unknown'

## ----------- ##
## confdefs.h. ##
## ----------- ##

/* confdefs.h */
#define PACKAGE_NAME "OpenModelica Exported FMU"
#define PACKAGE_TARNAME "openmodelica"
#define PACKAGE_VERSION "dev"
#define PACKAGE_STRING "OpenModelica Exported FMU dev"
#define PACKAGE_BUGREPORT "https://trac.openmodelica.org/OpenModelica"
#define PACKAGE_URL "https://openmodelica.org"
#define STDC_HEADERS 1
#define HAVE_SYS_TYPES_H 1
#define HAVE_SYS_STAT_H 1
#define HAVE_STDLIB_H 1
#define HAVE_STRING_H 1
#define HAVE_MEMORY_H 1
#define HAVE_STRINGS_H 1
#define HAVE_INTTYPES_H 1
#define HAVE_STDINT_H 1
#define HAVE_UNISTD_H 1
#define HAVE_VPRINTF 1
#define HAVE_DOPRNT 1
#define HAVE_STRDUP 1
#define HAVE_STRERROR 1
#define HAVE_LIBPTHREAD 1
#define HAVE_LIBM 1

configure: exit 0
