This file contains any messages produced by compilers while
running configure, to aid debugging if configure makes a mistake.

It was created by OpenModelica Exported FMU configure dev, which was
generated by GNU Autoconf 2.69.  Invocation command line was

  $ ./configure --host=i686-w64-mingw32 CFLAGS=-Os -flto LDFLAGS=-flto

## --------- ##
## Platform. ##
## --------- ##

hostname = test
uname -m = x86_64
uname -r = 3.13.0-100-generic
uname -s = Linux
uname -v = #147-Ubuntu SMP Tue Oct 18 16:48:51 UTC 2016

/usr/bin/uname -p = unknown
/bin/uname -X     = unknown

/bin/arch              = unknown
/usr/bin/arch -k       = unknown
/usr/convex/getsysinfo = unknown
/usr/bin/hostinfo      = unknown
/bin/machine           = unknown
/usr/bin/oslevel       = unknown
/bin/universe          = unknown

PATH: /var/lib/hudson/fmucheck
PATH: /var/lib/hudson/osxcross/target/bin
PATH: /usr/local/bin
PATH: /usr/bin
PATH: /bin
PATH: /usr/local/games
PATH: /usr/games


## ----------- ##
## Core tests. ##
## ----------- ##

configure:2133: checking build system type
configure:2147: result: x86_64-unknown-linux-gnu
configure:2167: checking host system type
configure:2180: result: i686-w64-mingw32
configure:2200: checking target system type
configure:2213: result: i686-w64-mingw32
configure:2266: checking for i686-w64-mingw32-gcc
configure:2282: found /usr/bin/i686-w64-mingw32-gcc
configure:2293: result: i686-w64-mingw32-gcc
configure:2562: checking for C compiler version
configure:2571: i686-w64-mingw32-gcc --version >&5
i686-w64-mingw32-gcc (GCC) 4.8.2
Copyright (C) 2013 Free Software Foundation, Inc.
This is free software; see the source for copying conditions.  There is NO
warranty; not even for MERCHANTABILITY or FITNESS FOR A PARTICULAR PURPOSE.

configure:2582: $? = 0
configure:2571: i686-w64-mingw32-gcc -v >&5
Using built-in specs.
COLLECT_GCC=i686-w64-mingw32-gcc
COLLECT_LTO_WRAPPER=/usr/lib/gcc/i686-w64-mingw32/4.8/lto-wrapper
Target: i686-w64-mingw32
Configured with: ../../src/configure --build=x86_64-linux-gnu --prefix=/usr --includedir='/usr/include' --mandir='/usr/share/man' --infodir='/usr/share/info' --sysconfdir=/etc --localstatedir=/var --libexecdir='/usr/lib/gcc-mingw-w64' --disable-maintainer-mode --disable-dependency-tracking --prefix=/usr --enable-shared --enable-static --disable-multilib --with-system-zlib --libexecdir=/usr/lib --without-included-gettext --libdir=/usr/lib --enable-libstdcxx-time=yes --with-tune=generic --enable-version-specific-runtime-libs --enable-threads=posix --enable-fully-dynamic-string --enable-sjlj-exceptions --enable-libgomp --enable-languages=c,c++,fortran,objc,obj-c++ --enable-lto --with-plugin-ld --target=i686-w64-mingw32 --with-gxx-include-dir=/usr/include/c++/4.8 --with-as=/usr/bin/i686-w64-mingw32-as --with-ld=/usr/bin/i686-w64-mingw32-ld
Thread model: posix
gcc version 4.8.2 (GCC) 
configure:2582: $? = 0
configure:2571: i686-w64-mingw32-gcc -V >&5
i686-w64-mingw32-gcc: error: unrecognized command line option '-V'
i686-w64-mingw32-gcc: fatal error: no input files
compilation terminated.
configure:2582: $? = 4
configure:2571: i686-w64-mingw32-gcc -qversion >&5
i686-w64-mingw32-gcc: error: unrecognized command line option '-qversion'
i686-w64-mingw32-gcc: fatal error: no input files
compilation terminated.
configure:2582: $? = 4
configure:2602: checking whether the C compiler works
configure:2624: i686-w64-mingw32-gcc -Os -flto  -flto conftest.c  >&5
configure:2628: $? = 0
configure:2676: result: yes
configure:2679: checking for C compiler default output file name
configure:2681: result: a.exe
configure:2687: checking for suffix of executables
configure:2694: i686-w64-mingw32-gcc -o conftest.exe -Os -flto  -flto conftest.c  >&5
configure:2698: $? = 0
configure:2720: result: .exe
configure:2742: checking whether we are cross compiling
configure:2750: i686-w64-mingw32-gcc -o conftest.exe -Os -flto  -flto conftest.c  >&5
configure:2754: $? = 0
configure:2761: ./conftest.exe
configure:2765: $? = 0
configure:2780: result: no
configure:2785: checking for suffix of object files
configure:2807: i686-w64-mingw32-gcc -c -Os -flto  conftest.c >&5
configure:2811: $? = 0
configure:2832: result: o
configure:2836: checking whether we are using the GNU C compiler
configure:2855: i686-w64-mingw32-gcc -c -Os -flto  conftest.c >&5
configure:2855: $? = 0
configure:2864: result: yes
configure:2873: checking whether i686-w64-mingw32-gcc accepts -g
configure:2893: i686-w64-mingw32-gcc -c -g  conftest.c >&5
Application tried to create a window, but no driver could be loaded.
Make sure that your X server is running and that $DISPLAY is set correctly.
err:systray:initialize_systray Could not create tray window
configure:2893: $? = 0
configure:2934: result: yes
configure:2951: checking for i686-w64-mingw32-gcc option to accept ISO C89
configure:3014: i686-w64-mingw32-gcc  -c -Os -flto  conftest.c >&5
configure:3014: $? = 0
configure:3027: result: none needed
configure:3052: checking how to run the C preprocessor
configure:3083: i686-w64-mingw32-gcc -E  conftest.c
configure:3083: $? = 0
configure:3097: i686-w64-mingw32-gcc -E  conftest.c
conftest.c:9:28: fatal error: ac_nonexistent.h: No such file or directory
 #include <ac_nonexistent.h>
                            ^
compilation terminated.
configure:3097: $? = 1
configure: failed program was:
| /* confdefs.h */
| #define PACKAGE_NAME "OpenModelica Exported FMU"
| #define PACKAGE_TARNAME "openmodelica"
| #define PACKAGE_VERSION "dev"
| #define PACKAGE_STRING "OpenModelica Exported FMU dev"
| #define PACKAGE_BUGREPORT "https://trac.openmodelica.org/OpenModelica"
| #define PACKAGE_URL "https://openmodelica.org"
| /* end confdefs.h.  */
| #include <ac_nonexistent.h>
configure:3122: result: i686-w64-mingw32-gcc -E
configure:3142: i686-w64-mingw32-gcc -E  conftest.c
configure:3142: $? = 0
configure:3156: i686-w64-mingw32-gcc -E  conftest.c
conftest.c:9:28: fatal error: ac_nonexistent.h: No such file or directory
 #include <ac_nonexistent.h>
                            ^
compilation terminated.
configure:3156: $? = 1
configure: failed program was:
| /* confdefs.h */
| #define PACKAGE_NAME "OpenModelica Exported FMU"
| #define PACKAGE_TARNAME "openmodelica"
| #define PACKAGE_VERSION "dev"
| #define PACKAGE_STRING "OpenModelica Exported FMU dev"
| #define PACKAGE_BUGREPORT "https://trac.openmodelica.org/OpenModelica"
| #define PACKAGE_URL "https://openmodelica.org"
| /* end confdefs.h.  */
| #include <ac_nonexistent.h>
configure:3184: checking whether make sets $(MAKE)
configure:3206: result: yes
configure:3216: checking for cross-compilation flags
configure:3223: result: not needed; i686-w64-mingw32-gcc contains the prefix
configure:3332: checking if -Werror works
configure:3345: i686-w64-mingw32-gcc -o conftest.exe -Os -flto -Werror  -flto conftest.c  >&5
configure:3345: $? = 0
configure:3346: result: ok
configure:3357: checking looking for --no-undefined
configure:3370: i686-w64-mingw32-gcc -o conftest.exe -Os -flto  -flto -Wl,--no-undefined -Werror conftest.c  >&5
configure:3370: $? = 0
configure:3371: result: yes
configure:3382: checking looking for dollars in identifiers
configure:3398: i686-w64-mingw32-gcc -o conftest.exe -Os -flto  -flto conftest.c  >&5
conftest.c:10:7: error: expected identifier or '(' before ')' token
 void () {}
       ^
conftest.c:11:10: error: no macro name given in #define directive
 #define  
          ^
conftest.c: In function 'main':
conftest.c:16:2: error: expected expression before ')' token
 ();
  ^
configure:3398: $? = 1
configure: failed program was:
| /* confdefs.h */
| #define PACKAGE_NAME "OpenModelica Exported FMU"
| #define PACKAGE_TARNAME "openmodelica"
| #define PACKAGE_VERSION "dev"
| #define PACKAGE_STRING "OpenModelica Exported FMU dev"
| #define PACKAGE_BUGREPORT "https://trac.openmodelica.org/OpenModelica"
| #define PACKAGE_URL "https://openmodelica.org"
| /* end confdefs.h.  */
| 
| void () {}
| #define  
| 
| int
| main ()
| {
| ();
|   ;
|   return 0;
| }
configure:3418: i686-w64-mingw32-gcc -o conftest.exe -Os -flto  -fdollars-in-identifiers -flto conftest.c  >&5
configure:3418: $? = 0
configure:3419: result: CPPFLAGS: -fdollars-in-identifiers
configure:3589: i686-w64-mingw32-gcc -o conftest.exe  -fno-stack-protector -Werror  -fdollars-in-identifiers -flto -shared conftest.c  >&5
configure:3589: $? = 0
configure:3589: i686-w64-mingw32-gcc -o conftest.exe  -Wno-parentheses-equality -Werror  -fdollars-in-identifiers -flto -shared conftest.c  >&5
configure:3589: $? = 0
configure:3589: i686-w64-mingw32-gcc -o conftest.exe  -Wno-unused-variable -Werror  -fdollars-in-identifiers -flto -shared conftest.c  >&5
configure:3589: $? = 0
configure:3589: i686-w64-mingw32-gcc -o conftest.exe  -fPIC -Werror  -fdollars-in-identifiers -flto -shared conftest.c  >&5
conftest.c:1:0: error: -fPIC ignored for target (all code is position independent) [-Werror]
 /* confdefs.h */
 ^
cc1: all warnings being treated as errors
configure:3589: $? = 1
configure: failed program was:
| /* confdefs.h */
| #define PACKAGE_NAME "OpenModelica Exported FMU"
| #define PACKAGE_TARNAME "openmodelica"
| #define PACKAGE_VERSION "dev"
| #define PACKAGE_STRING "OpenModelica Exported FMU dev"
| #define PACKAGE_BUGREPORT "https://trac.openmodelica.org/OpenModelica"
| #define PACKAGE_URL "https://openmodelica.org"
| /* end confdefs.h.  */
| 
| int
| main ()
| {
| return 0;
|   ;
|   return 0;
| }
configure:3613: i686-w64-mingw32-gcc -o conftest.exe -Os -flto -fno-stack-protector -Wno-parentheses-equality -Wno-unused-variable  -fdollars-in-identifiers -flto -shared -static-libgcc conftest.c  >&5
configure:3613: $? = 0
configure:3654: checking for grep that handles long lines and -e
configure:3712: result: /bin/grep
configure:3717: checking for egrep
configure:3779: result: /bin/grep -E
configure:3784: checking for ANSI C header files
configure:3804: i686-w64-mingw32-gcc -c -Os -flto -fno-stack-protector -Wno-parentheses-equality -Wno-unused-variable  -fdollars-in-identifiers conftest.c >&5
configure:3804: $? = 0
configure:3877: i686-w64-mingw32-gcc -o conftest.exe -Os -flto -fno-stack-protector -Wno-parentheses-equality -Wno-unused-variable  -fdollars-in-identifiers -flto -shared -static-libgcc conftest.c  >&5
configure:3877: $? = 0
configure:3877: ./conftest.exe
err:module:LdrInitializeThunk L"Z:\\var\\lib\\hudson\\jobs\\OpenModelica_BUILD\\workspace\\OpenModelica\\testsuite\\special\\FmuExportCrossCompile\\FmuExportCrossCompile.fmutmp\\sources\\conftest.exe" is a dll, not an executable
configure:3877: $? = 1
configure: program exited with status 1
configure: failed program was:
| /* confdefs.h */
| #define PACKAGE_NAME "OpenModelica Exported FMU"
| #define PACKAGE_TARNAME "openmodelica"
| #define PACKAGE_VERSION "dev"
| #define PACKAGE_STRING "OpenModelica Exported FMU dev"
| #define PACKAGE_BUGREPORT "https://trac.openmodelica.org/OpenModelica"
| #define PACKAGE_URL "https://openmodelica.org"
| /* end confdefs.h.  */
| #include <ctype.h>
| #include <stdlib.h>
| #if ((' ' & 0x0FF) == 0x020)
| # define ISLOWER(c) ('a' <= (c) && (c) <= 'z')
| # define TOUPPER(c) (ISLOWER(c) ? 'A' + ((c) - 'a') : (c))
| #else
| # define ISLOWER(c) 		   (('a' <= (c) && (c) <= 'i') 		     || ('j' <= (c) && (c) <= 'r') 		     || ('s' <= (c) && (c) <= 'z'))
| # define TOUPPER(c) (ISLOWER(c) ? ((c) | 0x40) : (c))
| #endif
| 
| #define XOR(e, f) (((e) && !(f)) || (!(e) && (f)))
| int
| main ()
| {
|   int i;
|   for (i = 0; i < 256; i++)
|     if (XOR (islower (i), ISLOWER (i))
| 	|| toupper (i) != TOUPPER (i))
|       return 2;
|   return 0;
| }
configure:3888: result: no
configure:3897: checking for an ANSI C-conforming const
configure:3963: i686-w64-mingw32-gcc -c -Os -flto -fno-stack-protector -Wno-parentheses-equality -Wno-unused-variable  -fdollars-in-identifiers conftest.c >&5
configure:3963: $? = 0
configure:3970: result: yes
configure:3983: checking for sys/types.h
configure:3983: i686-w64-mingw32-gcc -c -Os -flto -fno-stack-protector -Wno-parentheses-equality -Wno-unused-variable  -fdollars-in-identifiers conftest.c >&5
configure:3983: $? = 0
configure:3983: result: yes
configure:3983: checking for sys/stat.h
configure:3983: i686-w64-mingw32-gcc -c -Os -flto -fno-stack-protector -Wno-parentheses-equality -Wno-unused-variable  -fdollars-in-identifiers conftest.c >&5
configure:3983: $? = 0
configure:3983: result: yes
configure:3983: checking for stdlib.h
configure:3983: i686-w64-mingw32-gcc -c -Os -flto -fno-stack-protector -Wno-parentheses-equality -Wno-unused-variable  -fdollars-in-identifiers conftest.c >&5
configure:3983: $? = 0
configure:3983: result: yes
configure:3983: checking for string.h
configure:3983: i686-w64-mingw32-gcc -c -Os -flto -fno-stack-protector -Wno-parentheses-equality -Wno-unused-variable  -fdollars-in-identifiers conftest.c >&5
configure:3983: $? = 0
configure:3983: result: yes
configure:3983: checking for memory.h
configure:3983: i686-w64-mingw32-gcc -c -Os -flto -fno-stack-protector -Wno-parentheses-equality -Wno-unused-variable  -fdollars-in-identifiers conftest.c >&5
configure:3983: $? = 0
configure:3983: result: yes
configure:3983: checking for strings.h
configure:3983: i686-w64-mingw32-gcc -c -Os -flto -fno-stack-protector -Wno-parentheses-equality -Wno-unused-variable  -fdollars-in-identifiers conftest.c >&5
configure:3983: $? = 0
configure:3983: result: yes
configure:3983: checking for inttypes.h
configure:3983: i686-w64-mingw32-gcc -c -Os -flto -fno-stack-protector -Wno-parentheses-equality -Wno-unused-variable  -fdollars-in-identifiers conftest.c >&5
configure:3983: $? = 0
configure:3983: result: yes
configure:3983: checking for stdint.h
configure:3983: i686-w64-mingw32-gcc -c -Os -flto -fno-stack-protector -Wno-parentheses-equality -Wno-unused-variable  -fdollars-in-identifiers conftest.c >&5
configure:3983: $? = 0
configure:3983: result: yes
configure:3983: checking for unistd.h
configure:3983: i686-w64-mingw32-gcc -c -Os -flto -fno-stack-protector -Wno-parentheses-equality -Wno-unused-variable  -fdollars-in-identifiers conftest.c >&5
configure:3983: $? = 0
configure:3983: result: yes
configure:3995: checking for size_t
configure:3995: i686-w64-mingw32-gcc -c -Os -flto -fno-stack-protector -Wno-parentheses-equality -Wno-unused-variable  -fdollars-in-identifiers conftest.c >&5
configure:3995: $? = 0
configure:3995: i686-w64-mingw32-gcc -c -Os -flto -fno-stack-protector -Wno-parentheses-equality -Wno-unused-variable  -fdollars-in-identifiers conftest.c >&5
conftest.c: In function 'main':
conftest.c:54:21: error: expected expression before ')' token
 if (sizeof ((size_t)))
                     ^
conftest.c: At top level:
cc1: warning: unrecognized command line option "-Wno-parentheses-equality" [enabled by default]
configure:3995: $? = 1
configure: failed program was:
| /* confdefs.h */
| #define PACKAGE_NAME "OpenModelica Exported FMU"
| #define PACKAGE_TARNAME "openmodelica"
| #define PACKAGE_VERSION "dev"
| #define PACKAGE_STRING "OpenModelica Exported FMU dev"
| #define PACKAGE_BUGREPORT "https://trac.openmodelica.org/OpenModelica"
| #define PACKAGE_URL "https://openmodelica.org"
| #define HAVE_SYS_TYPES_H 1
| #define HAVE_SYS_STAT_H 1
| #define HAVE_STDLIB_H 1
| #define HAVE_STRING_H 1
| #define HAVE_MEMORY_H 1
| #define HAVE_STRINGS_H 1
| #define HAVE_INTTYPES_H 1
| #define HAVE_STDINT_H 1
| #define HAVE_UNISTD_H 1
| /* end confdefs.h.  */
| #include <stdio.h>
| #ifdef HAVE_SYS_TYPES_H
| # include <sys/types.h>
| #endif
| #ifdef HAVE_SYS_STAT_H
| # include <sys/stat.h>
| #endif
| #ifdef STDC_HEADERS
| # include <stdlib.h>
| # include <stddef.h>
| #else
| # ifdef HAVE_STDLIB_H
| #  include <stdlib.h>
| # endif
| #endif
| #ifdef HAVE_STRING_H
| # if !defined STDC_HEADERS && defined HAVE_MEMORY_H
| #  include <memory.h>
| # endif
| # include <string.h>
| #endif
| #ifdef HAVE_STRINGS_H
| # include <strings.h>
| #endif
| #ifdef HAVE_INTTYPES_H
| # include <inttypes.h>
| #endif
| #ifdef HAVE_STDINT_H
| # include <stdint.h>
| #endif
| #ifdef HAVE_UNISTD_H
| # include <unistd.h>
| #endif
| int
| main ()
| {
| if (sizeof ((size_t)))
| 	    return 0;
|   ;
|   return 0;
| }
configure:3995: result: yes
configure:4009: checking for vprintf
configure:4009: i686-w64-mingw32-gcc -o conftest.exe -Os -flto -fno-stack-protector -Wno-parentheses-equality -Wno-unused-variable  -fdollars-in-identifiers -flto -shared -static-libgcc conftest.c  >&5
conftest.c:41:6: warning: conflicting types for built-in function 'vprintf' [enabled by default]
 char vprintf ();
      ^
cc1: warning: unrecognized command line option "-Wno-parentheses-equality" [enabled by default]
configure:4009: $? = 0
configure:4009: result: yes
configure:4015: checking for _doprnt
configure:4015: i686-w64-mingw32-gcc -o conftest.exe -Os -flto -fno-stack-protector -Wno-parentheses-equality -Wno-unused-variable  -fdollars-in-identifiers -flto -shared -static-libgcc conftest.c  >&5
/tmp/ccvFzcUa.o:conftest.c:(.text.startup+0xc): undefined reference to `_doprnt'
collect2: error: ld returned 1 exit status
configure:4015: $? = 1
configure: failed program was:
| /* confdefs.h */
| #define PACKAGE_NAME "OpenModelica Exported FMU"
| #define PACKAGE_TARNAME "openmodelica"
| #define PACKAGE_VERSION "dev"
| #define PACKAGE_STRING "OpenModelica Exported FMU dev"
| #define PACKAGE_BUGREPORT "https://trac.openmodelica.org/OpenModelica"
| #define PACKAGE_URL "https://openmodelica.org"
| #define HAVE_SYS_TYPES_H 1
| #define HAVE_SYS_STAT_H 1
| #define HAVE_STDLIB_H 1
| #define HAVE_STRING_H 1
| #define HAVE_MEMORY_H 1
| #define HAVE_STRINGS_H 1
| #define HAVE_INTTYPES_H 1
| #define HAVE_STDINT_H 1
| #define HAVE_UNISTD_H 1
| #define HAVE_VPRINTF 1
| /* end confdefs.h.  */
| /* Define _doprnt to an innocuous variant, in case <limits.h> declares _doprnt.
|    For example, HP-UX 11i <limits.h> declares gettimeofday.  */
| #define _doprnt innocuous__doprnt
| 
| /* System header to define __stub macros and hopefully few prototypes,
|     which can conflict with char _doprnt (); below.
|     Prefer <limits.h> to <assert.h> if __STDC__ is defined, since
|     <limits.h> exists even on freestanding compilers.  */
| 
| #ifdef __STDC__
| # include <limits.h>
| #else
| # include <assert.h>
| #endif
| 
| #undef _doprnt
| 
| /* Override any GCC internal prototype to avoid an error.
|    Use char because int might match the return type of a GCC
|    builtin and then its argument prototype would still apply.  */
| #ifdef __cplusplus
| extern "C"
| #endif
| char _doprnt ();
| /* The GNU C library defines this for functions which it implements
|     to always fail with ENOSYS.  Some functions are actually named
|     something starting with __ and the normal name is an alias.  */
| #if defined __stub__doprnt || defined __stub____doprnt
| choke me
| #endif
| 
| int
| main ()
| {
| return _doprnt ();
|   ;
|   return 0;
| }
configure:4015: result: no
configure:4029: checking for strdup
configure:4029: i686-w64-mingw32-gcc -o conftest.exe -Os -flto -fno-stack-protector -Wno-parentheses-equality -Wno-unused-variable  -fdollars-in-identifiers -flto -shared -static-libgcc conftest.c  >&5
conftest.c:42:6: warning: conflicting types for built-in function 'strdup' [enabled by default]
 char strdup ();
      ^
cc1: warning: unrecognized command line option "-Wno-parentheses-equality" [enabled by default]
configure:4029: $? = 0
configure:4029: result: yes
configure:4029: checking for strerror
configure:4029: i686-w64-mingw32-gcc -o conftest.exe -Os -flto -fno-stack-protector -Wno-parentheses-equality -Wno-unused-variable  -fdollars-in-identifiers -flto -shared -static-libgcc conftest.c  >&5
configure:4029: $? = 0
configure:4029: result: yes
configure:4065: checking LAPACK/BLAS flags
configure:4083: i686-w64-mingw32-gcc -o conftest.exe -Os -flto -fno-stack-protector -Wno-parentheses-equality -Wno-unused-variable  -fdollars-in-identifiers -flto -shared -static-libgcc conftest.c  -Wl,--no-undefined >&5
configure:4083: $? = 0
configure:4122: i686-w64-mingw32-gcc -o conftest.exe -Os -flto -fno-stack-protector -Wno-parentheses-equality -Wno-unused-variable  -fdollars-in-identifiers -flto -shared -static-libgcc conftest.c -shared -Wl,-Bstatic -lopenblas  -Wl,-Bdynamic  -Wl,--no-undefined >&5
/usr/bin/i686-w64-mingw32-ld: cannot find -lopenblas
collect2: error: ld returned 1 exit status
configure:4122: $? = 1
configure: failed program was:
| /* confdefs.h */
| #define PACKAGE_NAME "OpenModelica Exported FMU"
| #define PACKAGE_TARNAME "openmodelica"
| #define PACKAGE_VERSION "dev"
| #define PACKAGE_STRING "OpenModelica Exported FMU dev"
| #define PACKAGE_BUGREPORT "https://trac.openmodelica.org/OpenModelica"
| #define PACKAGE_URL "https://openmodelica.org"
| #define HAVE_SYS_TYPES_H 1
| #define HAVE_SYS_STAT_H 1
| #define HAVE_STDLIB_H 1
| #define HAVE_STRING_H 1
| #define HAVE_MEMORY_H 1
| #define HAVE_STRINGS_H 1
| #define HAVE_INTTYPES_H 1
| #define HAVE_STDINT_H 1
| #define HAVE_UNISTD_H 1
| #define HAVE_VPRINTF 1
| #define HAVE_STRDUP 1
| #define HAVE_STRERROR 1
| /* end confdefs.h.  */
| 
| /* Override any GCC internal prototype to avoid an error.
|    Use char because int might match the return type of a GCC
|    builtin and then its argument prototype would still apply.  */
| #ifdef __cplusplus
| extern "C"
| #endif
| char dgesv_ ();
| int
| main ()
| {
| return dgesv_ ();
|   ;
|   return 0;
| }
configure:4122: i686-w64-mingw32-gcc -o conftest.exe -Os -flto -fno-stack-protector -Wno-parentheses-equality -Wno-unused-variable  -fdollars-in-identifiers -flto -shared -static-libgcc conftest.c -shared -Wl,-Bstatic -lopenblas -lgfortran -Wl,-Bdynamic  -Wl,--no-undefined >&5
/usr/bin/i686-w64-mingw32-ld: cannot find -lopenblas
collect2: error: ld returned 1 exit status
configure:4122: $? = 1
configure: failed program was:
| /* confdefs.h */
| #define PACKAGE_NAME "OpenModelica Exported FMU"
| #define PACKAGE_TARNAME "openmodelica"
| #define PACKAGE_VERSION "dev"
| #define PACKAGE_STRING "OpenModelica Exported FMU dev"
| #define PACKAGE_BUGREPORT "https://trac.openmodelica.org/OpenModelica"
| #define PACKAGE_URL "https://openmodelica.org"
| #define HAVE_SYS_TYPES_H 1
| #define HAVE_SYS_STAT_H 1
| #define HAVE_STDLIB_H 1
| #define HAVE_STRING_H 1
| #define HAVE_MEMORY_H 1
| #define HAVE_STRINGS_H 1
| #define HAVE_INTTYPES_H 1
| #define HAVE_STDINT_H 1
| #define HAVE_UNISTD_H 1
| #define HAVE_VPRINTF 1
| #define HAVE_STRDUP 1
| #define HAVE_STRERROR 1
| /* end confdefs.h.  */
| 
| /* Override any GCC internal prototype to avoid an error.
|    Use char because int might match the return type of a GCC
|    builtin and then its argument prototype would still apply.  */
| #ifdef __cplusplus
| extern "C"
| #endif
| char dgesv_ ();
| int
| main ()
| {
| return dgesv_ ();
|   ;
|   return 0;
| }
configure:4122: i686-w64-mingw32-gcc -o conftest.exe -Os -flto -fno-stack-protector -Wno-parentheses-equality -Wno-unused-variable  -fdollars-in-identifiers -flto -shared -static-libgcc conftest.c -shared -Wl,-Bstatic -lopenblas -lgfortran -lquadmath -Wl,-Bdynamic  -Wl,--no-undefined >&5
/usr/bin/i686-w64-mingw32-ld: cannot find -lopenblas
collect2: error: ld returned 1 exit status
configure:4122: $? = 1
configure: failed program was:
| /* confdefs.h */
| #define PACKAGE_NAME "OpenModelica Exported FMU"
| #define PACKAGE_TARNAME "openmodelica"
| #define PACKAGE_VERSION "dev"
| #define PACKAGE_STRING "OpenModelica Exported FMU dev"
| #define PACKAGE_BUGREPORT "https://trac.openmodelica.org/OpenModelica"
| #define PACKAGE_URL "https://openmodelica.org"
| #define HAVE_SYS_TYPES_H 1
| #define HAVE_SYS_STAT_H 1
| #define HAVE_STDLIB_H 1
| #define HAVE_STRING_H 1
| #define HAVE_MEMORY_H 1
| #define HAVE_STRINGS_H 1
| #define HAVE_INTTYPES_H 1
| #define HAVE_STDINT_H 1
| #define HAVE_UNISTD_H 1
| #define HAVE_VPRINTF 1
| #define HAVE_STRDUP 1
| #define HAVE_STRERROR 1
| /* end confdefs.h.  */
| 
| /* Override any GCC internal prototype to avoid an error.
|    Use char because int might match the return type of a GCC
|    builtin and then its argument prototype would still apply.  */
| #ifdef __cplusplus
| extern "C"
| #endif
| char dgesv_ ();
| int
| main ()
| {
| return dgesv_ ();
|   ;
|   return 0;
| }
configure:4181: i686-w64-mingw32-gcc -o conftest.exe -Os -flto -fno-stack-protector -Wno-parentheses-equality -Wno-unused-variable  -fdollars-in-identifiers -flto -shared -static-libgcc conftest.c -shared -Wl,-Bstatic -lopenblas -Wl,-Bdynamic -lm  -Wl,--no-undefined >&5
/usr/bin/i686-w64-mingw32-ld: cannot find -lopenblas
collect2: error: ld returned 1 exit status
configure:4181: $? = 1
configure: failed program was:
| /* confdefs.h */
| #define PACKAGE_NAME "OpenModelica Exported FMU"
| #define PACKAGE_TARNAME "openmodelica"
| #define PACKAGE_VERSION "dev"
| #define PACKAGE_STRING "OpenModelica Exported FMU dev"
| #define PACKAGE_BUGREPORT "https://trac.openmodelica.org/OpenModelica"
| #define PACKAGE_URL "https://openmodelica.org"
| #define HAVE_SYS_TYPES_H 1
| #define HAVE_SYS_STAT_H 1
| #define HAVE_STDLIB_H 1
| #define HAVE_STRING_H 1
| #define HAVE_MEMORY_H 1
| #define HAVE_STRINGS_H 1
| #define HAVE_INTTYPES_H 1
| #define HAVE_STDINT_H 1
| #define HAVE_UNISTD_H 1
| #define HAVE_VPRINTF 1
| #define HAVE_STRDUP 1
| #define HAVE_STRERROR 1
| /* end confdefs.h.  */
| 
| /* Override any GCC internal prototype to avoid an error.
|    Use char because int might match the return type of a GCC
|    builtin and then its argument prototype would still apply.  */
| #ifdef __cplusplus
| extern "C"
| #endif
| char dgesv_ ();
| int
| main ()
| {
| return dgesv_ ();
|   ;
|   return 0;
| }
configure:4181: i686-w64-mingw32-gcc -o conftest.exe -Os -flto -fno-stack-protector -Wno-parentheses-equality -Wno-unused-variable  -fdollars-in-identifiers -flto -shared -static-libgcc conftest.c -shared -Wl,-Bstatic -lopenblas -Wl,-Bdynamic -lpthread  -Wl,--no-undefined >&5
/usr/bin/i686-w64-mingw32-ld: cannot find -lopenblas
collect2: error: ld returned 1 exit status
configure:4181: $? = 1
configure: failed program was:
| /* confdefs.h */
| #define PACKAGE_NAME "OpenModelica Exported FMU"
| #define PACKAGE_TARNAME "openmodelica"
| #define PACKAGE_VERSION "dev"
| #define PACKAGE_STRING "OpenModelica Exported FMU dev"
| #define PACKAGE_BUGREPORT "https://trac.openmodelica.org/OpenModelica"
| #define PACKAGE_URL "https://openmodelica.org"
| #define HAVE_SYS_TYPES_H 1
| #define HAVE_SYS_STAT_H 1
| #define HAVE_STDLIB_H 1
| #define HAVE_STRING_H 1
| #define HAVE_MEMORY_H 1
| #define HAVE_STRINGS_H 1
| #define HAVE_INTTYPES_H 1
| #define HAVE_STDINT_H 1
| #define HAVE_UNISTD_H 1
| #define HAVE_VPRINTF 1
| #define HAVE_STRDUP 1
| #define HAVE_STRERROR 1
| /* end confdefs.h.  */
| 
| /* Override any GCC internal prototype to avoid an error.
|    Use char because int might match the return type of a GCC
|    builtin and then its argument prototype would still apply.  */
| #ifdef __cplusplus
| extern "C"
| #endif
| char dgesv_ ();
| int
| main ()
| {
| return dgesv_ ();
|   ;
|   return 0;
| }
configure:4181: i686-w64-mingw32-gcc -o conftest.exe -Os -flto -fno-stack-protector -Wno-parentheses-equality -Wno-unused-variable  -fdollars-in-identifiers -flto -shared -static-libgcc conftest.c -shared -Wl,-Bstatic -lopenblas -Wl,-Bdynamic -lm -lpthread  -Wl,--no-undefined >&5
/usr/bin/i686-w64-mingw32-ld: cannot find -lopenblas
collect2: error: ld returned 1 exit status
configure:4181: $? = 1
configure: failed program was:
| /* confdefs.h */
| #define PACKAGE_NAME "OpenModelica Exported FMU"
| #define PACKAGE_TARNAME "openmodelica"
| #define PACKAGE_VERSION "dev"
| #define PACKAGE_STRING "OpenModelica Exported FMU dev"
| #define PACKAGE_BUGREPORT "https://trac.openmodelica.org/OpenModelica"
| #define PACKAGE_URL "https://openmodelica.org"
| #define HAVE_SYS_TYPES_H 1
| #define HAVE_SYS_STAT_H 1
| #define HAVE_STDLIB_H 1
| #define HAVE_STRING_H 1
| #define HAVE_MEMORY_H 1
| #define HAVE_STRINGS_H 1
| #define HAVE_INTTYPES_H 1
| #define HAVE_STDINT_H 1
| #define HAVE_UNISTD_H 1
| #define HAVE_VPRINTF 1
| #define HAVE_STRDUP 1
| #define HAVE_STRERROR 1
| /* end confdefs.h.  */
| 
| /* Override any GCC internal prototype to avoid an error.
|    Use char because int might match the return type of a GCC
|    builtin and then its argument prototype would still apply.  */
| #ifdef __cplusplus
| extern "C"
| #endif
| char dgesv_ ();
| int
| main ()
| {
| return dgesv_ ();
|   ;
|   return 0;
| }
configure:4122: i686-w64-mingw32-gcc -o conftest.exe -Os -flto -fno-stack-protector -Wno-parentheses-equality -Wno-unused-variable  -fdollars-in-identifiers -flto -shared -static-libgcc conftest.c -shared -Wl,-Bstatic   -Wl,-Bdynamic  -Wl,--no-undefined >&5
/tmp/ccEzC2zF.o:conftest.c:(.text.startup+0xc): undefined reference to `dgesv_'
collect2: error: ld returned 1 exit status
configure:4122: $? = 1
configure: failed program was:
| /* confdefs.h */
| #define PACKAGE_NAME "OpenModelica Exported FMU"
| #define PACKAGE_TARNAME "openmodelica"
| #define PACKAGE_VERSION "dev"
| #define PACKAGE_STRING "OpenModelica Exported FMU dev"
| #define PACKAGE_BUGREPORT "https://trac.openmodelica.org/OpenModelica"
| #define PACKAGE_URL "https://openmodelica.org"
| #define HAVE_SYS_TYPES_H 1
| #define HAVE_SYS_STAT_H 1
| #define HAVE_STDLIB_H 1
| #define HAVE_STRING_H 1
| #define HAVE_MEMORY_H 1
| #define HAVE_STRINGS_H 1
| #define HAVE_INTTYPES_H 1
| #define HAVE_STDINT_H 1
| #define HAVE_UNISTD_H 1
| #define HAVE_VPRINTF 1
| #define HAVE_STRDUP 1
| #define HAVE_STRERROR 1
| /* end confdefs.h.  */
| 
| /* Override any GCC internal prototype to avoid an error.
|    Use char because int might match the return type of a GCC
|    builtin and then its argument prototype would still apply.  */
| #ifdef __cplusplus
| extern "C"
| #endif
| char dgesv_ ();
| int
| main ()
| {
| return dgesv_ ();
|   ;
|   return 0;
| }
configure:4122: i686-w64-mingw32-gcc -o conftest.exe -Os -flto -fno-stack-protector -Wno-parentheses-equality -Wno-unused-variable  -fdollars-in-identifiers -flto -shared -static-libgcc conftest.c -shared -Wl,-Bstatic  -lgfortran -Wl,-Bdynamic  -Wl,--no-undefined >&5
/tmp/ccmMR8bL.o:conftest.c:(.text.startup+0xc): undefined reference to `dgesv_'
collect2: error: ld returned 1 exit status
configure:4122: $? = 1
configure: failed program was:
| /* confdefs.h */
| #define PACKAGE_NAME "OpenModelica Exported FMU"
| #define PACKAGE_TARNAME "openmodelica"
| #define PACKAGE_VERSION "dev"
| #define PACKAGE_STRING "OpenModelica Exported FMU dev"
| #define PACKAGE_BUGREPORT "https://trac.openmodelica.org/OpenModelica"
| #define PACKAGE_URL "https://openmodelica.org"
| #define HAVE_SYS_TYPES_H 1
| #define HAVE_SYS_STAT_H 1
| #define HAVE_STDLIB_H 1
| #define HAVE_STRING_H 1
| #define HAVE_MEMORY_H 1
| #define HAVE_STRINGS_H 1
| #define HAVE_INTTYPES_H 1
| #define HAVE_STDINT_H 1
| #define HAVE_UNISTD_H 1
| #define HAVE_VPRINTF 1
| #define HAVE_STRDUP 1
| #define HAVE_STRERROR 1
| /* end confdefs.h.  */
| 
| /* Override any GCC internal prototype to avoid an error.
|    Use char because int might match the return type of a GCC
|    builtin and then its argument prototype would still apply.  */
| #ifdef __cplusplus
| extern "C"
| #endif
| char dgesv_ ();
| int
| main ()
| {
| return dgesv_ ();
|   ;
|   return 0;
| }
configure:4122: i686-w64-mingw32-gcc -o conftest.exe -Os -flto -fno-stack-protector -Wno-parentheses-equality -Wno-unused-variable  -fdollars-in-identifiers -flto -shared -static-libgcc conftest.c -shared -Wl,-Bstatic  -lgfortran -lquadmath -Wl,-Bdynamic  -Wl,--no-undefined >&5
/tmp/ccIgCU8N.o:conftest.c:(.text.startup+0xc): undefined reference to `dgesv_'
collect2: error: ld returned 1 exit status
configure:4122: $? = 1
configure: failed program was:
| /* confdefs.h */
| #define PACKAGE_NAME "OpenModelica Exported FMU"
| #define PACKAGE_TARNAME "openmodelica"
| #define PACKAGE_VERSION "dev"
| #define PACKAGE_STRING "OpenModelica Exported FMU dev"
| #define PACKAGE_BUGREPORT "https://trac.openmodelica.org/OpenModelica"
| #define PACKAGE_URL "https://openmodelica.org"
| #define HAVE_SYS_TYPES_H 1
| #define HAVE_SYS_STAT_H 1
| #define HAVE_STDLIB_H 1
| #define HAVE_STRING_H 1
| #define HAVE_MEMORY_H 1
| #define HAVE_STRINGS_H 1
| #define HAVE_INTTYPES_H 1
| #define HAVE_STDINT_H 1
| #define HAVE_UNISTD_H 1
| #define HAVE_VPRINTF 1
| #define HAVE_STRDUP 1
| #define HAVE_STRERROR 1
| /* end confdefs.h.  */
| 
| /* Override any GCC internal prototype to avoid an error.
|    Use char because int might match the return type of a GCC
|    builtin and then its argument prototype would still apply.  */
| #ifdef __cplusplus
| extern "C"
| #endif
| char dgesv_ ();
| int
| main ()
| {
| return dgesv_ ();
|   ;
|   return 0;
| }
configure:4181: i686-w64-mingw32-gcc -o conftest.exe -Os -flto -fno-stack-protector -Wno-parentheses-equality -Wno-unused-variable  -fdollars-in-identifiers -flto -shared -static-libgcc conftest.c -shared -Wl,-Bstatic  -Wl,-Bdynamic -lm  -Wl,--no-undefined >&5
/tmp/ccS05jWO.o:conftest.c:(.text.startup+0xc): undefined reference to `dgesv_'
collect2: error: ld returned 1 exit status
configure:4181: $? = 1
configure: failed program was:
| /* confdefs.h */
| #define PACKAGE_NAME "OpenModelica Exported FMU"
| #define PACKAGE_TARNAME "openmodelica"
| #define PACKAGE_VERSION "dev"
| #define PACKAGE_STRING "OpenModelica Exported FMU dev"
| #define PACKAGE_BUGREPORT "https://trac.openmodelica.org/OpenModelica"
| #define PACKAGE_URL "https://openmodelica.org"
| #define HAVE_SYS_TYPES_H 1
| #define HAVE_SYS_STAT_H 1
| #define HAVE_STDLIB_H 1
| #define HAVE_STRING_H 1
| #define HAVE_MEMORY_H 1
| #define HAVE_STRINGS_H 1
| #define HAVE_INTTYPES_H 1
| #define HAVE_STDINT_H 1
| #define HAVE_UNISTD_H 1
| #define HAVE_VPRINTF 1
| #define HAVE_STRDUP 1
| #define HAVE_STRERROR 1
| /* end confdefs.h.  */
| 
| /* Override any GCC internal prototype to avoid an error.
|    Use char because int might match the return type of a GCC
|    builtin and then its argument prototype would still apply.  */
| #ifdef __cplusplus
| extern "C"
| #endif
| char dgesv_ ();
| int
| main ()
| {
| return dgesv_ ();
|   ;
|   return 0;
| }
configure:4181: i686-w64-mingw32-gcc -o conftest.exe -Os -flto -fno-stack-protector -Wno-parentheses-equality -Wno-unused-variable  -fdollars-in-identifiers -flto -shared -static-libgcc conftest.c -shared -Wl,-Bstatic  -Wl,-Bdynamic -lpthread  -Wl,--no-undefined >&5
/tmp/ccKJC9qV.o:conftest.c:(.text.startup+0xc): undefined reference to `dgesv_'
collect2: error: ld returned 1 exit status
configure:4181: $? = 1
configure: failed program was:
| /* confdefs.h */
| #define PACKAGE_NAME "OpenModelica Exported FMU"
| #define PACKAGE_TARNAME "openmodelica"
| #define PACKAGE_VERSION "dev"
| #define PACKAGE_STRING "OpenModelica Exported FMU dev"
| #define PACKAGE_BUGREPORT "https://trac.openmodelica.org/OpenModelica"
| #define PACKAGE_URL "https://openmodelica.org"
| #define HAVE_SYS_TYPES_H 1
| #define HAVE_SYS_STAT_H 1
| #define HAVE_STDLIB_H 1
| #define HAVE_STRING_H 1
| #define HAVE_MEMORY_H 1
| #define HAVE_STRINGS_H 1
| #define HAVE_INTTYPES_H 1
| #define HAVE_STDINT_H 1
| #define HAVE_UNISTD_H 1
| #define HAVE_VPRINTF 1
| #define HAVE_STRDUP 1
| #define HAVE_STRERROR 1
| /* end confdefs.h.  */
| 
| /* Override any GCC internal prototype to avoid an error.
|    Use char because int might match the return type of a GCC
|    builtin and then its argument prototype would still apply.  */
| #ifdef __cplusplus
| extern "C"
| #endif
| char dgesv_ ();
| int
| main ()
| {
| return dgesv_ ();
|   ;
|   return 0;
| }
configure:4181: i686-w64-mingw32-gcc -o conftest.exe -Os -flto -fno-stack-protector -Wno-parentheses-equality -Wno-unused-variable  -fdollars-in-identifiers -flto -shared -static-libgcc conftest.c -shared -Wl,-Bstatic  -Wl,-Bdynamic -lm -lpthread  -Wl,--no-undefined >&5
/tmp/ccsstRqY.o:conftest.c:(.text.startup+0xc): undefined reference to `dgesv_'
collect2: error: ld returned 1 exit status
configure:4181: $? = 1
configure: failed program was:
| /* confdefs.h */
| #define PACKAGE_NAME "OpenModelica Exported FMU"
| #define PACKAGE_TARNAME "openmodelica"
| #define PACKAGE_VERSION "dev"
| #define PACKAGE_STRING "OpenModelica Exported FMU dev"
| #define PACKAGE_BUGREPORT "https://trac.openmodelica.org/OpenModelica"
| #define PACKAGE_URL "https://openmodelica.org"
| #define HAVE_SYS_TYPES_H 1
| #define HAVE_SYS_STAT_H 1
| #define HAVE_STDLIB_H 1
| #define HAVE_STRING_H 1
| #define HAVE_MEMORY_H 1
| #define HAVE_STRINGS_H 1
| #define HAVE_INTTYPES_H 1
| #define HAVE_STDINT_H 1
| #define HAVE_UNISTD_H 1
| #define HAVE_VPRINTF 1
| #define HAVE_STRDUP 1
| #define HAVE_STRERROR 1
| /* end confdefs.h.  */
| 
| /* Override any GCC internal prototype to avoid an error.
|    Use char because int might match the return type of a GCC
|    builtin and then its argument prototype would still apply.  */
| #ifdef __cplusplus
| extern "C"
| #endif
| char dgesv_ ();
| int
| main ()
| {
| return dgesv_ ();
|   ;
|   return 0;
| }
configure:4122: i686-w64-mingw32-gcc -o conftest.exe -Os -flto -fno-stack-protector -Wno-parentheses-equality -Wno-unused-variable  -fdollars-in-identifiers -flto -shared -static-libgcc conftest.c -shared -Wl,-Bstatic   -Wl,-Bdynamic  -Wl,--no-undefined >&5
/tmp/cc2IaIkZ.o:conftest.c:(.text.startup+0xc): undefined reference to `dgesv_'
collect2: error: ld returned 1 exit status
configure:4122: $? = 1
configure: failed program was:
| /* confdefs.h */
| #define PACKAGE_NAME "OpenModelica Exported FMU"
| #define PACKAGE_TARNAME "openmodelica"
| #define PACKAGE_VERSION "dev"
| #define PACKAGE_STRING "OpenModelica Exported FMU dev"
| #define PACKAGE_BUGREPORT "https://trac.openmodelica.org/OpenModelica"
| #define PACKAGE_URL "https://openmodelica.org"
| #define HAVE_SYS_TYPES_H 1
| #define HAVE_SYS_STAT_H 1
| #define HAVE_STDLIB_H 1
| #define HAVE_STRING_H 1
| #define HAVE_MEMORY_H 1
| #define HAVE_STRINGS_H 1
| #define HAVE_INTTYPES_H 1
| #define HAVE_STDINT_H 1
| #define HAVE_UNISTD_H 1
| #define HAVE_VPRINTF 1
| #define HAVE_STRDUP 1
| #define HAVE_STRERROR 1
| /* end confdefs.h.  */
| 
| /* Override any GCC internal prototype to avoid an error.
|    Use char because int might match the return type of a GCC
|    builtin and then its argument prototype would still apply.  */
| #ifdef __cplusplus
| extern "C"
| #endif
| char dgesv_ ();
| int
| main ()
| {
| return dgesv_ ();
|   ;
|   return 0;
| }
configure:4122: i686-w64-mingw32-gcc -o conftest.exe -Os -flto -fno-stack-protector -Wno-parentheses-equality -Wno-unused-variable  -fdollars-in-identifiers -flto -shared -static-libgcc conftest.c -shared -Wl,-Bstatic  -lgfortran -Wl,-Bdynamic  -Wl,--no-undefined >&5
/tmp/ccii74k2.o:conftest.c:(.text.startup+0xc): undefined reference to `dgesv_'
collect2: error: ld returned 1 exit status
configure:4122: $? = 1
configure: failed program was:
| /* confdefs.h */
| #define PACKAGE_NAME "OpenModelica Exported FMU"
| #define PACKAGE_TARNAME "openmodelica"
| #define PACKAGE_VERSION "dev"
| #define PACKAGE_STRING "OpenModelica Exported FMU dev"
| #define PACKAGE_BUGREPORT "https://trac.openmodelica.org/OpenModelica"
| #define PACKAGE_URL "https://openmodelica.org"
| #define HAVE_SYS_TYPES_H 1
| #define HAVE_SYS_STAT_H 1
| #define HAVE_STDLIB_H 1
| #define HAVE_STRING_H 1
| #define HAVE_MEMORY_H 1
| #define HAVE_STRINGS_H 1
| #define HAVE_INTTYPES_H 1
| #define HAVE_STDINT_H 1
| #define HAVE_UNISTD_H 1
| #define HAVE_VPRINTF 1
| #define HAVE_STRDUP 1
| #define HAVE_STRERROR 1
| /* end confdefs.h.  */
| 
| /* Override any GCC internal prototype to avoid an error.
|    Use char because int might match the return type of a GCC
|    builtin and then its argument prototype would still apply.  */
| #ifdef __cplusplus
| extern "C"
| #endif
| char dgesv_ ();
| int
| main ()
| {
| return dgesv_ ();
|   ;
|   return 0;
| }
configure:4122: i686-w64-mingw32-gcc -o conftest.exe -Os -flto -fno-stack-protector -Wno-parentheses-equality -Wno-unused-variable  -fdollars-in-identifiers -flto -shared -static-libgcc conftest.c -shared -Wl,-Bstatic  -lgfortran -lquadmath -Wl,-Bdynamic  -Wl,--no-undefined >&5
/tmp/ccCvooC7.o:conftest.c:(.text.startup+0xc): undefined reference to `dgesv_'
collect2: error: ld returned 1 exit status
configure:4122: $? = 1
configure: failed program was:
| /* confdefs.h */
| #define PACKAGE_NAME "OpenModelica Exported FMU"
| #define PACKAGE_TARNAME "openmodelica"
| #define PACKAGE_VERSION "dev"
| #define PACKAGE_STRING "OpenModelica Exported FMU dev"
| #define PACKAGE_BUGREPORT "https://trac.openmodelica.org/OpenModelica"
| #define PACKAGE_URL "https://openmodelica.org"
| #define HAVE_SYS_TYPES_H 1
| #define HAVE_SYS_STAT_H 1
| #define HAVE_STDLIB_H 1
| #define HAVE_STRING_H 1
| #define HAVE_MEMORY_H 1
| #define HAVE_STRINGS_H 1
| #define HAVE_INTTYPES_H 1
| #define HAVE_STDINT_H 1
| #define HAVE_UNISTD_H 1
| #define HAVE_VPRINTF 1
| #define HAVE_STRDUP 1
| #define HAVE_STRERROR 1
| /* end confdefs.h.  */
| 
| /* Override any GCC internal prototype to avoid an error.
|    Use char because int might match the return type of a GCC
|    builtin and then its argument prototype would still apply.  */
| #ifdef __cplusplus
| extern "C"
| #endif
| char dgesv_ ();
| int
| main ()
| {
| return dgesv_ ();
|   ;
|   return 0;
| }
configure:4181: i686-w64-mingw32-gcc -o conftest.exe -Os -flto -fno-stack-protector -Wno-parentheses-equality -Wno-unused-variable  -fdollars-in-identifiers -flto -shared -static-libgcc conftest.c -shared -Wl,-Bstatic  -Wl,-Bdynamic -lm  -Wl,--no-undefined >&5
/tmp/ccGvt2r9.o:conftest.c:(.text.startup+0xc): undefined reference to `dgesv_'
collect2: error: ld returned 1 exit status
configure:4181: $? = 1
configure: failed program was:
| /* confdefs.h */
| #define PACKAGE_NAME "OpenModelica Exported FMU"
| #define PACKAGE_TARNAME "openmodelica"
| #define PACKAGE_VERSION "dev"
| #define PACKAGE_STRING "OpenModelica Exported FMU dev"
| #define PACKAGE_BUGREPORT "https://trac.openmodelica.org/OpenModelica"
| #define PACKAGE_URL "https://openmodelica.org"
| #define HAVE_SYS_TYPES_H 1
| #define HAVE_SYS_STAT_H 1
| #define HAVE_STDLIB_H 1
| #define HAVE_STRING_H 1
| #define HAVE_MEMORY_H 1
| #define HAVE_STRINGS_H 1
| #define HAVE_INTTYPES_H 1
| #define HAVE_STDINT_H 1
| #define HAVE_UNISTD_H 1
| #define HAVE_VPRINTF 1
| #define HAVE_STRDUP 1
| #define HAVE_STRERROR 1
| /* end confdefs.h.  */
| 
| /* Override any GCC internal prototype to avoid an error.
|    Use char because int might match the return type of a GCC
|    builtin and then its argument prototype would still apply.  */
| #ifdef __cplusplus
| extern "C"
| #endif
| char dgesv_ ();
| int
| main ()
| {
| return dgesv_ ();
|   ;
|   return 0;
| }
configure:4181: i686-w64-mingw32-gcc -o conftest.exe -Os -flto -fno-stack-protector -Wno-parentheses-equality -Wno-unused-variable  -fdollars-in-identifiers -flto -shared -static-libgcc conftest.c -shared -Wl,-Bstatic  -Wl,-Bdynamic -lpthread  -Wl,--no-undefined >&5
/tmp/ccYx2gFc.o:conftest.c:(.text.startup+0xc): undefined reference to `dgesv_'
collect2: error: ld returned 1 exit status
configure:4181: $? = 1
configure: failed program was:
| /* confdefs.h */
| #define PACKAGE_NAME "OpenModelica Exported FMU"
| #define PACKAGE_TARNAME "openmodelica"
| #define PACKAGE_VERSION "dev"
| #define PACKAGE_STRING "OpenModelica Exported FMU dev"
| #define PACKAGE_BUGREPORT "https://trac.openmodelica.org/OpenModelica"
| #define PACKAGE_URL "https://openmodelica.org"
| #define HAVE_SYS_TYPES_H 1
| #define HAVE_SYS_STAT_H 1
| #define HAVE_STDLIB_H 1
| #define HAVE_STRING_H 1
| #define HAVE_MEMORY_H 1
| #define HAVE_STRINGS_H 1
| #define HAVE_INTTYPES_H 1
| #define HAVE_STDINT_H 1
| #define HAVE_UNISTD_H 1
| #define HAVE_VPRINTF 1
| #define HAVE_STRDUP 1
| #define HAVE_STRERROR 1
| /* end confdefs.h.  */
| 
| /* Override any GCC internal prototype to avoid an error.
|    Use char because int might match the return type of a GCC
|    builtin and then its argument prototype would still apply.  */
| #ifdef __cplusplus
| extern "C"
| #endif
| char dgesv_ ();
| int
| main ()
| {
| return dgesv_ ();
|   ;
|   return 0;
| }
configure:4181: i686-w64-mingw32-gcc -o conftest.exe -Os -flto -fno-stack-protector -Wno-parentheses-equality -Wno-unused-variable  -fdollars-in-identifiers -flto -shared -static-libgcc conftest.c -shared -Wl,-Bstatic  -Wl,-Bdynamic -lm -lpthread  -Wl,--no-undefined >&5
/tmp/ccM2VQWh.o:conftest.c:(.text.startup+0xc): undefined reference to `dgesv_'
collect2: error: ld returned 1 exit status
configure:4181: $? = 1
configure: failed program was:
| /* confdefs.h */
| #define PACKAGE_NAME "OpenModelica Exported FMU"
| #define PACKAGE_TARNAME "openmodelica"
| #define PACKAGE_VERSION "dev"
| #define PACKAGE_STRING "OpenModelica Exported FMU dev"
| #define PACKAGE_BUGREPORT "https://trac.openmodelica.org/OpenModelica"
| #define PACKAGE_URL "https://openmodelica.org"
| #define HAVE_SYS_TYPES_H 1
| #define HAVE_SYS_STAT_H 1
| #define HAVE_STDLIB_H 1
| #define HAVE_STRING_H 1
| #define HAVE_MEMORY_H 1
| #define HAVE_STRINGS_H 1
| #define HAVE_INTTYPES_H 1
| #define HAVE_STDINT_H 1
| #define HAVE_UNISTD_H 1
| #define HAVE_VPRINTF 1
| #define HAVE_STRDUP 1
| #define HAVE_STRERROR 1
| /* end confdefs.h.  */
| 
| /* Override any GCC internal prototype to avoid an error.
|    Use char because int might match the return type of a GCC
|    builtin and then its argument prototype would still apply.  */
| #ifdef __cplusplus
| extern "C"
| #endif
| char dgesv_ ();
| int
| main ()
| {
| return dgesv_ ();
|   ;
|   return 0;
| }
configure:4122: i686-w64-mingw32-gcc -o conftest.exe -Os -flto -fno-stack-protector -Wno-parentheses-equality -Wno-unused-variable  -fdollars-in-identifiers -flto -shared -static-libgcc conftest.c -shared -Wl,-Bstatic -llapack -lblas  -Wl,-Bdynamic  -Wl,--no-undefined >&5
/usr/bin/i686-w64-mingw32-ld: cannot find -llapack
/usr/bin/i686-w64-mingw32-ld: cannot find -lblas
collect2: error: ld returned 1 exit status
configure:4122: $? = 1
configure: failed program was:
| /* confdefs.h */
| #define PACKAGE_NAME "OpenModelica Exported FMU"
| #define PACKAGE_TARNAME "openmodelica"
| #define PACKAGE_VERSION "dev"
| #define PACKAGE_STRING "OpenModelica Exported FMU dev"
| #define PACKAGE_BUGREPORT "https://trac.openmodelica.org/OpenModelica"
| #define PACKAGE_URL "https://openmodelica.org"
| #define HAVE_SYS_TYPES_H 1
| #define HAVE_SYS_STAT_H 1
| #define HAVE_STDLIB_H 1
| #define HAVE_STRING_H 1
| #define HAVE_MEMORY_H 1
| #define HAVE_STRINGS_H 1
| #define HAVE_INTTYPES_H 1
| #define HAVE_STDINT_H 1
| #define HAVE_UNISTD_H 1
| #define HAVE_VPRINTF 1
| #define HAVE_STRDUP 1
| #define HAVE_STRERROR 1
| /* end confdefs.h.  */
| 
| /* Override any GCC internal prototype to avoid an error.
|    Use char because int might match the return type of a GCC
|    builtin and then its argument prototype would still apply.  */
| #ifdef __cplusplus
| extern "C"
| #endif
| char dgesv_ ();
| int
| main ()
| {
| return dgesv_ ();
|   ;
|   return 0;
| }
configure:4122: i686-w64-mingw32-gcc -o conftest.exe -Os -flto -fno-stack-protector -Wno-parentheses-equality -Wno-unused-variable  -fdollars-in-identifiers -flto -shared -static-libgcc conftest.c -shared -Wl,-Bstatic -llapack -lblas -lgfortran -Wl,-Bdynamic  -Wl,--no-undefined >&5
/usr/bin/i686-w64-mingw32-ld: cannot find -llapack
/usr/bin/i686-w64-mingw32-ld: cannot find -lblas
collect2: error: ld returned 1 exit status
configure:4122: $? = 1
configure: failed program was:
| /* confdefs.h */
| #define PACKAGE_NAME "OpenModelica Exported FMU"
| #define PACKAGE_TARNAME "openmodelica"
| #define PACKAGE_VERSION "dev"
| #define PACKAGE_STRING "OpenModelica Exported FMU dev"
| #define PACKAGE_BUGREPORT "https://trac.openmodelica.org/OpenModelica"
| #define PACKAGE_URL "https://openmodelica.org"
| #define HAVE_SYS_TYPES_H 1
| #define HAVE_SYS_STAT_H 1
| #define HAVE_STDLIB_H 1
| #define HAVE_STRING_H 1
| #define HAVE_MEMORY_H 1
| #define HAVE_STRINGS_H 1
| #define HAVE_INTTYPES_H 1
| #define HAVE_STDINT_H 1
| #define HAVE_UNISTD_H 1
| #define HAVE_VPRINTF 1
| #define HAVE_STRDUP 1
| #define HAVE_STRERROR 1
| /* end confdefs.h.  */
| 
| /* Override any GCC internal prototype to avoid an error.
|    Use char because int might match the return type of a GCC
|    builtin and then its argument prototype would still apply.  */
| #ifdef __cplusplus
| extern "C"
| #endif
| char dgesv_ ();
| int
| main ()
| {
| return dgesv_ ();
|   ;
|   return 0;
| }
configure:4122: i686-w64-mingw32-gcc -o conftest.exe -Os -flto -fno-stack-protector -Wno-parentheses-equality -Wno-unused-variable  -fdollars-in-identifiers -flto -shared -static-libgcc conftest.c -shared -Wl,-Bstatic -llapack -lblas -lgfortran -lquadmath -Wl,-Bdynamic  -Wl,--no-undefined >&5
/usr/bin/i686-w64-mingw32-ld: cannot find -llapack
/usr/bin/i686-w64-mingw32-ld: cannot find -lblas
collect2: error: ld returned 1 exit status
configure:4122: $? = 1
configure: failed program was:
| /* confdefs.h */
| #define PACKAGE_NAME "OpenModelica Exported FMU"
| #define PACKAGE_TARNAME "openmodelica"
| #define PACKAGE_VERSION "dev"
| #define PACKAGE_STRING "OpenModelica Exported FMU dev"
| #define PACKAGE_BUGREPORT "https://trac.openmodelica.org/OpenModelica"
| #define PACKAGE_URL "https://openmodelica.org"
| #define HAVE_SYS_TYPES_H 1
| #define HAVE_SYS_STAT_H 1
| #define HAVE_STDLIB_H 1
| #define HAVE_STRING_H 1
| #define HAVE_MEMORY_H 1
| #define HAVE_STRINGS_H 1
| #define HAVE_INTTYPES_H 1
| #define HAVE_STDINT_H 1
| #define HAVE_UNISTD_H 1
| #define HAVE_VPRINTF 1
| #define HAVE_STRDUP 1
| #define HAVE_STRERROR 1
| /* end confdefs.h.  */
| 
| /* Override any GCC internal prototype to avoid an error.
|    Use char because int might match the return type of a GCC
|    builtin and then its argument prototype would still apply.  */
| #ifdef __cplusplus
| extern "C"
| #endif
| char dgesv_ ();
| int
| main ()
| {
| return dgesv_ ();
|   ;
|   return 0;
| }
configure:4181: i686-w64-mingw32-gcc -o conftest.exe -Os -flto -fno-stack-protector -Wno-parentheses-equality -Wno-unused-variable  -fdollars-in-identifiers -flto -shared -static-libgcc conftest.c -shared -Wl,-Bstatic -llapack -lblas -Wl,-Bdynamic -lm  -Wl,--no-undefined >&5
/usr/bin/i686-w64-mingw32-ld: cannot find -llapack
/usr/bin/i686-w64-mingw32-ld: cannot find -lblas
collect2: error: ld returned 1 exit status
configure:4181: $? = 1
configure: failed program was:
| /* confdefs.h */
| #define PACKAGE_NAME "OpenModelica Exported FMU"
| #define PACKAGE_TARNAME "openmodelica"
| #define PACKAGE_VERSION "dev"
| #define PACKAGE_STRING "OpenModelica Exported FMU dev"
| #define PACKAGE_BUGREPORT "https://trac.openmodelica.org/OpenModelica"
| #define PACKAGE_URL "https://openmodelica.org"
| #define HAVE_SYS_TYPES_H 1
| #define HAVE_SYS_STAT_H 1
| #define HAVE_STDLIB_H 1
| #define HAVE_STRING_H 1
| #define HAVE_MEMORY_H 1
| #define HAVE_STRINGS_H 1
| #define HAVE_INTTYPES_H 1
| #define HAVE_STDINT_H 1
| #define HAVE_UNISTD_H 1
| #define HAVE_VPRINTF 1
| #define HAVE_STRDUP 1
| #define HAVE_STRERROR 1
| /* end confdefs.h.  */
| 
| /* Override any GCC internal prototype to avoid an error.
|    Use char because int might match the return type of a GCC
|    builtin and then its argument prototype would still apply.  */
| #ifdef __cplusplus
| extern "C"
| #endif
| char dgesv_ ();
| int
| main ()
| {
| return dgesv_ ();
|   ;
|   return 0;
| }
configure:4181: i686-w64-mingw32-gcc -o conftest.exe -Os -flto -fno-stack-protector -Wno-parentheses-equality -Wno-unused-variable  -fdollars-in-identifiers -flto -shared -static-libgcc conftest.c -shared -Wl,-Bstatic -llapack -lblas -Wl,-Bdynamic -lpthread  -Wl,--no-undefined >&5
/usr/bin/i686-w64-mingw32-ld: cannot find -llapack
/usr/bin/i686-w64-mingw32-ld: cannot find -lblas
collect2: error: ld returned 1 exit status
configure:4181: $? = 1
configure: failed program was:
| /* confdefs.h */
| #define PACKAGE_NAME "OpenModelica Exported FMU"
| #define PACKAGE_TARNAME "openmodelica"
| #define PACKAGE_VERSION "dev"
| #define PACKAGE_STRING "OpenModelica Exported FMU dev"
| #define PACKAGE_BUGREPORT "https://trac.openmodelica.org/OpenModelica"
| #define PACKAGE_URL "https://openmodelica.org"
| #define HAVE_SYS_TYPES_H 1
| #define HAVE_SYS_STAT_H 1
| #define HAVE_STDLIB_H 1
| #define HAVE_STRING_H 1
| #define HAVE_MEMORY_H 1
| #define HAVE_STRINGS_H 1
| #define HAVE_INTTYPES_H 1
| #define HAVE_STDINT_H 1
| #define HAVE_UNISTD_H 1
| #define HAVE_VPRINTF 1
| #define HAVE_STRDUP 1
| #define HAVE_STRERROR 1
| /* end confdefs.h.  */
| 
| /* Override any GCC internal prototype to avoid an error.
|    Use char because int might match the return type of a GCC
|    builtin and then its argument prototype would still apply.  */
| #ifdef __cplusplus
| extern "C"
| #endif
| char dgesv_ ();
| int
| main ()
| {
| return dgesv_ ();
|   ;
|   return 0;
| }
configure:4181: i686-w64-mingw32-gcc -o conftest.exe -Os -flto -fno-stack-protector -Wno-parentheses-equality -Wno-unused-variable  -fdollars-in-identifiers -flto -shared -static-libgcc conftest.c -shared -Wl,-Bstatic -llapack -lblas -Wl,-Bdynamic -lm -lpthread  -Wl,--no-undefined >&5
/usr/bin/i686-w64-mingw32-ld: cannot find -llapack
/usr/bin/i686-w64-mingw32-ld: cannot find -lblas
collect2: error: ld returned 1 exit status
configure:4181: $? = 1
configure: failed program was:
| /* confdefs.h */
| #define PACKAGE_NAME "OpenModelica Exported FMU"
| #define PACKAGE_TARNAME "openmodelica"
| #define PACKAGE_VERSION "dev"
| #define PACKAGE_STRING "OpenModelica Exported FMU dev"
| #define PACKAGE_BUGREPORT "https://trac.openmodelica.org/OpenModelica"
| #define PACKAGE_URL "https://openmodelica.org"
| #define HAVE_SYS_TYPES_H 1
| #define HAVE_SYS_STAT_H 1
| #define HAVE_STDLIB_H 1
| #define HAVE_STRING_H 1
| #define HAVE_MEMORY_H 1
| #define HAVE_STRINGS_H 1
| #define HAVE_INTTYPES_H 1
| #define HAVE_STDINT_H 1
| #define HAVE_UNISTD_H 1
| #define HAVE_VPRINTF 1
| #define HAVE_STRDUP 1
| #define HAVE_STRERROR 1
| /* end confdefs.h.  */
| 
| /* Override any GCC internal prototype to avoid an error.
|    Use char because int might match the return type of a GCC
|    builtin and then its argument prototype would still apply.  */
| #ifdef __cplusplus
| extern "C"
| #endif
| char dgesv_ ();
| int
| main ()
| {
| return dgesv_ ();
|   ;
|   return 0;
| }
configure:4122: i686-w64-mingw32-gcc -o conftest.exe -Os -flto -fno-stack-protector -Wno-parentheses-equality -Wno-unused-variable  -fdollars-in-identifiers -flto -shared -static-libgcc conftest.c -shared -Wl,-Bstatic -llapack -lblas -lm -latlas  -Wl,-Bdynamic  -Wl,--no-undefined >&5
/usr/bin/i686-w64-mingw32-ld: cannot find -llapack
/usr/bin/i686-w64-mingw32-ld: cannot find -lblas
/usr/bin/i686-w64-mingw32-ld: cannot find -latlas
collect2: error: ld returned 1 exit status
configure:4122: $? = 1
configure: failed program was:
| /* confdefs.h */
| #define PACKAGE_NAME "OpenModelica Exported FMU"
| #define PACKAGE_TARNAME "openmodelica"
| #define PACKAGE_VERSION "dev"
| #define PACKAGE_STRING "OpenModelica Exported FMU dev"
| #define PACKAGE_BUGREPORT "https://trac.openmodelica.org/OpenModelica"
| #define PACKAGE_URL "https://openmodelica.org"
| #define HAVE_SYS_TYPES_H 1
| #define HAVE_SYS_STAT_H 1
| #define HAVE_STDLIB_H 1
| #define HAVE_STRING_H 1
| #define HAVE_MEMORY_H 1
| #define HAVE_STRINGS_H 1
| #define HAVE_INTTYPES_H 1
| #define HAVE_STDINT_H 1
| #define HAVE_UNISTD_H 1
| #define HAVE_VPRINTF 1
| #define HAVE_STRDUP 1
| #define HAVE_STRERROR 1
| /* end confdefs.h.  */
| 
| /* Override any GCC internal prototype to avoid an error.
|    Use char because int might match the return type of a GCC
|    builtin and then its argument prototype would still apply.  */
| #ifdef __cplusplus
| extern "C"
| #endif
| char dgesv_ ();
| int
| main ()
| {
| return dgesv_ ();
|   ;
|   return 0;
| }
configure:4122: i686-w64-mingw32-gcc -o conftest.exe -Os -flto -fno-stack-protector -Wno-parentheses-equality -Wno-unused-variable  -fdollars-in-identifiers -flto -shared -static-libgcc conftest.c -shared -Wl,-Bstatic -llapack -lblas -lm -latlas -lgfortran -Wl,-Bdynamic  -Wl,--no-undefined >&5
/usr/bin/i686-w64-mingw32-ld: cannot find -llapack
/usr/bin/i686-w64-mingw32-ld: cannot find -lblas
/usr/bin/i686-w64-mingw32-ld: cannot find -latlas
collect2: error: ld returned 1 exit status
configure:4122: $? = 1
configure: failed program was:
| /* confdefs.h */
| #define PACKAGE_NAME "OpenModelica Exported FMU"
| #define PACKAGE_TARNAME "openmodelica"
| #define PACKAGE_VERSION "dev"
| #define PACKAGE_STRING "OpenModelica Exported FMU dev"
| #define PACKAGE_BUGREPORT "https://trac.openmodelica.org/OpenModelica"
| #define PACKAGE_URL "https://openmodelica.org"
| #define HAVE_SYS_TYPES_H 1
| #define HAVE_SYS_STAT_H 1
| #define HAVE_STDLIB_H 1
| #define HAVE_STRING_H 1
| #define HAVE_MEMORY_H 1
| #define HAVE_STRINGS_H 1
| #define HAVE_INTTYPES_H 1
| #define HAVE_STDINT_H 1
| #define HAVE_UNISTD_H 1
| #define HAVE_VPRINTF 1
| #define HAVE_STRDUP 1
| #define HAVE_STRERROR 1
| /* end confdefs.h.  */
| 
| /* Override any GCC internal prototype to avoid an error.
|    Use char because int might match the return type of a GCC
|    builtin and then its argument prototype would still apply.  */
| #ifdef __cplusplus
| extern "C"
| #endif
| char dgesv_ ();
| int
| main ()
| {
| return dgesv_ ();
|   ;
|   return 0;
| }
configure:4122: i686-w64-mingw32-gcc -o conftest.exe -Os -flto -fno-stack-protector -Wno-parentheses-equality -Wno-unused-variable  -fdollars-in-identifiers -flto -shared -static-libgcc conftest.c -shared -Wl,-Bstatic -llapack -lblas -lm -latlas -lgfortran -lquadmath -Wl,-Bdynamic  -Wl,--no-undefined >&5
/usr/bin/i686-w64-mingw32-ld: cannot find -llapack
/usr/bin/i686-w64-mingw32-ld: cannot find -lblas
/usr/bin/i686-w64-mingw32-ld: cannot find -latlas
collect2: error: ld returned 1 exit status
configure:4122: $? = 1
configure: failed program was:
| /* confdefs.h */
| #define PACKAGE_NAME "OpenModelica Exported FMU"
| #define PACKAGE_TARNAME "openmodelica"
| #define PACKAGE_VERSION "dev"
| #define PACKAGE_STRING "OpenModelica Exported FMU dev"
| #define PACKAGE_BUGREPORT "https://trac.openmodelica.org/OpenModelica"
| #define PACKAGE_URL "https://openmodelica.org"
| #define HAVE_SYS_TYPES_H 1
| #define HAVE_SYS_STAT_H 1
| #define HAVE_STDLIB_H 1
| #define HAVE_STRING_H 1
| #define HAVE_MEMORY_H 1
| #define HAVE_STRINGS_H 1
| #define HAVE_INTTYPES_H 1
| #define HAVE_STDINT_H 1
| #define HAVE_UNISTD_H 1
| #define HAVE_VPRINTF 1
| #define HAVE_STRDUP 1
| #define HAVE_STRERROR 1
| /* end confdefs.h.  */
| 
| /* Override any GCC internal prototype to avoid an error.
|    Use char because int might match the return type of a GCC
|    builtin and then its argument prototype would still apply.  */
| #ifdef __cplusplus
| extern "C"
| #endif
| char dgesv_ ();
| int
| main ()
| {
| return dgesv_ ();
|   ;
|   return 0;
| }
configure:4181: i686-w64-mingw32-gcc -o conftest.exe -Os -flto -fno-stack-protector -Wno-parentheses-equality -Wno-unused-variable  -fdollars-in-identifiers -flto -shared -static-libgcc conftest.c -shared -Wl,-Bstatic -llapack -lblas -lm -latlas -Wl,-Bdynamic -lm  -Wl,--no-undefined >&5
/usr/bin/i686-w64-mingw32-ld: cannot find -llapack
/usr/bin/i686-w64-mingw32-ld: cannot find -lblas
/usr/bin/i686-w64-mingw32-ld: cannot find -latlas
collect2: error: ld returned 1 exit status
configure:4181: $? = 1
configure: failed program was:
| /* confdefs.h */
| #define PACKAGE_NAME "OpenModelica Exported FMU"
| #define PACKAGE_TARNAME "openmodelica"
| #define PACKAGE_VERSION "dev"
| #define PACKAGE_STRING "OpenModelica Exported FMU dev"
| #define PACKAGE_BUGREPORT "https://trac.openmodelica.org/OpenModelica"
| #define PACKAGE_URL "https://openmodelica.org"
| #define HAVE_SYS_TYPES_H 1
| #define HAVE_SYS_STAT_H 1
| #define HAVE_STDLIB_H 1
| #define HAVE_STRING_H 1
| #define HAVE_MEMORY_H 1
| #define HAVE_STRINGS_H 1
| #define HAVE_INTTYPES_H 1
| #define HAVE_STDINT_H 1
| #define HAVE_UNISTD_H 1
| #define HAVE_VPRINTF 1
| #define HAVE_STRDUP 1
| #define HAVE_STRERROR 1
| /* end confdefs.h.  */
| 
| /* Override any GCC internal prototype to avoid an error.
|    Use char because int might match the return type of a GCC
|    builtin and then its argument prototype would still apply.  */
| #ifdef __cplusplus
| extern "C"
| #endif
| char dgesv_ ();
| int
| main ()
| {
| return dgesv_ ();
|   ;
|   return 0;
| }
configure:4181: i686-w64-mingw32-gcc -o conftest.exe -Os -flto -fno-stack-protector -Wno-parentheses-equality -Wno-unused-variable  -fdollars-in-identifiers -flto -shared -static-libgcc conftest.c -shared -Wl,-Bstatic -llapack -lblas -lm -latlas -Wl,-Bdynamic -lpthread  -Wl,--no-undefined >&5
/usr/bin/i686-w64-mingw32-ld: cannot find -llapack
/usr/bin/i686-w64-mingw32-ld: cannot find -lblas
/usr/bin/i686-w64-mingw32-ld: cannot find -latlas
collect2: error: ld returned 1 exit status
configure:4181: $? = 1
configure: failed program was:
| /* confdefs.h */
| #define PACKAGE_NAME "OpenModelica Exported FMU"
| #define PACKAGE_TARNAME "openmodelica"
| #define PACKAGE_VERSION "dev"
| #define PACKAGE_STRING "OpenModelica Exported FMU dev"
| #define PACKAGE_BUGREPORT "https://trac.openmodelica.org/OpenModelica"
| #define PACKAGE_URL "https://openmodelica.org"
| #define HAVE_SYS_TYPES_H 1
| #define HAVE_SYS_STAT_H 1
| #define HAVE_STDLIB_H 1
| #define HAVE_STRING_H 1
| #define HAVE_MEMORY_H 1
| #define HAVE_STRINGS_H 1
| #define HAVE_INTTYPES_H 1
| #define HAVE_STDINT_H 1
| #define HAVE_UNISTD_H 1
| #define HAVE_VPRINTF 1
| #define HAVE_STRDUP 1
| #define HAVE_STRERROR 1
| /* end confdefs.h.  */
| 
| /* Override any GCC internal prototype to avoid an error.
|    Use char because int might match the return type of a GCC
|    builtin and then its argument prototype would still apply.  */
| #ifdef __cplusplus
| extern "C"
| #endif
| char dgesv_ ();
| int
| main ()
| {
| return dgesv_ ();
|   ;
|   return 0;
| }
configure:4181: i686-w64-mingw32-gcc -o conftest.exe -Os -flto -fno-stack-protector -Wno-parentheses-equality -Wno-unused-variable  -fdollars-in-identifiers -flto -shared -static-libgcc conftest.c -shared -Wl,-Bstatic -llapack -lblas -lm -latlas -Wl,-Bdynamic -lm -lpthread  -Wl,--no-undefined >&5
/usr/bin/i686-w64-mingw32-ld: cannot find -llapack
/usr/bin/i686-w64-mingw32-ld: cannot find -lblas
/usr/bin/i686-w64-mingw32-ld: cannot find -latlas
collect2: error: ld returned 1 exit status
configure:4181: $? = 1
configure: failed program was:
| /* confdefs.h */
| #define PACKAGE_NAME "OpenModelica Exported FMU"
| #define PACKAGE_TARNAME "openmodelica"
| #define PACKAGE_VERSION "dev"
| #define PACKAGE_STRING "OpenModelica Exported FMU dev"
| #define PACKAGE_BUGREPORT "https://trac.openmodelica.org/OpenModelica"
| #define PACKAGE_URL "https://openmodelica.org"
| #define HAVE_SYS_TYPES_H 1
| #define HAVE_SYS_STAT_H 1
| #define HAVE_STDLIB_H 1
| #define HAVE_STRING_H 1
| #define HAVE_MEMORY_H 1
| #define HAVE_STRINGS_H 1
| #define HAVE_INTTYPES_H 1
| #define HAVE_STDINT_H 1
| #define HAVE_UNISTD_H 1
| #define HAVE_VPRINTF 1
| #define HAVE_STRDUP 1
| #define HAVE_STRERROR 1
| /* end confdefs.h.  */
| 
| /* Override any GCC internal prototype to avoid an error.
|    Use char because int might match the return type of a GCC
|    builtin and then its argument prototype would still apply.  */
| #ifdef __cplusplus
| extern "C"
| #endif
| char dgesv_ ();
| int
| main ()
| {
| return dgesv_ ();
|   ;
|   return 0;
| }
configure:4223: result: not found
configure:4313: checking for static pthreads
configure:4341: i686-w64-mingw32-gcc -o conftest.exe -Os -flto -fno-stack-protector -Wno-parentheses-equality -Wno-unused-variable  -fdollars-in-identifiers -flto -shared -static-libgcc conftest.c  -Wl,-Bstatic -lpthread -Wl,-Bdynamic -shared >&5
configure:4341: $? = 0
configure:4342: result: OK (static)
configure:4411: checking for cos in -lm
configure:4436: i686-w64-mingw32-gcc -o conftest.exe -Os -flto -fno-stack-protector -Wno-parentheses-equality -Wno-unused-variable  -fdollars-in-identifiers -flto -shared -static-libgcc conftest.c -lm   -Wl,-Bstatic -lpthread -Wl,-Bdynamic >&5
conftest.c:28:6: warning: conflicting types for built-in function 'cos' [enabled by default]
 char cos ();
      ^
cc1: warning: unrecognized command line option "-Wno-parentheses-equality" [enabled by default]
configure:4436: $? = 0
configure:4445: result: yes
configure:4459: checking for filesystem access
configure:4472: i686-w64-mingw32-gcc -o conftest.exe -Os -flto -fno-stack-protector -Wno-parentheses-equality -Wno-unused-variable  -fdollars-in-identifiers -flto -shared -static-libgcc conftest.c -lm  -Wl,-Bstatic -lpthread -Wl,-Bdynamic >&5
configure:4472: $? = 0
configure:4473: result: OK
configure:4678: creating ./config.status

## ---------------------- ##
## Running config.status. ##
## ---------------------- ##

This file was extended by OpenModelica Exported FMU config.status dev, which was
generated by GNU Autoconf 2.69.  Invocation command line was

  CONFIG_FILES    = 
  CONFIG_HEADERS  = 
  CONFIG_LINKS    = 
  CONFIG_COMMANDS = 
  $ ./config.status 

on test

config.status:745: creating Makefile

## ---------------- ##
## Cache variables. ##
## ---------------- ##

ac_cv_build=x86_64-unknown-linux-gnu
ac_cv_c_compiler_gnu=yes
ac_cv_c_const=yes
ac_cv_env_CC_set=
ac_cv_env_CC_value=
ac_cv_env_CFLAGS_set=set
ac_cv_env_CFLAGS_value='-Os -flto'
ac_cv_env_CPPFLAGS_set=
ac_cv_env_CPPFLAGS_value=
ac_cv_env_CPP_set=
ac_cv_env_CPP_value=
ac_cv_env_LDFLAGS_set=set
ac_cv_env_LDFLAGS_value=-flto
ac_cv_env_LIBS_set=
ac_cv_env_LIBS_value=
ac_cv_env_build_alias_set=
ac_cv_env_build_alias_value=
ac_cv_env_host_alias_set=set
ac_cv_env_host_alias_value=i686-w64-mingw32
ac_cv_env_target_alias_set=
ac_cv_env_target_alias_value=
ac_cv_exeext=.exe
ac_cv_func__doprnt=no
ac_cv_func_strdup=yes
ac_cv_func_strerror=yes
ac_cv_func_vprintf=yes
ac_cv_header_inttypes_h=yes
ac_cv_header_memory_h=yes
ac_cv_header_stdc=no
ac_cv_header_stdint_h=yes
ac_cv_header_stdlib_h=yes
ac_cv_header_string_h=yes
ac_cv_header_strings_h=yes
ac_cv_header_sys_stat_h=yes
ac_cv_header_sys_types_h=yes
ac_cv_header_unistd_h=yes
ac_cv_host=i686-w64-mingw32
ac_cv_lib_m_cos=yes
ac_cv_objext=o
ac_cv_path_EGREP='/bin/grep -E'
ac_cv_path_GREP=/bin/grep
ac_cv_prog_CC=i686-w64-mingw32-gcc
ac_cv_prog_CPP='i686-w64-mingw32-gcc -E'
ac_cv_prog_cc_c89=
ac_cv_prog_cc_g=yes
ac_cv_prog_make_make_set=yes
ac_cv_target=i686-w64-mingw32
ac_cv_type_size_t=yes

## ----------------- ##
## Output variables. ##
## ----------------- ##

AR=''
CC='i686-w64-mingw32-gcc'
CFLAGS='-Os -flto -fno-stack-protector -Wno-parentheses-equality -Wno-unused-variable'
CPP='i686-w64-mingw32-gcc -E'
CPPFLAGS=' -fdollars-in-identifiers -DOMC_MINIMAL_RUNTIME=1 -DCMINPACK_NO_DLL=1'
DEFS='-DPACKAGE_NAME=\"OpenModelica\ Exported\ FMU\" -DPACKAGE_TARNAME=\"openmodelica\" -DPACKAGE_VERSION=\"dev\" -DPACKAGE_STRING=\"OpenModelica\ Exported\ FMU\ dev\" -DPACKAGE_BUGREPORT=\"https://trac.openmodelica.org/OpenModelica\" -DPACKAGE_URL=\"https://openmodelica.org\" -DHAVE_SYS_TYPES_H=1 -DHAVE_SYS_STAT_H=1 -DHAVE_STDLIB_H=1 -DHAVE_STRING_H=1 -DHAVE_MEMORY_H=1 -DHAVE_STRINGS_H=1 -DHAVE_INTTYPES_H=1 -DHAVE_STDINT_H=1 -DHAVE_UNISTD_H=1 -DHAVE_VPRINTF=1 -DHAVE_STRDUP=1 -DHAVE_STRERROR=1 -DHAVE_LIBM=1'
DLLEXT='.dll'
ECHO_C=''
ECHO_N='-n'
ECHO_T=''
EGREP='/bin/grep -E'
EXEEXT='.exe'
FMIPLATFORM='win32'
GREP='/bin/grep'
LDFLAGS='-flto -shared -static-libgcc'
LIBOBJS=''
LIBS='-lm  -Wl,-Bstatic -lpthread -Wl,-Bdynamic'
LIBTYPE_DYNAMIC='1'
LIBTYPE_STATIC='0'
LTLIBOBJS=''
NEED_DGESV='1'
NEED_RUNTIME='1'
OBJEXT='o'
PACKAGE_BUGREPORT='https://trac.openmodelica.org/OpenModelica'
PACKAGE_NAME='OpenModelica Exported FMU'
PACKAGE_STRING='OpenModelica Exported FMU dev'
PACKAGE_TARNAME='openmodelica'
PACKAGE_URL='https://openmodelica.org'
PACKAGE_VERSION='dev'
PATH_SEPARATOR=':'
SET_MAKE=''
SHELL='/bin/bash'
ac_ct_CC=''
bindir='${exec_prefix}/bin'
build='x86_64-unknown-linux-gnu'
build_alias=''
build_cpu='x86_64'
build_os='linux-gnu'
build_vendor='unknown'
datadir='${datarootdir}'
datarootdir='${prefix}/share'
docdir='${datarootdir}/doc/${PACKAGE_TARNAME}'
dvidir='${docdir}'
exec_prefix='${prefix}'
host='i686-w64-mingw32'
host_alias='i686-w64-mingw32'
host_cpu='i686'
host_os='mingw32'
host_vendor='w64'
htmldir='${docdir}'
includedir='${prefix}/include'
infodir='${datarootdir}/info'
libdir='${exec_prefix}/lib'
libexecdir='${exec_prefix}/libexec'
localedir='${datarootdir}/locale'
localstatedir='${prefix}/var'
mandir='${datarootdir}/man'
oldincludedir='/usr/include'
pdfdir='${docdir}'
prefix='/usr/local'
program_transform_name='s,x,x,'
psdir='${docdir}'
sbindir='${exec_prefix}/sbin'
sharedstatedir='${prefix}/com'
sysconfdir='${prefix}/etc'
target='i686-w64-mingw32'
target_alias=''
target_cpu='i686'
target_os='mingw32'
target_vendor='w64'

## ----------- ##
## confdefs.h. ##
## ----------- ##

/* confdefs.h */
#define PACKAGE_NAME "OpenModelica Exported FMU"
#define PACKAGE_TARNAME "openmodelica"
#define PACKAGE_VERSION "dev"
#define PACKAGE_STRING "OpenModelica Exported FMU dev"
#define PACKAGE_BUGREPORT "https://trac.openmodelica.org/OpenModelica"
#define PACKAGE_URL "https://openmodelica.org"
#define HAVE_SYS_TYPES_H 1
#define HAVE_SYS_STAT_H 1
#define HAVE_STDLIB_H 1
#define HAVE_STRING_H 1
#define HAVE_MEMORY_H 1
#define HAVE_STRINGS_H 1
#define HAVE_INTTYPES_H 1
#define HAVE_STDINT_H 1
#define HAVE_UNISTD_H 1
#define HAVE_VPRINTF 1
#define HAVE_STRDUP 1
#define HAVE_STRERROR 1
#define HAVE_LIBM 1

configure: exit 0
